#
# There is insufficient memory for the Java Runtime Environment to continue.
# Native memory allocation (malloc) failed to allocate 807136 bytes for Chunk::new
# Possible reasons:
#   The system is out of physical RAM or swap space
#   The process is running with CompressedOops enabled, and the Java Heap may be blocking the growth of the native heap
# Possible solutions:
#   Reduce memory load on the system
#   Increase physical memory or swap space
#   Check if swap backing store is full
#   Decrease Java heap size (-Xmx/-Xms)
#   Decrease number of Java threads
#   Decrease Java thread stack sizes (-Xss)
#   Set larger code cache with -XX:ReservedCodeCacheSize=
#   JVM is running with Unscaled Compressed Oops mode in which the Java heap is
#     placed in the first 4GB address space. The Java Heap base address is the
#     maximum limit for the native heap growth. Please use -XX:HeapBaseMinAddress
#     to set the Java Heap base and to place the Java Heap above 4GB virtual address.
# This output file may be truncated or incomplete.
#
#  Out of Memory Error (allocation.cpp:389), pid=5736, tid=0x00000000000025a4
#
# JRE version: OpenJDK Runtime Environment (8.0_202-b03) (build 1.8.0_202-release-1483-b03)
# Java VM: OpenJDK 64-Bit Server VM (25.202-b03 mixed mode windows-amd64 compressed oops)
# Failed to write core dump. Minidumps are not enabled by default on client versions of Windows
#

---------------  T H R E A D  ---------------

Current thread (0x0000000019fcb800):  JavaThread "C2 CompilerThread1" daemon [_thread_in_native, id=9636, stack(0x000000001a9a0000,0x000000001aaa0000)]

Stack: [0x000000001a9a0000,0x000000001aaa0000]
[error occurred during error reporting (printing stack bounds), id 0xc0000005]

Native frames: (J=compiled Java code, j=interpreted, Vv=VM code, C=native code)


Current CompileTask:
C2:  12802 8618   !   4       java.io.ObjectOutputStream::writeObject0 (619 bytes)


---------------  P R O C E S S  ---------------

Java Threads: ( => current thread )
  0x000000001fe16800 JavaThread "pool-2-thread-1" [_thread_blocked, id=15252, stack(0x0000000028540000,0x0000000028640000)]
  0x000000001fe15000 JavaThread "WorkerExecutor Queue" [_thread_in_native, id=14672, stack(0x0000000028440000,0x0000000028540000)]
  0x000000001fe0c800 JavaThread "Cache worker for execution history cache (C:\Users\kozyr\Diser 111111\Diser 9.7.0\.gradle\5.4.1\executionHistory)" [_thread_blocked, id=13296, stack(0x0000000028140000,0x0000000028240000)]
  0x000000001fe11800 JavaThread "Execution worker for ':' Thread 7" [_thread_in_native, id=14968, stack(0x0000000027e40000,0x0000000027f40000)]
  0x000000001fe0f000 JavaThread "Execution worker for ':' Thread 6" [_thread_blocked, id=16012, stack(0x0000000027d40000,0x0000000027e40000)]
  0x000000001fe10000 JavaThread "Execution worker for ':' Thread 5" [_thread_blocked, id=5280, stack(0x0000000027c40000,0x0000000027d40000)]
  0x000000001fe09800 JavaThread "Execution worker for ':' Thread 4" [_thread_in_native, id=14008, stack(0x0000000026b10000,0x0000000026c10000)]
  0x000000001fe10800 JavaThread "Execution worker for ':' Thread 3" [_thread_in_native, id=4064, stack(0x0000000026a10000,0x0000000026b10000)]
  0x000000001fe0a800 JavaThread "Execution worker for ':' Thread 2" [_thread_in_native, id=16780, stack(0x0000000026910000,0x0000000026a10000)]
  0x000000001e1a6800 JavaThread "Execution worker for ':'" [_thread_blocked, id=15760, stack(0x0000000026810000,0x0000000026910000)]
  0x000000001e1a8000 JavaThread "Cache worker for file content cache (C:\Users\kozyr\Diser 111111\Diser 9.7.0\.gradle\5.4.1\fileContent)" [_thread_blocked, id=8892, stack(0x0000000025d60000,0x0000000025e60000)]
  0x000000001e1a9000 JavaThread "Cache worker for file content cache (C:\Users\kozyr\.gradle\caches\5.4.1\fileContent)" [_thread_blocked, id=17292, stack(0x0000000025c60000,0x0000000025d60000)]
  0x000000001e1a7800 JavaThread "Memory manager" [_thread_blocked, id=6556, stack(0x0000000025540000,0x0000000025640000)]
  0x000000001e1a9800 JavaThread "Cache worker for Build Output Cleanup Cache (C:\Users\kozyr\Diser 111111\Diser 9.7.0\.gradle\buildOutputCleanup)" [_thread_blocked, id=12136, stack(0x0000000024c00000,0x0000000024d00000)]
  0x000000001e1a0800 JavaThread "Build operations Thread 8" [_thread_blocked, id=3252, stack(0x0000000024b00000,0x0000000024c00000)]
  0x000000001e19f000 JavaThread "Build operations Thread 7" [_thread_blocked, id=11148, stack(0x0000000024a00000,0x0000000024b00000)]
  0x000000001e1a5000 JavaThread "Build operations Thread 6" [_thread_blocked, id=5060, stack(0x0000000024900000,0x0000000024a00000)]
  0x000000001e19d800 JavaThread "Build operations Thread 5" [_thread_blocked, id=18248, stack(0x0000000024800000,0x0000000024900000)]
  0x000000001e1a4000 JavaThread "Build operations Thread 4" [_thread_blocked, id=5496, stack(0x0000000024700000,0x0000000024800000)]
  0x000000001e19f800 JavaThread "Build operations Thread 3" [_thread_blocked, id=14124, stack(0x0000000024600000,0x0000000024700000)]
  0x000000001e19c800 JavaThread "Build operations Thread 2" [_thread_blocked, id=9812, stack(0x0000000024500000,0x0000000024600000)]
  0x000000001e1a3800 JavaThread "Build operations" [_thread_blocked, id=17340, stack(0x0000000023f40000,0x0000000024040000)]
  0x000000001e1a1000 JavaThread "Cache worker for execution history cache (C:\Users\kozyr\.gradle\caches\5.4.1\executionHistory)" [_thread_blocked, id=15104, stack(0x0000000021870000,0x0000000021970000)]
  0x000000001e1a2000 JavaThread "Cache worker for cache directory md-rule (C:\Users\kozyr\.gradle\caches\5.4.1\md-rule)" [_thread_blocked, id=6996, stack(0x0000000022980000,0x0000000022a80000)]
  0x000000001e1a2800 JavaThread "Cache worker for cache directory md-supplier (C:\Users\kozyr\.gradle\caches\5.4.1\md-supplier)" [_thread_blocked, id=3220, stack(0x0000000021770000,0x0000000021870000)]
  0x000000001b6ba000 JavaThread "Cache worker for file hash cache (C:\Users\kozyr\Diser 111111\Diser 9.7.0\.gradle\5.4.1\fileHashes)" [_thread_blocked, id=17568, stack(0x00000000200a0000,0x00000000201a0000)]
  0x000000001b6bf800 JavaThread "Cache worker for journal cache (C:\Users\kozyr\.gradle\caches\journal-1)" [_thread_blocked, id=1336, stack(0x000000001dc00000,0x000000001dd00000)]
  0x000000001b6be800 JavaThread "File lock request listener" [_thread_in_native, id=12700, stack(0x000000001db00000,0x000000001dc00000)]
  0x000000001ba12800 JavaThread "Cache worker for file hash cache (C:\Users\kozyr\.gradle\caches\5.4.1\fileHashes)" [_thread_blocked, id=14804, stack(0x000000001da00000,0x000000001db00000)]
  0x000000001c27a000 JavaThread "Thread-9" [_thread_blocked, id=16280, stack(0x000000001d900000,0x000000001da00000)]
  0x000000001c051000 JavaThread "Stdin handler" [_thread_blocked, id=16612, stack(0x000000001d800000,0x000000001d900000)]
  0x000000001c25d000 JavaThread "Asynchronous log dispatcher for DefaultDaemonConnection: socket connection from /127.0.0.1:53269 to /127.0.0.1:53270" [_thread_blocked, id=4972, stack(0x000000001d600000,0x000000001d700000)]
  0x000000001bda2000 JavaThread "Daemon worker" [_thread_in_Java, id=16580, stack(0x000000001d500000,0x000000001d600000)]
  0x000000001bda1000 JavaThread "Cancel handler" [_thread_blocked, id=12396, stack(0x000000001d400000,0x000000001d500000)]
  0x000000001be86000 JavaThread "Handler for socket connection from /127.0.0.1:53269 to /127.0.0.1:53270" [_thread_in_native, id=14988, stack(0x000000001d100000,0x000000001d200000)]
  0x000000001be84800 JavaThread "Daemon" [_thread_blocked, id=16496, stack(0x000000001d000000,0x000000001d100000)]
  0x000000001bd07000 JavaThread "Daemon periodic checks" [_thread_blocked, id=9852, stack(0x000000001cf00000,0x000000001d000000)]
  0x000000001b36f000 JavaThread "Incoming local TCP Connector on port 53269" [_thread_in_native, id=17848, stack(0x000000001ccb0000,0x000000001cdb0000)]
  0x000000001c079800 JavaThread "Daemon health stats" [_thread_blocked, id=18092, stack(0x000000001c670000,0x000000001c770000)]
  0x000000001a067000 JavaThread "Service Thread" daemon [_thread_blocked, id=9480, stack(0x000000001aca0000,0x000000001ada0000)]
  0x0000000019fdb000 JavaThread "C1 CompilerThread3" daemon [_thread_in_native, id=18000, stack(0x000000001aba0000,0x000000001aca0000)]
  0x0000000019fce800 JavaThread "C2 CompilerThread2" daemon [_thread_in_native, id=16856, stack(0x000000001aaa0000,0x000000001aba0000)]
=>0x0000000019fcb800 JavaThread "C2 CompilerThread1" daemon [_thread_in_native, id=9636, stack(0x000000001a9a0000,0x000000001aaa0000)]
  0x0000000019fc7000 JavaThread "C2 CompilerThread0" daemon [_thread_blocked, id=7700, stack(0x000000001a8a0000,0x000000001a9a0000)]
  0x0000000019fc4000 JavaThread "Attach Listener" daemon [_thread_blocked, id=2804, stack(0x000000001a7a0000,0x000000001a8a0000)]
  0x0000000019fc3000 JavaThread "Signal Dispatcher" daemon [_thread_blocked, id=1540, stack(0x000000001a6a0000,0x000000001a7a0000)]
  0x0000000001c3e000 JavaThread "Finalizer" daemon [_thread_blocked, id=7040, stack(0x000000001a490000,0x000000001a590000)]
  0x00000000181cc800 JavaThread "Reference Handler" daemon [_thread_blocked, id=14172, stack(0x000000001a390000,0x000000001a490000)]
  0x000000000195e800 JavaThread "main" [_thread_blocked, id=12488, stack(0x0000000001a40000,0x0000000001b40000)]

Other Threads:
  0x00000000181c8800 VMThread [stack: 0x0000000019e90000,0x0000000019f90000] [id=12548]
  0x000000001a00a800 WatcherThread [stack: 0x000000001ada0000,0x000000001aea0000] [id=7136]

VM state:not at safepoint (normal execution)

VM Mutex/Monitor currently owned by a thread: None

heap address: 0x0000000080000000, size: 2048 MB, Compressed Oops mode: 32-bit
Narrow klass base: 0x0000000000000000, Narrow klass shift: 3
Compressed class space size: 1073741824 Address: 0x0000000100000000

Heap:
 PSYoungGen      total 145408K, used 68061K [0x00000000d5580000, 0x00000000e1200000, 0x0000000100000000)
  eden space 128000K, 39% used [0x00000000d5580000,0x00000000d86fb628,0x00000000dd280000)
  from space 17408K, 99% used [0x00000000dd280000,0x00000000de37c1b8,0x00000000de380000)
  to   space 24064K, 0% used [0x00000000dfa80000,0x00000000dfa80000,0x00000000e1200000)
 ParOldGen       total 87552K, used 46699K [0x0000000080000000, 0x0000000085580000, 0x00000000d5580000)
  object space 87552K, 53% used [0x0000000080000000,0x0000000082d9ac28,0x0000000085580000)
 Metaspace       used 62686K, capacity 65070K, committed 65408K, reserved 1105920K
  class space    used 8472K, capacity 8991K, committed 9088K, reserved 1048576K

Card table byte_map: [0x00000000127d0000,0x0000000012be0000] byte_map_base: 0x00000000123d0000

Marking Bits: (ParMarkBitMap*) 0x0000000075629f30
 Begin Bits: [0x00000000133e0000, 0x00000000153e0000)
 End Bits:   [0x00000000153e0000, 0x00000000173e0000)

Polling page: 0x0000000000df0000

CodeCache: size=245760Kb used=25287Kb max_used=25294Kb free=220472Kb
 bounds [0x0000000003410000, 0x0000000004ce0000, 0x0000000012410000]
 total_blobs=8478 nmethods=7679 adapters=711
 compilation: enabled

Compilation events (10 events):
Event: 12.790 Thread 0x0000000019fc7000 nmethod 8695 0x0000000004cbcfd0 code [0x0000000004cbd100, 0x0000000004cbd178]
Event: 12.790 Thread 0x0000000019fc7000 8640       4       java.io.ObjectStreamClass::getFields (22 bytes)
Event: 12.790 Thread 0x0000000019fc7000 nmethod 8640 0x0000000004cd7710 code [0x0000000004cd7840, 0x0000000004cd78b8]
Event: 12.790 Thread 0x0000000019fc7000 8639       4       java.io.ObjectStreamClass::isExternalizable (9 bytes)
Event: 12.791 Thread 0x0000000019fc7000 nmethod 8639 0x0000000004cd7950 code [0x0000000004cd7a80, 0x0000000004cd7af8]
Event: 12.791 Thread 0x0000000019fc7000 8679       4       com.google.common.collect.MapMakerInternalMap::getEntry (23 bytes)
Event: 12.795 Thread 0x0000000019fdb000 8696       3       java.nio.Bits::copyToArray (68 bytes)
Event: 12.795 Thread 0x0000000019fdb000 nmethod 8696 0x0000000004cd6150 code [0x0000000004cd62c0, 0x0000000004cd6628]
Event: 12.799 Thread 0x0000000019fdb000 8697       3       org.gradle.api.internal.artifacts.transform.TransformationSubject$InitialArtifactTransformationSubject::getDisplayName (28 bytes)
Event: 12.800 Thread 0x0000000019fdb000 nmethod 8697 0x0000000004cd54d0 code [0x0000000004cd56a0, 0x0000000004cd5e78]

GC Heap History (10 events):
Event: 7.129 GC heap before
{Heap before GC invocations=14 (full 2):
 PSYoungGen      total 101888K, used 101861K [0x00000000d5580000, 0x00000000ddc00000, 0x0000000100000000)
  eden space 89088K, 100% used [0x00000000d5580000,0x00000000dac80000,0x00000000dac80000)
  from space 12800K, 99% used [0x00000000dac80000,0x00000000db8f9788,0x00000000db900000)
  to   space 14848K, 0% used [0x00000000dcd80000,0x00000000dcd80000,0x00000000ddc00000)
 ParOldGen       total 87552K, used 19097K [0x0000000080000000, 0x0000000085580000, 0x00000000d5580000)
  object space 87552K, 21% used [0x0000000080000000,0x00000000812a64d8,0x0000000085580000)
 Metaspace       used 54173K, capacity 55642K, committed 55936K, reserved 1097728K
  class space    used 7332K, capacity 7769K, committed 7808K, reserved 1048576K
Event: 7.148 GC heap after
Heap after GC invocations=14 (full 2):
 PSYoungGen      total 119296K, used 14846K [0x00000000d5580000, 0x00000000de980000, 0x0000000100000000)
  eden space 104448K, 0% used [0x00000000d5580000,0x00000000d5580000,0x00000000dbb80000)
  from space 14848K, 99% used [0x00000000dcd80000,0x00000000ddbff898,0x00000000ddc00000)
  to   space 18432K, 0% used [0x00000000dbb80000,0x00000000dbb80000,0x00000000dcd80000)
 ParOldGen       total 87552K, used 23568K [0x0000000080000000, 0x0000000085580000, 0x00000000d5580000)
  object space 87552K, 26% used [0x0000000080000000,0x0000000081704280,0x0000000085580000)
 Metaspace       used 54173K, capacity 55642K, committed 55936K, reserved 1097728K
  class space    used 7332K, capacity 7769K, committed 7808K, reserved 1048576K
}
Event: 7.862 GC heap before
{Heap before GC invocations=15 (full 2):
 PSYoungGen      total 119296K, used 68802K [0x00000000d5580000, 0x00000000de980000, 0x0000000100000000)
  eden space 104448K, 51% used [0x00000000d5580000,0x00000000d8a312c8,0x00000000dbb80000)
  from space 14848K, 99% used [0x00000000dcd80000,0x00000000ddbff898,0x00000000ddc00000)
  to   space 18432K, 0% used [0x00000000dbb80000,0x00000000dbb80000,0x00000000dcd80000)
 ParOldGen       total 87552K, used 23568K [0x0000000080000000, 0x0000000085580000, 0x00000000d5580000)
  object space 87552K, 26% used [0x0000000080000000,0x0000000081704280,0x0000000085580000)
 Metaspace       used 57515K, capacity 59074K, committed 59160K, reserved 1099776K
  class space    used 7806K, capacity 8261K, committed 8320K, reserved 1048576K
Event: 7.875 GC heap after
Heap after GC invocations=15 (full 2):
 PSYoungGen      total 122880K, used 5219K [0x00000000d5580000, 0x00000000dfc00000, 0x0000000100000000)
  eden space 104448K, 0% used [0x00000000d5580000,0x00000000d5580000,0x00000000dbb80000)
  from space 18432K, 28% used [0x00000000dbb80000,0x00000000dc098f08,0x00000000dcd80000)
  to   space 17920K, 0% used [0x00000000dea80000,0x00000000dea80000,0x00000000dfc00000)
 ParOldGen       total 87552K, used 33861K [0x0000000080000000, 0x0000000085580000, 0x00000000d5580000)
  object space 87552K, 38% used [0x0000000080000000,0x0000000082111498,0x0000000085580000)
 Metaspace       used 57515K, capacity 59074K, committed 59160K, reserved 1099776K
  class space    used 7806K, capacity 8261K, committed 8320K, reserved 1048576K
}
Event: 7.875 GC heap before
{Heap before GC invocations=16 (full 3):
 PSYoungGen      total 122880K, used 5219K [0x00000000d5580000, 0x00000000dfc00000, 0x0000000100000000)
  eden space 104448K, 0% used [0x00000000d5580000,0x00000000d5580000,0x00000000dbb80000)
  from space 18432K, 28% used [0x00000000dbb80000,0x00000000dc098f08,0x00000000dcd80000)
  to   space 17920K, 0% used [0x00000000dea80000,0x00000000dea80000,0x00000000dfc00000)
 ParOldGen       total 87552K, used 33861K [0x0000000080000000, 0x0000000085580000, 0x00000000d5580000)
  object space 87552K, 38% used [0x0000000080000000,0x0000000082111498,0x0000000085580000)
 Metaspace       used 57515K, capacity 59074K, committed 59160K, reserved 1099776K
  class space    used 7806K, capacity 8261K, committed 8320K, reserved 1048576K
Event: 8.094 GC heap after
Heap after GC invocations=16 (full 3):
 PSYoungGen      total 122880K, used 0K [0x00000000d5580000, 0x00000000dfc00000, 0x0000000100000000)
  eden space 104448K, 0% used [0x00000000d5580000,0x00000000d5580000,0x00000000dbb80000)
  from space 18432K, 0% used [0x00000000dbb80000,0x00000000dbb80000,0x00000000dcd80000)
  to   space 17920K, 0% used [0x00000000dea80000,0x00000000dea80000,0x00000000dfc00000)
 ParOldGen       total 87552K, used 34721K [0x0000000080000000, 0x0000000085580000, 0x00000000d5580000)
  object space 87552K, 39% used [0x0000000080000000,0x00000000821e87a8,0x0000000085580000)
 Metaspace       used 57515K, capacity 59074K, committed 59160K, reserved 1099776K
  class space    used 7806K, capacity 8261K, committed 8320K, reserved 1048576K
}
Event: 9.633 GC heap before
{Heap before GC invocations=17 (full 3):
 PSYoungGen      total 122880K, used 104448K [0x00000000d5580000, 0x00000000dfc00000, 0x0000000100000000)
  eden space 104448K, 100% used [0x00000000d5580000,0x00000000dbb80000,0x00000000dbb80000)
  from space 18432K, 0% used [0x00000000dbb80000,0x00000000dbb80000,0x00000000dcd80000)
  to   space 17920K, 0% used [0x00000000dea80000,0x00000000dea80000,0x00000000dfc00000)
 ParOldGen       total 87552K, used 34721K [0x0000000080000000, 0x0000000085580000, 0x00000000d5580000)
  object space 87552K, 39% used [0x0000000080000000,0x00000000821e87a8,0x0000000085580000)
 Metaspace       used 59795K, capacity 62062K, committed 62208K, reserved 1103872K
  class space    used 8130K, capacity 8685K, committed 8704K, reserved 1048576K
Event: 9.643 GC heap after
Heap after GC invocations=17 (full 3):
 PSYoungGen      total 133632K, used 10109K [0x00000000d5580000, 0x00000000df480000, 0x0000000100000000)
  eden space 123392K, 0% used [0x00000000d5580000,0x00000000d5580000,0x00000000dce00000)
  from space 10240K, 98% used [0x00000000dea80000,0x00000000df45f408,0x00000000df480000)
  to   space 17408K, 0% used [0x00000000dd280000,0x00000000dd280000,0x00000000de380000)
 ParOldGen       total 87552K, used 34729K [0x0000000080000000, 0x0000000085580000, 0x00000000d5580000)
  object space 87552K, 39% used [0x0000000080000000,0x00000000821ea7a8,0x0000000085580000)
 Metaspace       used 59795K, capacity 62062K, committed 62208K, reserved 1103872K
  class space    used 8130K, capacity 8685K, committed 8704K, reserved 1048576K
}
Event: 12.273 GC heap before
{Heap before GC invocations=18 (full 3):
 PSYoungGen      total 133632K, used 133501K [0x00000000d5580000, 0x00000000df480000, 0x0000000100000000)
  eden space 123392K, 100% used [0x00000000d5580000,0x00000000dce00000,0x00000000dce00000)
  from space 10240K, 98% used [0x00000000dea80000,0x00000000df45f408,0x00000000df480000)
  to   space 17408K, 0% used [0x00000000dd280000,0x00000000dd280000,0x00000000de380000)
 ParOldGen       total 87552K, used 34729K [0x0000000080000000, 0x0000000085580000, 0x00000000d5580000)
  object space 87552K, 39% used [0x0000000080000000,0x00000000821ea7a8,0x0000000085580000)
 Metaspace       used 62106K, capacity 64416K, committed 64640K, reserved 1105920K
  class space    used 8412K, capacity 8978K, committed 9088K, reserved 1048576K
Event: 12.302 GC heap after
Heap after GC invocations=18 (full 3):
 PSYoungGen      total 145408K, used 17392K [0x00000000d5580000, 0x00000000e1200000, 0x0000000100000000)
  eden space 128000K, 0% used [0x00000000d5580000,0x00000000d5580000,0x00000000dd280000)
  from space 17408K, 99% used [0x00000000dd280000,0x00000000de37c1b8,0x00000000de380000)
  to   space 24064K, 0% used [0x00000000dfa80000,0x00000000dfa80000,0x00000000e1200000)
 ParOldGen       total 87552K, used 46699K [0x0000000080000000, 0x0000000085580000, 0x00000000d5580000)
  object space 87552K, 53% used [0x0000000080000000,0x0000000082d9ac28,0x0000000085580000)
 Metaspace       used 62106K, capacity 64416K, committed 64640K, reserved 1105920K
  class space    used 8412K, capacity 8978K, committed 9088K, reserved 1048576K
}

Deoptimization events (10 events):
Event: 12.626 Thread 0x000000001fe10000 Uncommon trap: reason=unstable_if action=reinterpret pc=0x0000000004bc5d9c method=com.android.utils.XmlUtils.toXmlAttributeValue(Ljava/lang/String;)Ljava/lang/String; @ 33
Event: 12.674 Thread 0x000000001fe10000 Uncommon trap: reason=class_check action=maybe_recompile pc=0x00000000048fdc48 method=java.io.ObjectOutputStream$BlockDataOutputStream.drain()V @ 36
Event: 12.674 Thread 0x000000001fe10000 Uncommon trap: reason=class_check action=maybe_recompile pc=0x0000000004a8b8a0 method=java.io.ObjectOutputStream$BlockDataOutputStream.drain()V @ 36
Event: 12.675 Thread 0x000000001fe10000 Uncommon trap: reason=predicate action=maybe_recompile pc=0x00000000049d739c method=java.util.TimSort.binarySort([Ljava/lang/Object;IIILjava/util/Comparator;)V @ 37
Event: 12.675 Thread 0x000000001fe10000 Uncommon trap: reason=class_check action=maybe_recompile pc=0x0000000004a8b8a0 method=java.io.ObjectOutputStream$BlockDataOutputStream.drain()V @ 36
Event: 12.675 Thread 0x000000001fe10000 Uncommon trap: reason=class_check action=maybe_recompile pc=0x00000000048fdc48 method=java.io.ObjectOutputStream$BlockDataOutputStream.drain()V @ 36
Event: 12.675 Thread 0x000000001fe10000 Uncommon trap: reason=unstable_if action=reinterpret pc=0x0000000004a8af0c method=java.io.ObjectStreamClass.writeNonProxy(Ljava/io/ObjectOutputStream;)V @ 53
Event: 12.712 Thread 0x000000001fe10000 Uncommon trap: reason=unstable_if action=reinterpret pc=0x0000000003845c74 method=java.util.TreeMap.put(Ljava/lang/Object;Ljava/lang/Object;)Ljava/lang/Object; @ 163
Event: 12.745 Thread 0x000000001e1a1000 Uncommon trap: reason=unstable_if action=reinterpret pc=0x000000000413e0a4 method=com.google.common.collect.MapMakerInternalMap$Segment.drainKeyReferenceQueue(Ljava/lang/ref/ReferenceQueue;)V @ 8
Event: 12.747 Thread 0x000000001fe10800 Uncommon trap: reason=unstable_if action=reinterpret pc=0x0000000003f46bd0 method=com.google.common.collect.MapMakerInternalMap$Segment.drainKeyReferenceQueue(Ljava/lang/ref/ReferenceQueue;)V @ 8

Classes redefined (0 events):
No events

Internal exceptions (10 events):
Event: 12.228 Thread 0x000000001fe10000 Implicit null exception at 0x0000000003e0fb6f to 0x0000000003e0fc0d
Event: 12.355 Thread 0x000000001fe10000 Implicit null exception at 0x000000000434219a to 0x00000000043421ed
Event: 12.563 Thread 0x000000001fe10000 Implicit null exception at 0x0000000004bd35e5 to 0x0000000004bd3639
Event: 12.564 Thread 0x000000001fe10000 Implicit null exception at 0x0000000004bc8257 to 0x0000000004bc85d9
Event: 12.565 Thread 0x000000001fe10000 Implicit null exception at 0x0000000004bbae74 to 0x0000000004bbb30d
Event: 12.675 Thread 0x000000001fe10000 Exception <a 'java/lang/NoSuchMethodError': <clinit>> (0x00000000d7d08100) thrown at [D:\src\AOSP-openjdk-cygwin\jdk8u\hotspot\src\share\vm\prims\jni.cpp, line 1614]
Event: 12.676 Thread 0x000000001fe10000 Exception <a 'java/lang/NoSuchMethodError': <clinit>> (0x00000000d7d18018) thrown at [D:\src\AOSP-openjdk-cygwin\jdk8u\hotspot\src\share\vm\prims\jni.cpp, line 1614]
Event: 12.679 Thread 0x000000001fe10000 Exception <a 'java/lang/NoSuchMethodError': <clinit>> (0x00000000d7d32070) thrown at [D:\src\AOSP-openjdk-cygwin\jdk8u\hotspot\src\share\vm\prims\jni.cpp, line 1614]
Event: 12.679 Thread 0x000000001fe10000 Exception <a 'java/lang/NoSuchMethodError': <clinit>> (0x00000000d7d36f58) thrown at [D:\src\AOSP-openjdk-cygwin\jdk8u\hotspot\src\share\vm\prims\jni.cpp, line 1614]
Event: 12.681 Thread 0x000000001fe10000 Exception <a 'java/lang/NoSuchMethodError': <clinit>> (0x00000000d7d47878) thrown at [D:\src\AOSP-openjdk-cygwin\jdk8u\hotspot\src\share\vm\prims\jni.cpp, line 1614]

Events (10 events):
Event: 12.795 loading class com/android/builder/internal/aapt/v2/Aapt2DaemonImpl$processOutput$1 done
Event: 12.797 loading class com/android/builder/internal/aapt/v2/Aapt2DaemonManager$LeasableAaptDaemon
Event: 12.797 loading class com/android/builder/internal/aapt/v2/Aapt2DaemonManager$LeasableAaptDaemon done
Event: 12.798 loading class java/util/concurrent/Executors$DelegatedScheduledExecutorService
Event: 12.798 loading class java/util/concurrent/Executors$DelegatedExecutorService
Event: 12.799 loading class java/util/concurrent/Executors$DelegatedExecutorService done
Event: 12.799 loading class java/util/concurrent/Executors$DelegatedScheduledExecutorService done
Event: 12.799 loading class com/android/build/gradle/internal/res/namespaced/Aapt2DaemonManagerMaintainer$firstDaemonStarted$1
Event: 12.799 loading class com/android/build/gradle/internal/res/namespaced/Aapt2DaemonManagerMaintainer$firstDaemonStarted$1 done
Event: 12.800 loading class com/android/build/gradle/internal/res/namespaced/Aapt2DaemonManagerService$sam$java_lang_Runnable$0


Dynamic libraries:
0x00007ff6b75c0000 - 0x00007ff6b75f1000 	D:\Программы\Новая папка\jre\bin\java.exe
0x00007ffba0020000 - 0x00007ffba0210000 	C:\WINDOWS\SYSTEM32\ntdll.dll
0x00007ffb9eaf0000 - 0x00007ffb9eba2000 	C:\WINDOWS\System32\KERNEL32.DLL
0x00007ffb9d100000 - 0x00007ffb9d3a3000 	C:\WINDOWS\System32\KERNELBASE.dll
0x00007ffb9fa80000 - 0x00007ffb9fb23000 	C:\WINDOWS\System32\ADVAPI32.dll
0x00007ffb9ed60000 - 0x00007ffb9edfe000 	C:\WINDOWS\System32\msvcrt.dll
0x00007ffb9ee00000 - 0x00007ffb9ee97000 	C:\WINDOWS\System32\sechost.dll
0x00007ffb9e9d0000 - 0x00007ffb9eaf0000 	C:\WINDOWS\System32\RPCRT4.dll
0x00007ffb9f290000 - 0x00007ffb9f424000 	C:\WINDOWS\System32\USER32.dll
0x00007ffb9e0a0000 - 0x00007ffb9e0c1000 	C:\WINDOWS\System32\win32u.dll
0x00007ffb9f000000 - 0x00007ffb9f026000 	C:\WINDOWS\System32\GDI32.dll
0x00007ffb9de00000 - 0x00007ffb9df94000 	C:\WINDOWS\System32\gdi32full.dll
0x00007ffb9db30000 - 0x00007ffb9dbce000 	C:\WINDOWS\System32\msvcp_win.dll
0x00007ffb9dfa0000 - 0x00007ffb9e09a000 	C:\WINDOWS\System32\ucrtbase.dll
0x00007ffb8c190000 - 0x00007ffb8c415000 	C:\WINDOWS\WinSxS\amd64_microsoft.windows.common-controls_6595b64144ccf1df_6.0.18362.657_none_e6c5b579130e3898\COMCTL32.dll
0x00007ffb9fc30000 - 0x00007ffb9ff66000 	C:\WINDOWS\System32\combase.dll
0x00007ffb9dbf0000 - 0x00007ffb9dc70000 	C:\WINDOWS\System32\bcryptPrimitives.dll
0x00007ffb9fbe0000 - 0x00007ffb9fc0e000 	C:\WINDOWS\System32\IMM32.DLL
0x0000000074ca0000 - 0x0000000074d72000 	D:\Программы\Новая папка\jre\jre\bin\msvcr100.dll
0x0000000074e60000 - 0x00000000756a6000 	D:\Программы\Новая папка\jre\jre\bin\server\jvm.dll
0x00007ffb9f1f0000 - 0x00007ffb9f1f8000 	C:\WINDOWS\System32\PSAPI.DLL
0x00007ffb997b0000 - 0x00007ffb997d4000 	C:\WINDOWS\SYSTEM32\WINMM.dll
0x00007ffb9b9e0000 - 0x00007ffb9b9e9000 	C:\WINDOWS\SYSTEM32\WSOCK32.dll
0x00007ffb9ff70000 - 0x00007ffb9ffdf000 	C:\WINDOWS\System32\WS2_32.dll
0x00007ffb97d50000 - 0x00007ffb97d5a000 	C:\WINDOWS\SYSTEM32\VERSION.dll
0x00007ffb99740000 - 0x00007ffb9976d000 	C:\WINDOWS\SYSTEM32\winmmbase.dll
0x00007ffb9dca0000 - 0x00007ffb9dcea000 	C:\WINDOWS\System32\cfgmgr32.dll
0x00007ffb99830000 - 0x00007ffb9983f000 	D:\Программы\Новая папка\jre\jre\bin\verify.dll
0x00007ffb99800000 - 0x00007ffb99829000 	D:\Программы\Новая папка\jre\jre\bin\java.dll
0x00007ffb984c0000 - 0x00007ffb984d6000 	D:\Программы\Новая папка\jre\jre\bin\zip.dll
0x00007ffb9e2e0000 - 0x00007ffb9e9c5000 	C:\WINDOWS\System32\SHELL32.dll
0x00007ffb9fb30000 - 0x00007ffb9fbd9000 	C:\WINDOWS\System32\shcore.dll
0x00007ffb9d3b0000 - 0x00007ffb9db2f000 	C:\WINDOWS\System32\windows.storage.dll
0x00007ffb9cf70000 - 0x00007ffb9cf8f000 	C:\WINDOWS\System32\profapi.dll
0x00007ffb9cf00000 - 0x00007ffb9cf4a000 	C:\WINDOWS\System32\powrprof.dll
0x00007ffb9cef0000 - 0x00007ffb9cf00000 	C:\WINDOWS\System32\UMPDC.dll
0x00007ffb9e280000 - 0x00007ffb9e2d2000 	C:\WINDOWS\System32\shlwapi.dll
0x00007ffb9cf50000 - 0x00007ffb9cf61000 	C:\WINDOWS\System32\kernel.appcore.dll
0x00007ffb9dbd0000 - 0x00007ffb9dbe7000 	C:\WINDOWS\System32\cryptsp.dll
0x00007ffb96590000 - 0x00007ffb965aa000 	D:\Программы\Новая папка\jre\jre\bin\net.dll
0x00007ffb9c760000 - 0x00007ffb9c7c7000 	C:\WINDOWS\system32\mswsock.dll
0x00007ffb96570000 - 0x00007ffb96581000 	D:\Программы\Новая папка\jre\jre\bin\nio.dll
0x00007ffb71240000 - 0x00007ffb71266000 	C:\Users\kozyr\.gradle\native\29\windows-amd64\native-platform.dll
0x00007ffb98350000 - 0x00007ffb9835d000 	D:\Программы\Новая папка\jre\jre\bin\management.dll
0x00007ffb9c2d0000 - 0x00007ffb9c303000 	C:\WINDOWS\system32\rsaenh.dll
0x00007ffb9dc70000 - 0x00007ffb9dc96000 	C:\WINDOWS\System32\bcrypt.dll
0x00007ffb9cde0000 - 0x00007ffb9ce05000 	C:\WINDOWS\SYSTEM32\USERENV.dll
0x00007ffb9c930000 - 0x00007ffb9c93c000 	C:\WINDOWS\SYSTEM32\CRYPTBASE.dll
0x00007ffb9c470000 - 0x00007ffb9c4aa000 	C:\WINDOWS\SYSTEM32\IPHLPAPI.DLL
0x00007ffb9f280000 - 0x00007ffb9f288000 	C:\WINDOWS\System32\NSI.dll
0x00007ffb8f920000 - 0x00007ffb8f936000 	C:\WINDOWS\SYSTEM32\dhcpcsvc6.DLL
0x00007ffb90c90000 - 0x00007ffb90cac000 	C:\WINDOWS\SYSTEM32\dhcpcsvc.DLL
0x00007ffb9c4b0000 - 0x00007ffb9c57a000 	C:\WINDOWS\SYSTEM32\DNSAPI.dll

VM Arguments:
jvm_args: -Xmx2048m -Dfile.encoding=windows-1251 -Duser.country=RU -Duser.language=ru -Duser.variant 
java_command: org.gradle.launcher.daemon.bootstrap.GradleDaemon 5.4.1
java_class_path (initial): C:\Users\kozyr\.gradle\wrapper\dists\gradle-5.4.1-all\3221gyojl5jsh0helicew7rwx\gradle-5.4.1\lib\gradle-launcher-5.4.1.jar
Launcher Type: SUN_STANDARD

Environment Variables:
PATH=C:\Python27\;C:\Python27\Scripts;C:\Program Files (x86)\Intel\iCLS Client\;C:\Program Files\Intel\iCLS Client\;C:\windows\system32;C:\windows;C:\windows\System32\Wbem;C:\windows\System32\WindowsPowerShell\v1.0\;C:\Program Files (x86)\Intel\Intel(R) Management Engine Components\DAL;C:\Program Files\Intel\Intel(R) Management Engine Components\DAL;C:\Program Files (x86)\Intel\Intel(R) Management Engine Components\IPT;C:\Program Files\Intel\Intel(R) Management Engine Components\IPT;C:\Program Files (x86)\NVIDIA Corporation\PhysX\Common;C:\Program Files\Intel\IntelSGXPSW\bin\x64\Release\;C:\Program Files\Intel\IntelSGXPSW\bin\win32\Release\;C:\Program Files (x86)\Skype\Phone\;C:\WINDOWS\system32;C:\WINDOWS;C:\WINDOWS\System32\Wbem;C:\WINDOWS\System32\WindowsPowerShell\v1.0\;C:\Program Files\Common Files\Autodesk Shared\;C:\Program Files (x86)\Autodesk\Backburner\;C:\Program Files (x86)\GtkSharp\2.12\bin;C:\WINDOWS\System32\OpenSSH\;C:\Program Files\nodejs\;C:\ProgramData\chocolatey\bin;C:\Users\kozyr\AppData\Local\Microsoft\WindowsApps;C:\Users\kozyr\AppData\Roaming\npm
USERNAME=kozyr
OS=Windows_NT
PROCESSOR_IDENTIFIER=Intel64 Family 6 Model 94 Stepping 3, GenuineIntel



---------------  S Y S T E M  ---------------

OS: Windows 10.0 , 64 bit Build 18362 (10.0.18362.329)

CPU:total 8 (initial active 8) (4 cores per cpu, 2 threads per core) family 6 model 94 stepping 3, cmov, cx8, fxsr, mmx, sse, sse2, sse3, ssse3, sse4.1, sse4.2, popcnt, avx, avx2, aes, clmul, erms, rtm, 3dnowpref, lzcnt, ht, tsc, tscinvbit, bmi1, bmi2, adx

Memory: 4k page, physical 8223456k(548076k free), swap 10320608k(5184k free)

vm_info: OpenJDK 64-Bit Server VM (25.202-b03) for windows-amd64 JRE (1.8.0_202-release-1483-b03), built by "builder" with MS VC++ 10.0 (VS2010)

time: Sat Mar 07 00:56:06 2020
timezone: RTZ 2 (зима)
elapsed time: 12 seconds (0d 0h 0m 12s)

