#
# There is insufficient memory for the Java Runtime Environment to continue.
# Native memory allocation (malloc) failed to allocate 32744 bytes for ChunkPool::allocate
# Possible reasons:
#   The system is out of physical RAM or swap space
#   The process is running with CompressedOops enabled, and the Java Heap may be blocking the growth of the native heap
# Possible solutions:
#   Reduce memory load on the system
#   Increase physical memory or swap space
#   Check if swap backing store is full
#   Decrease Java heap size (-Xmx/-Xms)
#   Decrease number of Java threads
#   Decrease Java thread stack sizes (-Xss)
#   Set larger code cache with -XX:ReservedCodeCacheSize=
#   JVM is running with Unscaled Compressed Oops mode in which the Java heap is
#     placed in the first 4GB address space. The Java Heap base address is the
#     maximum limit for the native heap growth. Please use -XX:HeapBaseMinAddress
#     to set the Java Heap base and to place the Java Heap above 4GB virtual address.
# This output file may be truncated or incomplete.
#
#  Out of Memory Error (allocation.cpp:272), pid=8688, tid=0x0000000000002230
#
# JRE version: OpenJDK Runtime Environment (8.0_202-b03) (build 1.8.0_202-release-1483-b03)
# Java VM: OpenJDK 64-Bit Server VM (25.202-b03 mixed mode windows-amd64 compressed oops)
# Failed to write core dump. Minidumps are not enabled by default on client versions of Windows
#

---------------  T H R E A D  ---------------

Current thread (0x0000000019dbc000):  JavaThread "C2 CompilerThread2" daemon [_thread_in_native, id=8752, stack(0x000000001a890000,0x000000001a990000)]

Stack: [0x000000001a890000,0x000000001a990000]
[error occurred during error reporting (printing stack bounds), id 0xc0000005]

Native frames: (J=compiled Java code, j=interpreted, Vv=VM code, C=native code)


Current CompileTask:
C2:   2602 1455   !   4       java.net.URLClassLoader$1::run (63 bytes)


---------------  P R O C E S S  ---------------

Java Threads: ( => current thread )
  0x000000001c1f7800 JavaThread "Cache worker for journal cache (C:\Users\kozyr\.gradle\caches\journal-1)" [_thread_blocked, id=1064, stack(0x000000001e9c0000,0x000000001eac0000)]
  0x000000001c1f9800 JavaThread "File lock request listener" [_thread_in_native, id=6588, stack(0x000000001e8c0000,0x000000001e9c0000)]
  0x000000001c1fc000 JavaThread "Cache worker for file hash cache (C:\Users\kozyr\.gradle\caches\5.4.1\fileHashes)" [_thread_blocked, id=2584, stack(0x000000001e7c0000,0x000000001e8c0000)]
  0x000000001bcc6800 JavaThread "Thread-9" [_thread_blocked, id=1936, stack(0x000000001d6f0000,0x000000001d7f0000)]
  0x000000001bc58000 JavaThread "Stdin handler" [_thread_blocked, id=17096, stack(0x000000001d5f0000,0x000000001d6f0000)]
  0x000000001bcdb000 JavaThread "Asynchronous log dispatcher for DefaultDaemonConnection: socket connection from /127.0.0.1:54173 to /127.0.0.1:54174" [_thread_blocked, id=2700, stack(0x000000001d3f0000,0x000000001d4f0000)]
  0x000000001bcdd000 JavaThread "Daemon worker" [_thread_in_vm, id=12396, stack(0x000000001d2f0000,0x000000001d3f0000)]
  0x000000001bcc7000 JavaThread "Cancel handler" [_thread_blocked, id=15004, stack(0x000000001d1f0000,0x000000001d2f0000)]
  0x000000001af43800 JavaThread "Handler for socket connection from /127.0.0.1:54173 to /127.0.0.1:54174" [_thread_in_native, id=14072, stack(0x000000001cef0000,0x000000001cff0000)]
  0x000000001ae44800 JavaThread "Daemon" [_thread_blocked, id=1736, stack(0x000000001cdf0000,0x000000001cef0000)]
  0x000000001ad53800 JavaThread "Daemon periodic checks" [_thread_blocked, id=3700, stack(0x000000001ccf0000,0x000000001cdf0000)]
  0x000000001ad6e800 JavaThread "Incoming local TCP Connector on port 54173" [_thread_in_native, id=11852, stack(0x000000001caa0000,0x000000001cba0000)]
  0x000000001c06c000 JavaThread "Daemon health stats" [_thread_blocked, id=3712, stack(0x000000001c460000,0x000000001c560000)]
  0x0000000019df9800 JavaThread "Service Thread" daemon [_thread_blocked, id=14748, stack(0x000000001aa90000,0x000000001ab90000)]
  0x0000000019dcc000 JavaThread "C1 CompilerThread3" daemon [_thread_blocked, id=10040, stack(0x000000001a990000,0x000000001aa90000)]
=>0x0000000019dbc000 JavaThread "C2 CompilerThread2" daemon [_thread_in_native, id=8752, stack(0x000000001a890000,0x000000001a990000)]
  0x0000000019dba800 JavaThread "C2 CompilerThread1" daemon [_thread_in_native, id=1508, stack(0x000000001a790000,0x000000001a890000)]
  0x0000000019db2800 JavaThread "C2 CompilerThread0" daemon [_thread_blocked, id=10688, stack(0x000000001a690000,0x000000001a790000)]
  0x0000000019db0000 JavaThread "Attach Listener" daemon [_thread_blocked, id=2132, stack(0x000000001a590000,0x000000001a690000)]
  0x0000000019daf000 JavaThread "Signal Dispatcher" daemon [_thread_blocked, id=8624, stack(0x000000001a490000,0x000000001a590000)]
  0x0000000001ad9000 JavaThread "Finalizer" daemon [_thread_blocked, id=16184, stack(0x000000001a280000,0x000000001a380000)]
  0x0000000001ad6000 JavaThread "Reference Handler" daemon [_thread_blocked, id=17912, stack(0x000000001a180000,0x000000001a280000)]
  0x00000000019de800 JavaThread "main" [_thread_blocked, id=1640, stack(0x0000000001860000,0x0000000001960000)]

Other Threads:
  0x0000000017fb8800 VMThread [stack: 0x0000000019c80000,0x0000000019d80000] [id=3264]
  0x0000000019dfa800 WatcherThread [stack: 0x000000001ab90000,0x000000001ac90000] [id=15252]

VM state:not at safepoint (normal execution)

VM Mutex/Monitor currently owned by a thread: None

heap address: 0x0000000080000000, size: 2048 MB, Compressed Oops mode: 32-bit
Narrow klass base: 0x0000000000000000, Narrow klass shift: 3
Compressed class space size: 1073741824 Address: 0x0000000100000000

Heap:
 PSYoungGen      total 70656K, used 14856K [0x00000000d5580000, 0x00000000d9f80000, 0x0000000100000000)
  eden space 65536K, 14% used [0x00000000d5580000,0x00000000d5f06120,0x00000000d9580000)
  from space 5120K, 99% used [0x00000000d9580000,0x00000000d9a7c010,0x00000000d9a80000)
  to   space 5120K, 0% used [0x00000000d9a80000,0x00000000d9a80000,0x00000000d9f80000)
 ParOldGen       total 86016K, used 5397K [0x0000000080000000, 0x0000000085400000, 0x00000000d5580000)
  object space 86016K, 6% used [0x0000000080000000,0x0000000080545748,0x0000000085400000)
 Metaspace       used 16505K, capacity 16956K, committed 17152K, reserved 1064960K
  class space    used 2366K, capacity 2524K, committed 2560K, reserved 1048576K

Card table byte_map: [0x0000000012410000,0x0000000012820000] byte_map_base: 0x0000000012010000

Marking Bits: (ParMarkBitMap*) 0x0000000075629f30
 Begin Bits: [0x00000000131d0000, 0x00000000151d0000)
 End Bits:   [0x00000000151d0000, 0x00000000171d0000)

Polling page: 0x0000000001790000

CodeCache: size=245760Kb used=5242Kb max_used=5246Kb free=240517Kb
 bounds [0x0000000003410000, 0x0000000003940000, 0x0000000012410000]
 total_blobs=1934 nmethods=1536 adapters=311
 compilation: enabled

Compilation events (10 events):
Event: 2.510 Thread 0x0000000019dcc000 1535       3       java.lang.StringBuilder::append (10 bytes)
Event: 2.511 Thread 0x0000000019dcc000 nmethod 1535 0x000000000392ccd0 code [0x000000000392ce40, 0x000000000392cfc8]
Event: 2.530 Thread 0x0000000019dcc000 1536       3       org.objectweb.asm.SymbolTable::get (13 bytes)
Event: 2.530 Thread 0x0000000019dcc000 nmethod 1536 0x000000000392ed10 code [0x000000000392ee60, 0x000000000392eff0]
Event: 2.531 Thread 0x0000000019db2800 1537  s    4       java.lang.Throwable::fillInStackTrace (29 bytes)
Event: 2.533 Thread 0x0000000019db2800 nmethod 1537 0x0000000003931fd0 code [0x0000000003932120, 0x0000000003932448]
Event: 2.542 Thread 0x0000000019dcc000 1538       3       java.util.regex.Pattern::RemoveQEQuoting (346 bytes)
Event: 2.543 Thread 0x0000000019dcc000 nmethod 1538 0x0000000003930350 code [0x00000000039305a0, 0x0000000003931698]
Event: 2.547 Thread 0x0000000019dcc000 1539       3       java.util.concurrent.locks.AbstractQueuedSynchronizer::setState (6 bytes)
Event: 2.547 Thread 0x0000000019dcc000 nmethod 1539 0x0000000003930050 code [0x00000000039301a0, 0x00000000039302f0]

GC Heap History (6 events):
Event: 0.679 GC heap before
{Heap before GC invocations=1 (full 0):
 PSYoungGen      total 37888K, used 32768K [0x00000000d5580000, 0x00000000d7f80000, 0x0000000100000000)
  eden space 32768K, 100% used [0x00000000d5580000,0x00000000d7580000,0x00000000d7580000)
  from space 5120K, 0% used [0x00000000d7a80000,0x00000000d7a80000,0x00000000d7f80000)
  to   space 5120K, 0% used [0x00000000d7580000,0x00000000d7580000,0x00000000d7a80000)
 ParOldGen       total 86016K, used 0K [0x0000000080000000, 0x0000000085400000, 0x00000000d5580000)
  object space 86016K, 0% used [0x0000000080000000,0x0000000080000000,0x0000000085400000)
 Metaspace       used 6939K, capacity 7130K, committed 7424K, reserved 1056768K
  class space    used 850K, capacity 910K, committed 1024K, reserved 1048576K
Event: 0.686 GC heap after
Heap after GC invocations=1 (full 0):
 PSYoungGen      total 37888K, used 4344K [0x00000000d5580000, 0x00000000d9f80000, 0x0000000100000000)
  eden space 32768K, 0% used [0x00000000d5580000,0x00000000d5580000,0x00000000d7580000)
  from space 5120K, 84% used [0x00000000d7580000,0x00000000d79be2e8,0x00000000d7a80000)
  to   space 5120K, 0% used [0x00000000d9a80000,0x00000000d9a80000,0x00000000d9f80000)
 ParOldGen       total 86016K, used 31K [0x0000000080000000, 0x0000000085400000, 0x00000000d5580000)
  object space 86016K, 0% used [0x0000000080000000,0x0000000080007c60,0x0000000085400000)
 Metaspace       used 6939K, capacity 7130K, committed 7424K, reserved 1056768K
  class space    used 850K, capacity 910K, committed 1024K, reserved 1048576K
}
Event: 1.083 GC heap before
{Heap before GC invocations=2 (full 0):
 PSYoungGen      total 37888K, used 37112K [0x00000000d5580000, 0x00000000d9f80000, 0x0000000100000000)
  eden space 32768K, 100% used [0x00000000d5580000,0x00000000d7580000,0x00000000d7580000)
  from space 5120K, 84% used [0x00000000d7580000,0x00000000d79be2e8,0x00000000d7a80000)
  to   space 5120K, 0% used [0x00000000d9a80000,0x00000000d9a80000,0x00000000d9f80000)
 ParOldGen       total 86016K, used 31K [0x0000000080000000, 0x0000000085400000, 0x00000000d5580000)
  object space 86016K, 0% used [0x0000000080000000,0x0000000080007c60,0x0000000085400000)
 Metaspace       used 8674K, capacity 8886K, committed 9216K, reserved 1056768K
  class space    used 1126K, capacity 1177K, committed 1280K, reserved 1048576K
Event: 1.088 GC heap after
Heap after GC invocations=2 (full 0):
 PSYoungGen      total 70656K, used 4449K [0x00000000d5580000, 0x00000000d9f80000, 0x0000000100000000)
  eden space 65536K, 0% used [0x00000000d5580000,0x00000000d5580000,0x00000000d9580000)
  from space 5120K, 86% used [0x00000000d9a80000,0x00000000d9ed85c0,0x00000000d9f80000)
  to   space 5120K, 0% used [0x00000000d9580000,0x00000000d9580000,0x00000000d9a80000)
 ParOldGen       total 86016K, used 39K [0x0000000080000000, 0x0000000085400000, 0x00000000d5580000)
  object space 86016K, 0% used [0x0000000080000000,0x0000000080009c60,0x0000000085400000)
 Metaspace       used 8674K, capacity 8886K, committed 9216K, reserved 1056768K
  class space    used 1126K, capacity 1177K, committed 1280K, reserved 1048576K
}
Event: 2.459 GC heap before
{Heap before GC invocations=3 (full 0):
 PSYoungGen      total 70656K, used 69985K [0x00000000d5580000, 0x00000000d9f80000, 0x0000000100000000)
  eden space 65536K, 100% used [0x00000000d5580000,0x00000000d9580000,0x00000000d9580000)
  from space 5120K, 86% used [0x00000000d9a80000,0x00000000d9ed85c0,0x00000000d9f80000)
  to   space 5120K, 0% used [0x00000000d9580000,0x00000000d9580000,0x00000000d9a80000)
 ParOldGen       total 86016K, used 39K [0x0000000080000000, 0x0000000085400000, 0x00000000d5580000)
  object space 86016K, 0% used [0x0000000080000000,0x0000000080009c60,0x0000000085400000)
 Metaspace       used 15608K, capacity 16028K, committed 16256K, reserved 1062912K
  class space    used 2226K, capacity 2364K, committed 2432K, reserved 1048576K
Event: 2.471 GC heap after
Heap after GC invocations=3 (full 0):
 PSYoungGen      total 70656K, used 5104K [0x00000000d5580000, 0x00000000d9f80000, 0x0000000100000000)
  eden space 65536K, 0% used [0x00000000d5580000,0x00000000d5580000,0x00000000d9580000)
  from space 5120K, 99% used [0x00000000d9580000,0x00000000d9a7c010,0x00000000d9a80000)
  to   space 5120K, 0% used [0x00000000d9a80000,0x00000000d9a80000,0x00000000d9f80000)
 ParOldGen       total 86016K, used 5397K [0x0000000080000000, 0x0000000085400000, 0x00000000d5580000)
  object space 86016K, 6% used [0x0000000080000000,0x0000000080545748,0x0000000085400000)
 Metaspace       used 15608K, capacity 16028K, committed 16256K, reserved 1062912K
  class space    used 2226K, capacity 2364K, committed 2432K, reserved 1048576K
}

Deoptimization events (10 events):
Event: 1.994 Thread 0x000000001af43800 Uncommon trap: reason=unstable_if action=reinterpret pc=0x00000000037c4ff0 method=java.util.concurrent.ConcurrentHashMap.putVal(Ljava/lang/Object;Ljava/lang/Object;Z)Ljava/lang/Object; @ 206
Event: 2.045 Thread 0x000000001bcdd000 Uncommon trap: reason=bimorphic action=maybe_recompile pc=0x000000000369353c method=java.util.HashMap.putVal(ILjava/lang/Object;Ljava/lang/Object;ZZ)Ljava/lang/Object; @ 253
Event: 2.045 Thread 0x000000001bcdd000 Uncommon trap: reason=bimorphic action=maybe_recompile pc=0x000000000369353c method=java.util.HashMap.putVal(ILjava/lang/Object;Ljava/lang/Object;ZZ)Ljava/lang/Object; @ 253
Event: 2.045 Thread 0x000000001bcdd000 Uncommon trap: reason=bimorphic action=maybe_recompile pc=0x000000000369353c method=java.util.HashMap.putVal(ILjava/lang/Object;Ljava/lang/Object;ZZ)Ljava/lang/Object; @ 253
Event: 2.045 Thread 0x000000001bcdd000 Uncommon trap: reason=bimorphic action=maybe_recompile pc=0x000000000369353c method=java.util.HashMap.putVal(ILjava/lang/Object;Ljava/lang/Object;ZZ)Ljava/lang/Object; @ 253
Event: 2.186 Thread 0x000000001bcdd000 Uncommon trap: reason=class_check action=maybe_recompile pc=0x00000000036dd3d8 method=java.util.regex.Matcher.match(II)Z @ 86
Event: 2.196 Thread 0x000000001bcdd000 Uncommon trap: reason=class_check action=maybe_recompile pc=0x00000000036dd3d8 method=java.util.regex.Matcher.match(II)Z @ 86
Event: 2.196 Thread 0x000000001bcdd000 Uncommon trap: reason=class_check action=maybe_recompile pc=0x00000000036dd3d8 method=java.util.regex.Matcher.match(II)Z @ 86
Event: 2.197 Thread 0x000000001bcdd000 Uncommon trap: reason=class_check action=maybe_recompile pc=0x00000000036a051c method=java.util.regex.Matcher.match(II)Z @ 86
Event: 2.391 Thread 0x000000001bcdd000 Uncommon trap: reason=unstable_if action=reinterpret pc=0x00000000037bb774 method=java.lang.String.lastIndexOf([CII[CIII)I @ 66

Classes redefined (0 events):
No events

Internal exceptions (10 events):
Event: 1.998 Thread 0x000000001af43800 Exception <a 'java/lang/NoSuchMethodError': <clinit>> (0x00000000d6190738) thrown at [D:\src\AOSP-openjdk-cygwin\jdk8u\hotspot\src\share\vm\prims\jni.cpp, line 1614]
Event: 2.001 Thread 0x000000001af43800 Exception <a 'java/lang/NoSuchMethodError': <clinit>> (0x00000000d61a38f8) thrown at [D:\src\AOSP-openjdk-cygwin\jdk8u\hotspot\src\share\vm\prims\jni.cpp, line 1614]
Event: 2.003 Thread 0x000000001af43800 Exception <a 'java/lang/NoSuchMethodError': <clinit>> (0x00000000d61cacf8) thrown at [D:\src\AOSP-openjdk-cygwin\jdk8u\hotspot\src\share\vm\prims\jni.cpp, line 1614]
Event: 2.005 Thread 0x000000001af43800 Exception <a 'java/lang/NoSuchMethodError': <clinit>> (0x00000000d61e2d40) thrown at [D:\src\AOSP-openjdk-cygwin\jdk8u\hotspot\src\share\vm\prims\jni.cpp, line 1614]
Event: 2.005 Thread 0x000000001af43800 Exception <a 'java/lang/NoSuchMethodError': <clinit>> (0x00000000d61eb9d0) thrown at [D:\src\AOSP-openjdk-cygwin\jdk8u\hotspot\src\share\vm\prims\jni.cpp, line 1614]
Event: 2.007 Thread 0x000000001af43800 Exception <a 'java/lang/NoSuchMethodError': <clinit>> (0x00000000d6201fd8) thrown at [D:\src\AOSP-openjdk-cygwin\jdk8u\hotspot\src\share\vm\prims\jni.cpp, line 1614]
Event: 2.013 Thread 0x000000001af43800 Exception <a 'java/lang/NoSuchMethodError': <clinit>> (0x00000000d625f3e0) thrown at [D:\src\AOSP-openjdk-cygwin\jdk8u\hotspot\src\share\vm\prims\jni.cpp, line 1614]
Event: 2.017 Thread 0x000000001af43800 Exception <a 'java/lang/NoSuchMethodError': <clinit>> (0x00000000d628c0e0) thrown at [D:\src\AOSP-openjdk-cygwin\jdk8u\hotspot\src\share\vm\prims\jni.cpp, line 1614]
Event: 2.019 Thread 0x000000001af43800 Exception <a 'java/lang/NoSuchMethodError': <clinit>> (0x00000000d62ba118) thrown at [D:\src\AOSP-openjdk-cygwin\jdk8u\hotspot\src\share\vm\prims\jni.cpp, line 1614]
Event: 2.020 Thread 0x000000001af43800 Exception <a 'java/lang/NoSuchMethodError': <clinit>> (0x00000000d62c5520) thrown at [D:\src\AOSP-openjdk-cygwin\jdk8u\hotspot\src\share\vm\prims\jni.cpp, line 1614]

Events (10 events):
Event: 2.553 loading class org/gradle/internal/resource/transport/http/DefaultHttpSettings$2$1
Event: 2.553 loading class org/gradle/internal/resource/transport/http/DefaultHttpSettings$2$1 done
Event: 2.553 loading class com/google/common/base/Suppliers$NonSerializableMemoizingSupplier
Event: 2.553 loading class com/google/common/base/Suppliers$NonSerializableMemoizingSupplier done
Event: 2.554 loading class com/google/common/base/Suppliers$MemoizingSupplier
Event: 2.554 loading class com/google/common/base/Suppliers$MemoizingSupplier done
Event: 2.554 loading class javax/net/ssl/TrustManager
Event: 2.554 loading class javax/net/ssl/TrustManager done
Event: 2.554 loading class org/gradle/internal/resource/transport/http/DefaultHttpSettings$2$2
Event: 2.554 loading class org/gradle/internal/resource/transport/http/DefaultHttpSettings$2$2 done


Dynamic libraries:
0x00007ff6b75c0000 - 0x00007ff6b75f1000 	D:\Программы\Новая папка\jre\bin\java.exe
0x00007ffba0020000 - 0x00007ffba0210000 	C:\WINDOWS\SYSTEM32\ntdll.dll
0x00007ffb9eaf0000 - 0x00007ffb9eba2000 	C:\WINDOWS\System32\KERNEL32.DLL
0x00007ffb9d100000 - 0x00007ffb9d3a3000 	C:\WINDOWS\System32\KERNELBASE.dll
0x00007ffb9fa80000 - 0x00007ffb9fb23000 	C:\WINDOWS\System32\ADVAPI32.dll
0x00007ffb9ed60000 - 0x00007ffb9edfe000 	C:\WINDOWS\System32\msvcrt.dll
0x00007ffb9ee00000 - 0x00007ffb9ee97000 	C:\WINDOWS\System32\sechost.dll
0x00007ffb9e9d0000 - 0x00007ffb9eaf0000 	C:\WINDOWS\System32\RPCRT4.dll
0x00007ffb9f290000 - 0x00007ffb9f424000 	C:\WINDOWS\System32\USER32.dll
0x00007ffb9e0a0000 - 0x00007ffb9e0c1000 	C:\WINDOWS\System32\win32u.dll
0x00007ffb9f000000 - 0x00007ffb9f026000 	C:\WINDOWS\System32\GDI32.dll
0x00007ffb9de00000 - 0x00007ffb9df94000 	C:\WINDOWS\System32\gdi32full.dll
0x00007ffb9db30000 - 0x00007ffb9dbce000 	C:\WINDOWS\System32\msvcp_win.dll
0x00007ffb9dfa0000 - 0x00007ffb9e09a000 	C:\WINDOWS\System32\ucrtbase.dll
0x00007ffb8c190000 - 0x00007ffb8c415000 	C:\WINDOWS\WinSxS\amd64_microsoft.windows.common-controls_6595b64144ccf1df_6.0.18362.657_none_e6c5b579130e3898\COMCTL32.dll
0x00007ffb9fc30000 - 0x00007ffb9ff66000 	C:\WINDOWS\System32\combase.dll
0x00007ffb9dbf0000 - 0x00007ffb9dc70000 	C:\WINDOWS\System32\bcryptPrimitives.dll
0x00007ffb9fbe0000 - 0x00007ffb9fc0e000 	C:\WINDOWS\System32\IMM32.DLL
0x0000000074ca0000 - 0x0000000074d72000 	D:\Программы\Новая папка\jre\jre\bin\msvcr100.dll
0x0000000074e60000 - 0x00000000756a6000 	D:\Программы\Новая папка\jre\jre\bin\server\jvm.dll
0x00007ffb9f1f0000 - 0x00007ffb9f1f8000 	C:\WINDOWS\System32\PSAPI.DLL
0x00007ffb9b9e0000 - 0x00007ffb9b9e9000 	C:\WINDOWS\SYSTEM32\WSOCK32.dll
0x00007ffb997b0000 - 0x00007ffb997d4000 	C:\WINDOWS\SYSTEM32\WINMM.dll
0x00007ffb97d50000 - 0x00007ffb97d5a000 	C:\WINDOWS\SYSTEM32\VERSION.dll
0x00007ffb9ff70000 - 0x00007ffb9ffdf000 	C:\WINDOWS\System32\WS2_32.dll
0x00007ffb99740000 - 0x00007ffb9976d000 	C:\WINDOWS\SYSTEM32\winmmbase.dll
0x00007ffb9dca0000 - 0x00007ffb9dcea000 	C:\WINDOWS\System32\cfgmgr32.dll
0x00007ffb99830000 - 0x00007ffb9983f000 	D:\Программы\Новая папка\jre\jre\bin\verify.dll
0x00007ffb99800000 - 0x00007ffb99829000 	D:\Программы\Новая папка\jre\jre\bin\java.dll
0x00007ffb984c0000 - 0x00007ffb984d6000 	D:\Программы\Новая папка\jre\jre\bin\zip.dll
0x00007ffb9e2e0000 - 0x00007ffb9e9c5000 	C:\WINDOWS\System32\SHELL32.dll
0x00007ffb9fb30000 - 0x00007ffb9fbd9000 	C:\WINDOWS\System32\shcore.dll
0x00007ffb9d3b0000 - 0x00007ffb9db2f000 	C:\WINDOWS\System32\windows.storage.dll
0x00007ffb9cf70000 - 0x00007ffb9cf8f000 	C:\WINDOWS\System32\profapi.dll
0x00007ffb9cf00000 - 0x00007ffb9cf4a000 	C:\WINDOWS\System32\powrprof.dll
0x00007ffb9cef0000 - 0x00007ffb9cf00000 	C:\WINDOWS\System32\UMPDC.dll
0x00007ffb9e280000 - 0x00007ffb9e2d2000 	C:\WINDOWS\System32\shlwapi.dll
0x00007ffb9cf50000 - 0x00007ffb9cf61000 	C:\WINDOWS\System32\kernel.appcore.dll
0x00007ffb9dbd0000 - 0x00007ffb9dbe7000 	C:\WINDOWS\System32\cryptsp.dll
0x00007ffb96590000 - 0x00007ffb965aa000 	D:\Программы\Новая папка\jre\jre\bin\net.dll
0x00007ffb9c760000 - 0x00007ffb9c7c7000 	C:\WINDOWS\system32\mswsock.dll
0x00007ffb96570000 - 0x00007ffb96581000 	D:\Программы\Новая папка\jre\jre\bin\nio.dll
0x00007ffb71240000 - 0x00007ffb71266000 	C:\Users\kozyr\.gradle\native\29\windows-amd64\native-platform.dll
0x00007ffb98350000 - 0x00007ffb9835d000 	D:\Программы\Новая папка\jre\jre\bin\management.dll
0x00007ffb9c2d0000 - 0x00007ffb9c303000 	C:\WINDOWS\system32\rsaenh.dll
0x00007ffb9dc70000 - 0x00007ffb9dc96000 	C:\WINDOWS\System32\bcrypt.dll
0x00007ffb9cde0000 - 0x00007ffb9ce05000 	C:\WINDOWS\SYSTEM32\USERENV.dll
0x00007ffb9c930000 - 0x00007ffb9c93c000 	C:\WINDOWS\SYSTEM32\CRYPTBASE.dll
0x00007ffb9c470000 - 0x00007ffb9c4aa000 	C:\WINDOWS\SYSTEM32\IPHLPAPI.DLL
0x00007ffb9f280000 - 0x00007ffb9f288000 	C:\WINDOWS\System32\NSI.dll
0x00007ffb8f920000 - 0x00007ffb8f936000 	C:\WINDOWS\SYSTEM32\dhcpcsvc6.DLL
0x00007ffb90c90000 - 0x00007ffb90cac000 	C:\WINDOWS\SYSTEM32\dhcpcsvc.DLL
0x00007ffb9c4b0000 - 0x00007ffb9c57a000 	C:\WINDOWS\SYSTEM32\DNSAPI.dll

VM Arguments:
jvm_args: -Xmx2048m -Dfile.encoding=windows-1251 -Duser.country=RU -Duser.language=ru -Duser.variant 
java_command: org.gradle.launcher.daemon.bootstrap.GradleDaemon 5.4.1
java_class_path (initial): C:\Users\kozyr\.gradle\wrapper\dists\gradle-5.4.1-all\3221gyojl5jsh0helicew7rwx\gradle-5.4.1\lib\gradle-launcher-5.4.1.jar
Launcher Type: SUN_STANDARD

Environment Variables:
PATH=C:\Python27\;C:\Python27\Scripts;C:\Program Files (x86)\Intel\iCLS Client\;C:\Program Files\Intel\iCLS Client\;C:\windows\system32;C:\windows;C:\windows\System32\Wbem;C:\windows\System32\WindowsPowerShell\v1.0\;C:\Program Files (x86)\Intel\Intel(R) Management Engine Components\DAL;C:\Program Files\Intel\Intel(R) Management Engine Components\DAL;C:\Program Files (x86)\Intel\Intel(R) Management Engine Components\IPT;C:\Program Files\Intel\Intel(R) Management Engine Components\IPT;C:\Program Files (x86)\NVIDIA Corporation\PhysX\Common;C:\Program Files\Intel\IntelSGXPSW\bin\x64\Release\;C:\Program Files\Intel\IntelSGXPSW\bin\win32\Release\;C:\Program Files (x86)\Skype\Phone\;C:\WINDOWS\system32;C:\WINDOWS;C:\WINDOWS\System32\Wbem;C:\WINDOWS\System32\WindowsPowerShell\v1.0\;C:\Program Files\Common Files\Autodesk Shared\;C:\Program Files (x86)\Autodesk\Backburner\;C:\Program Files (x86)\GtkSharp\2.12\bin;C:\WINDOWS\System32\OpenSSH\;C:\Program Files\nodejs\;C:\ProgramData\chocolatey\bin;C:\Users\kozyr\AppData\Local\Microsoft\WindowsApps;C:\Users\kozyr\AppData\Roaming\npm
USERNAME=kozyr
OS=Windows_NT
PROCESSOR_IDENTIFIER=Intel64 Family 6 Model 94 Stepping 3, GenuineIntel



---------------  S Y S T E M  ---------------

OS: Windows 10.0 , 64 bit Build 18362 (10.0.18362.329)

CPU:total 8 (initial active 8) (4 cores per cpu, 2 threads per core) family 6 model 94 stepping 3, cmov, cx8, fxsr, mmx, sse, sse2, sse3, ssse3, sse4.1, sse4.2, popcnt, avx, avx2, aes, clmul, erms, rtm, 3dnowpref, lzcnt, ht, tsc, tscinvbit, bmi1, bmi2, adx

Memory: 4k page, physical 8223456k(597120k free), swap 10320608k(4132k free)

vm_info: OpenJDK 64-Bit Server VM (25.202-b03) for windows-amd64 JRE (1.8.0_202-release-1483-b03), built by "builder" with MS VC++ 10.0 (VS2010)

time: Sat Mar 07 01:02:56 2020
timezone: RTZ 2 (зима)
elapsed time: 2 seconds (0d 0h 0m 2s)

