#
# There is insufficient memory for the Java Runtime Environment to continue.
# Native memory allocation (malloc) failed to allocate 1868496 bytes for Chunk::new
# Possible reasons:
#   The system is out of physical RAM or swap space
#   The process is running with CompressedOops enabled, and the Java Heap may be blocking the growth of the native heap
# Possible solutions:
#   Reduce memory load on the system
#   Increase physical memory or swap space
#   Check if swap backing store is full
#   Decrease Java heap size (-Xmx/-Xms)
#   Decrease number of Java threads
#   Decrease Java thread stack sizes (-Xss)
#   Set larger code cache with -XX:ReservedCodeCacheSize=
#   JVM is running with Unscaled Compressed Oops mode in which the Java heap is
#     placed in the first 4GB address space. The Java Heap base address is the
#     maximum limit for the native heap growth. Please use -XX:HeapBaseMinAddress
#     to set the Java Heap base and to place the Java Heap above 4GB virtual address.
# This output file may be truncated or incomplete.
#
#  Out of Memory Error (allocation.cpp:389), pid=17820, tid=0x0000000000002204
#
# JRE version: OpenJDK Runtime Environment (8.0_202-b03) (build 1.8.0_202-release-1483-b03)
# Java VM: OpenJDK 64-Bit Server VM (25.202-b03 mixed mode windows-amd64 compressed oops)
# Failed to write core dump. Minidumps are not enabled by default on client versions of Windows
#

---------------  T H R E A D  ---------------

Current thread (0x0000000019c42000):  JavaThread "C2 CompilerThread0" daemon [_thread_in_native, id=8708, stack(0x000000001a520000,0x000000001a620000)]

Stack: [0x000000001a520000,0x000000001a620000]
[error occurred during error reporting (printing stack bounds), id 0xc0000005]

Native frames: (J=compiled Java code, j=interpreted, Vv=VM code, C=native code)


Current CompileTask:
C2:   6205 4027       4       groovy.lang.MetaClassImpl::addMetaMethodToIndex (65 bytes)


---------------  P R O C E S S  ---------------

Java Threads: ( => current thread )
  0x000000001e48c000 JavaThread "Cache worker for Build Output Cleanup Cache (C:\Users\kozyr\Diser 111111\Diser 9.7.0\.gradle\buildOutputCleanup)" [_thread_blocked, id=788, stack(0x0000000023ba0000,0x0000000023ca0000)]
  0x000000001dc11800 JavaThread "Build operations Thread 8" [_thread_blocked, id=10396, stack(0x00000000246d0000,0x00000000247d0000)]
  0x000000001dc15800 JavaThread "Build operations Thread 7" [_thread_blocked, id=16408, stack(0x00000000245d0000,0x00000000246d0000)]
  0x000000001dc0f800 JavaThread "Build operations Thread 6" [_thread_blocked, id=11852, stack(0x00000000244d0000,0x00000000245d0000)]
  0x000000001dc14800 JavaThread "Build operations Thread 5" [_thread_blocked, id=16760, stack(0x00000000243d0000,0x00000000244d0000)]
  0x000000001dc11000 JavaThread "Build operations Thread 4" [_thread_blocked, id=6960, stack(0x00000000242d0000,0x00000000243d0000)]
  0x000000001dc14000 JavaThread "Build operations Thread 3" [_thread_blocked, id=2960, stack(0x00000000241d0000,0x00000000242d0000)]
  0x000000001dc10000 JavaThread "Build operations Thread 2" [_thread_blocked, id=1316, stack(0x00000000240d0000,0x00000000241d0000)]
  0x000000001dc12800 JavaThread "Build operations" [_thread_blocked, id=16088, stack(0x0000000023fd0000,0x00000000240d0000)]
  0x000000001dc13000 JavaThread "Cache worker for execution history cache (C:\Users\kozyr\.gradle\caches\5.4.1\executionHistory)" [_thread_blocked, id=6736, stack(0x0000000023cd0000,0x0000000023dd0000)]
  0x000000001bb96000 JavaThread "Cache worker for cache directory md-rule (C:\Users\kozyr\.gradle\caches\5.4.1\md-rule)" [_thread_blocked, id=16324, stack(0x0000000023aa0000,0x0000000023ba0000)]
  0x000000001bb97800 JavaThread "Cache worker for cache directory md-supplier (C:\Users\kozyr\.gradle\caches\5.4.1\md-supplier)" [_thread_blocked, id=1460, stack(0x00000000239a0000,0x0000000023aa0000)]
  0x000000001bb99000 JavaThread "Cache worker for file hash cache (C:\Users\kozyr\Diser 111111\Diser 9.7.0\.gradle\5.4.1\fileHashes)" [_thread_blocked, id=2944, stack(0x0000000020cf0000,0x0000000020df0000)]
  0x000000001bb96800 JavaThread "Cache worker for journal cache (C:\Users\kozyr\.gradle\caches\journal-1)" [_thread_blocked, id=10908, stack(0x000000001e850000,0x000000001e950000)]
  0x000000001bb99800 JavaThread "File lock request listener" [_thread_in_native, id=14324, stack(0x000000001e750000,0x000000001e850000)]
  0x000000001d680800 JavaThread "Cache worker for file hash cache (C:\Users\kozyr\.gradle\caches\5.4.1\fileHashes)" [_thread_blocked, id=9380, stack(0x000000001e650000,0x000000001e750000)]
  0x000000001be13800 JavaThread "Thread-9" [_thread_blocked, id=16588, stack(0x000000001d580000,0x000000001d680000)]
  0x000000001c26b000 JavaThread "Stdin handler" [_thread_blocked, id=6676, stack(0x000000001d480000,0x000000001d580000)]
  0x000000001c26a000 JavaThread "Asynchronous log dispatcher for DefaultDaemonConnection: socket connection from /127.0.0.1:53255 to /127.0.0.1:53256" [_thread_blocked, id=8476, stack(0x000000001d280000,0x000000001d380000)]
  0x0000000019f2b000 JavaThread "Daemon worker" [_thread_in_vm, id=10216, stack(0x000000001d180000,0x000000001d280000)]
  0x000000001c122000 JavaThread "Cancel handler" [_thread_blocked, id=9108, stack(0x000000001d080000,0x000000001d180000)]
  0x000000001acf6000 JavaThread "Handler for socket connection from /127.0.0.1:53255 to /127.0.0.1:53256" [_thread_in_native, id=14272, stack(0x000000001cd80000,0x000000001ce80000)]
  0x000000001bdea000 JavaThread "Daemon" [_thread_blocked, id=18120, stack(0x000000001cc80000,0x000000001cd80000)]
  0x000000001b5f7800 JavaThread "Daemon periodic checks" [_thread_blocked, id=11936, stack(0x000000001cb80000,0x000000001cc80000)]
  0x000000001ad76800 JavaThread "Incoming local TCP Connector on port 53255" [_thread_in_native, id=4052, stack(0x000000001c930000,0x000000001ca30000)]
  0x000000001c21b000 JavaThread "Daemon health stats" [_thread_blocked, id=8544, stack(0x000000001c2f0000,0x000000001c3f0000)]
  0x0000000019ce0000 JavaThread "Service Thread" daemon [_thread_blocked, id=18204, stack(0x000000001a920000,0x000000001aa20000)]
  0x0000000019c55800 JavaThread "C1 CompilerThread3" daemon [_thread_blocked, id=15284, stack(0x000000001a820000,0x000000001a920000)]
  0x0000000019c4b000 JavaThread "C2 CompilerThread2" daemon [_thread_in_native, id=10052, stack(0x000000001a720000,0x000000001a820000)]
  0x0000000019c46800 JavaThread "C2 CompilerThread1" daemon [_thread_blocked, id=15032, stack(0x000000001a620000,0x000000001a720000)]
=>0x0000000019c42000 JavaThread "C2 CompilerThread0" daemon [_thread_in_native, id=8708, stack(0x000000001a520000,0x000000001a620000)]
  0x0000000019c3f000 JavaThread "Attach Listener" daemon [_thread_blocked, id=10596, stack(0x000000001a420000,0x000000001a520000)]
  0x0000000019c3e000 JavaThread "Signal Dispatcher" daemon [_thread_blocked, id=7788, stack(0x000000001a320000,0x000000001a420000)]
  0x0000000001909000 JavaThread "Finalizer" daemon [_thread_blocked, id=8656, stack(0x000000001a110000,0x000000001a210000)]
  0x0000000001905800 JavaThread "Reference Handler" daemon [_thread_blocked, id=6756, stack(0x000000001a010000,0x000000001a110000)]
  0x000000000180e800 JavaThread "main" [_thread_blocked, id=4144, stack(0x00000000016f0000,0x00000000017f0000)]

Other Threads:
  0x0000000017e08800 VMThread [stack: 0x0000000019b10000,0x0000000019c10000] [id=14364]
  0x0000000019c8b000 WatcherThread [stack: 0x000000001aa20000,0x000000001ab20000] [id=1856]

VM state:at safepoint (normal execution)

VM Mutex/Monitor currently owned by a thread:  ([mutex/lock_event])
[0x000000000180ce30] Threads_lock - owner thread: 0x0000000017e08800
[0x00000000018106d0] Compile_lock - owner thread: 0x0000000019f2b000

heap address: 0x0000000080000000, size: 2048 MB, Compressed Oops mode: 32-bit
Narrow klass base: 0x0000000000000000, Narrow klass shift: 3
Compressed class space size: 1073741824 Address: 0x0000000100000000

Heap:
 PSYoungGen      total 153600K, used 40957K [0x00000000d5580000, 0x00000000e0780000, 0x0000000100000000)
  eden space 141312K, 20% used [0x00000000d5580000,0x00000000d71826d8,0x00000000ddf80000)
  from space 12288K, 99% used [0x00000000dfb80000,0x00000000e077cfe8,0x00000000e0780000)
  to   space 14336K, 0% used [0x00000000deb80000,0x00000000deb80000,0x00000000df980000)
 ParOldGen       total 86528K, used 20603K [0x0000000080000000, 0x0000000085480000, 0x00000000d5580000)
  object space 86528K, 23% used [0x0000000080000000,0x000000008141eed8,0x0000000085480000)
 Metaspace       used 46630K, capacity 47740K, committed 47872K, reserved 1091584K
  class space    used 6288K, capacity 6631K, committed 6656K, reserved 1048576K

Card table byte_map: [0x0000000012410000,0x0000000012820000] byte_map_base: 0x0000000012010000

Marking Bits: (ParMarkBitMap*) 0x0000000075629f30
 Begin Bits: [0x0000000013020000, 0x0000000015020000)
 End Bits:   [0x0000000015020000, 0x0000000017020000)

Polling page: 0x00000000009e0000

CodeCache: size=245760Kb used=13688Kb max_used=13948Kb free=232071Kb
 bounds [0x0000000003410000, 0x00000000041d0000, 0x0000000012410000]
 total_blobs=4730 nmethods=3971 adapters=671
 compilation: enabled

Compilation events (10 events):
Event: 6.184 Thread 0x0000000019c55800 4208       3       java.lang.invoke.MethodType::methodType (7 bytes)
Event: 6.185 Thread 0x0000000019c55800 nmethod 4208 0x0000000003600b50 code [0x0000000003600cc0, 0x0000000003600e28]
Event: 6.185 Thread 0x0000000019c55800 4209       3       java.lang.invoke.MethodHandle::setVarargs (38 bytes)
Event: 6.185 Thread 0x0000000019c55800 nmethod 4209 0x00000000035ad110 code [0x00000000035ad300, 0x00000000035adda8]
Event: 6.185 Thread 0x0000000019c55800 4210       3       java.lang.invoke.MemberName::isVarargs (23 bytes)
Event: 6.185 Thread 0x0000000019c55800 nmethod 4210 0x00000000035ec490 code [0x00000000035ec620, 0x00000000035ecb90]
Event: 6.189 Thread 0x0000000019c55800 4211       3       java.lang.invoke.AbstractValidatingLambdaMetafactory::isAdaptableTo (126 bytes)
Event: 6.190 Thread 0x0000000019c55800 nmethod 4211 0x00000000035d45d0 code [0x00000000035d4840, 0x00000000035d5748]
Event: 6.190 Thread 0x0000000019c55800 4212       3       java.lang.invoke.MethodHandles$Lookup::checkMethod (83 bytes)
Event: 6.190 Thread 0x0000000019c55800 nmethod 4212 0x00000000036b4390 code [0x00000000036b4560, 0x00000000036b4f98]

GC Heap History (10 events):
Event: 3.802 GC heap before
{Heap before GC invocations=8 (full 1):
 PSYoungGen      total 75264K, used 65536K [0x00000000d5580000, 0x00000000da980000, 0x0000000100000000)
  eden space 65536K, 100% used [0x00000000d5580000,0x00000000d9580000,0x00000000d9580000)
  from space 9728K, 0% used [0x00000000da000000,0x00000000da000000,0x00000000da980000)
  to   space 10240K, 0% used [0x00000000d9580000,0x00000000d9580000,0x00000000d9f80000)
 ParOldGen       total 55296K, used 8584K [0x0000000080000000, 0x0000000083600000, 0x00000000d5580000)
  object space 55296K, 15% used [0x0000000080000000,0x0000000080862308,0x0000000083600000)
 Metaspace       used 28906K, capacity 29486K, committed 29824K, reserved 1075200K
  class space    used 3904K, capacity 4100K, committed 4224K, reserved 1048576K
Event: 3.813 GC heap after
Heap after GC invocations=8 (full 1):
 PSYoungGen      total 75776K, used 8137K [0x00000000d5580000, 0x00000000dd780000, 0x0000000100000000)
  eden space 65536K, 0% used [0x00000000d5580000,0x00000000d5580000,0x00000000d9580000)
  from space 10240K, 79% used [0x00000000d9580000,0x00000000d9d725b8,0x00000000d9f80000)
  to   space 10752K, 0% used [0x00000000dcd00000,0x00000000dcd00000,0x00000000dd780000)
 ParOldGen       total 55296K, used 8592K [0x0000000080000000, 0x0000000083600000, 0x00000000d5580000)
  object space 55296K, 15% used [0x0000000080000000,0x0000000080864308,0x0000000083600000)
 Metaspace       used 28906K, capacity 29486K, committed 29824K, reserved 1075200K
  class space    used 3904K, capacity 4100K, committed 4224K, reserved 1048576K
}
Event: 4.293 GC heap before
{Heap before GC invocations=9 (full 1):
 PSYoungGen      total 75776K, used 73673K [0x00000000d5580000, 0x00000000dd780000, 0x0000000100000000)
  eden space 65536K, 100% used [0x00000000d5580000,0x00000000d9580000,0x00000000d9580000)
  from space 10240K, 79% used [0x00000000d9580000,0x00000000d9d725b8,0x00000000d9f80000)
  to   space 10752K, 0% used [0x00000000dcd00000,0x00000000dcd00000,0x00000000dd780000)
 ParOldGen       total 55296K, used 8592K [0x0000000080000000, 0x0000000083600000, 0x00000000d5580000)
  object space 55296K, 15% used [0x0000000080000000,0x0000000080864308,0x0000000083600000)
 Metaspace       used 32213K, capacity 32722K, committed 33152K, reserved 1077248K
  class space    used 4441K, capacity 4624K, committed 4736K, reserved 1048576K
Event: 4.301 GC heap after
Heap after GC invocations=9 (full 1):
 PSYoungGen      total 121856K, used 8559K [0x00000000d5580000, 0x00000000dd800000, 0x0000000100000000)
  eden space 111104K, 0% used [0x00000000d5580000,0x00000000d5580000,0x00000000dc200000)
  from space 10752K, 79% used [0x00000000dcd00000,0x00000000dd55bc00,0x00000000dd780000)
  to   space 11264K, 0% used [0x00000000dc200000,0x00000000dc200000,0x00000000dcd00000)
 ParOldGen       total 55296K, used 8600K [0x0000000080000000, 0x0000000083600000, 0x00000000d5580000)
  object space 55296K, 15% used [0x0000000080000000,0x0000000080866308,0x0000000083600000)
 Metaspace       used 32213K, capacity 32722K, committed 33152K, reserved 1077248K
  class space    used 4441K, capacity 4624K, committed 4736K, reserved 1048576K
}
Event: 4.830 GC heap before
{Heap before GC invocations=10 (full 1):
 PSYoungGen      total 121856K, used 67597K [0x00000000d5580000, 0x00000000dd800000, 0x0000000100000000)
  eden space 111104K, 53% used [0x00000000d5580000,0x00000000d8f27950,0x00000000dc200000)
  from space 10752K, 79% used [0x00000000dcd00000,0x00000000dd55bc00,0x00000000dd780000)
  to   space 11264K, 0% used [0x00000000dc200000,0x00000000dc200000,0x00000000dcd00000)
 ParOldGen       total 55296K, used 8600K [0x0000000080000000, 0x0000000083600000, 0x00000000d5580000)
  object space 55296K, 15% used [0x0000000080000000,0x0000000080866308,0x0000000083600000)
 Metaspace       used 34636K, capacity 35358K, committed 35496K, reserved 1079296K
  class space    used 4782K, capacity 5003K, committed 5120K, reserved 1048576K
Event: 4.843 GC heap after
Heap after GC invocations=10 (full 1):
 PSYoungGen      total 122368K, used 11237K [0x00000000d5580000, 0x00000000e0780000, 0x0000000100000000)
  eden space 111104K, 0% used [0x00000000d5580000,0x00000000d5580000,0x00000000dc200000)
  from space 11264K, 99% used [0x00000000dc200000,0x00000000dccf9688,0x00000000dcd00000)
  to   space 12288K, 0% used [0x00000000dfb80000,0x00000000dfb80000,0x00000000e0780000)
 ParOldGen       total 55296K, used 8621K [0x0000000080000000, 0x0000000083600000, 0x00000000d5580000)
  object space 55296K, 15% used [0x0000000080000000,0x000000008086b420,0x0000000083600000)
 Metaspace       used 34636K, capacity 35358K, committed 35496K, reserved 1079296K
  class space    used 4782K, capacity 5003K, committed 5120K, reserved 1048576K
}
Event: 4.843 GC heap before
{Heap before GC invocations=11 (full 2):
 PSYoungGen      total 122368K, used 11237K [0x00000000d5580000, 0x00000000e0780000, 0x0000000100000000)
  eden space 111104K, 0% used [0x00000000d5580000,0x00000000d5580000,0x00000000dc200000)
  from space 11264K, 99% used [0x00000000dc200000,0x00000000dccf9688,0x00000000dcd00000)
  to   space 12288K, 0% used [0x00000000dfb80000,0x00000000dfb80000,0x00000000e0780000)
 ParOldGen       total 55296K, used 8621K [0x0000000080000000, 0x0000000083600000, 0x00000000d5580000)
  object space 55296K, 15% used [0x0000000080000000,0x000000008086b420,0x0000000083600000)
 Metaspace       used 34636K, capacity 35358K, committed 35496K, reserved 1079296K
  class space    used 4782K, capacity 5003K, committed 5120K, reserved 1048576K
Event: 4.912 GC heap after
Heap after GC invocations=11 (full 2):
 PSYoungGen      total 122368K, used 0K [0x00000000d5580000, 0x00000000e0780000, 0x0000000100000000)
  eden space 111104K, 0% used [0x00000000d5580000,0x00000000d5580000,0x00000000dc200000)
  from space 11264K, 0% used [0x00000000dc200000,0x00000000dc200000,0x00000000dcd00000)
  to   space 12288K, 0% used [0x00000000dfb80000,0x00000000dfb80000,0x00000000e0780000)
 ParOldGen       total 86528K, used 18141K [0x0000000080000000, 0x0000000085480000, 0x00000000d5580000)
  object space 86528K, 20% used [0x0000000080000000,0x00000000811b74e8,0x0000000085480000)
 Metaspace       used 34609K, capacity 35268K, committed 35496K, reserved 1079296K
  class space    used 4774K, capacity 4988K, committed 5120K, reserved 1048576K
}
Event: 5.947 GC heap before
{Heap before GC invocations=12 (full 2):
 PSYoungGen      total 122368K, used 111104K [0x00000000d5580000, 0x00000000e0780000, 0x0000000100000000)
  eden space 111104K, 100% used [0x00000000d5580000,0x00000000dc200000,0x00000000dc200000)
  from space 11264K, 0% used [0x00000000dc200000,0x00000000dc200000,0x00000000dcd00000)
  to   space 12288K, 0% used [0x00000000dfb80000,0x00000000dfb80000,0x00000000e0780000)
 ParOldGen       total 86528K, used 18141K [0x0000000080000000, 0x0000000085480000, 0x00000000d5580000)
  object space 86528K, 20% used [0x0000000080000000,0x00000000811b74e8,0x0000000085480000)
 Metaspace       used 45386K, capacity 46314K, committed 46592K, reserved 1089536K
  class space    used 6105K, capacity 6386K, committed 6400K, reserved 1048576K
Event: 5.961 GC heap after
Heap after GC invocations=12 (full 2):
 PSYoungGen      total 153600K, used 12275K [0x00000000d5580000, 0x00000000e0780000, 0x0000000100000000)
  eden space 141312K, 0% used [0x00000000d5580000,0x00000000d5580000,0x00000000ddf80000)
  from space 12288K, 99% used [0x00000000dfb80000,0x00000000e077cfe8,0x00000000e0780000)
  to   space 14336K, 0% used [0x00000000deb80000,0x00000000deb80000,0x00000000df980000)
 ParOldGen       total 86528K, used 20603K [0x0000000080000000, 0x0000000085480000, 0x00000000d5580000)
  object space 86528K, 23% used [0x0000000080000000,0x000000008141eed8,0x0000000085480000)
 Metaspace       used 45386K, capacity 46314K, committed 46592K, reserved 1089536K
  class space    used 6105K, capacity 6386K, committed 6400K, reserved 1048576K
}

Deoptimization events (10 events):
Event: 5.499 Thread 0x0000000019f2b000 Uncommon trap: reason=unstable_if action=reinterpret pc=0x0000000003da4528 method=java.util.jar.JarFile.maybeInstantiateVerifier()V @ 4
Event: 5.499 Thread 0x0000000019f2b000 Uncommon trap: reason=unstable_if action=reinterpret pc=0x00000000038cacb0 method=java.util.jar.JarFile.maybeInstantiateVerifier()V @ 4
Event: 5.499 Thread 0x0000000019f2b000 Uncommon trap: reason=unstable_if action=reinterpret pc=0x0000000003fb013c method=java.security.CodeSource.matchCerts(Ljava/security/CodeSource;Z)Z @ 11
Event: 5.514 Thread 0x0000000019f2b000 Uncommon trap: reason=unstable_if action=reinterpret pc=0x0000000003e7a17c method=java.util.LinkedHashMap.get(Ljava/lang/Object;)Ljava/lang/Object; @ 20
Event: 5.564 Thread 0x0000000019f2b000 Uncommon trap: reason=unstable_if action=reinterpret pc=0x0000000003c81728 method=org.objectweb.asm.ByteVector.putUTF8(Ljava/lang/String;)Lorg/objectweb/asm/ByteVector; @ 93
Event: 5.849 Thread 0x0000000019f2b000 Uncommon trap: reason=unstable_if action=reinterpret pc=0x0000000003c635e0 method=org.gradle.internal.reflect.PropertyAccessorType.of(Ljava/lang/reflect/Method;)Lorg/gradle/internal/reflect/PropertyAccessorType; @ 56
Event: 5.915 Thread 0x0000000019f2b000 Uncommon trap: reason=unstable_if action=reinterpret pc=0x0000000003d3e0f0 method=org.codehaus.groovy.runtime.metaclass.MetaMethodIndex.isNonRealMethod(Lgroovy/lang/MetaMethod;)Z @ 4
Event: 5.916 Thread 0x0000000019f2b000 Uncommon trap: reason=unstable_if action=reinterpret pc=0x0000000003f76eb8 method=groovy.lang.MetaClassImpl$1MOPIter.methodNameAction(Ljava/lang/Class;Lorg/codehaus/groovy/runtime/metaclass/MetaMethodIndex$Entry;)V @ 182
Event: 5.930 Thread 0x0000000019f2b000 Uncommon trap: reason=unstable_if action=reinterpret pc=0x00000000040c4c88 method=java.lang.ClassLoader.checkCerts(Ljava/lang/String;Ljava/security/CodeSource;)V @ 29
Event: 6.151 Thread 0x0000000019f2b000 Uncommon trap: reason=unstable_if action=reinterpret pc=0x0000000004081764 method=org.gradle.internal.instantiation.AbstractClassGenerator$InjectionAnnotationValidator.validateMethod(Ljava/lang/reflect/Method;Lorg/gradle/internal/reflect/PropertyAccessorT

Classes redefined (0 events):
No events

Internal exceptions (10 events):
Event: 6.089 Thread 0x0000000019f2b000 Exception <a 'java/security/PrivilegedActionException'> (0x00000000d68c8e68) thrown at [D:\src\AOSP-openjdk-cygwin\jdk8u\hotspot\src\share\vm\prims\jvm.cpp, line 1508]
Event: 6.089 Thread 0x0000000019f2b000 Exception <a 'java/security/PrivilegedActionException'> (0x00000000d68c9be8) thrown at [D:\src\AOSP-openjdk-cygwin\jdk8u\hotspot\src\share\vm\prims\jvm.cpp, line 1508]
Event: 6.089 Thread 0x0000000019f2b000 Exception <a 'java/lang/ClassNotFoundException': org/codehaus/groovy/runtime/GStringImplBeanInfo> (0x00000000d68ddb38) thrown at [D:\src\AOSP-openjdk-cygwin\jdk8u\hotspot\src\share\vm\classfile\systemDictionary.cpp, line 210]
Event: 6.089 Thread 0x0000000019f2b000 Exception <a 'java/security/PrivilegedActionException'> (0x00000000d68e7088) thrown at [D:\src\AOSP-openjdk-cygwin\jdk8u\hotspot\src\share\vm\prims\jvm.cpp, line 1508]
Event: 6.089 Thread 0x0000000019f2b000 Exception <a 'java/security/PrivilegedActionException'> (0x00000000d68e7e08) thrown at [D:\src\AOSP-openjdk-cygwin\jdk8u\hotspot\src\share\vm\prims\jvm.cpp, line 1508]
Event: 6.090 Thread 0x0000000019f2b000 Exception <a 'java/security/PrivilegedActionException'> (0x00000000d68f68d0) thrown at [D:\src\AOSP-openjdk-cygwin\jdk8u\hotspot\src\share\vm\prims\jvm.cpp, line 1508]
Event: 6.090 Thread 0x0000000019f2b000 Exception <a 'java/security/PrivilegedActionException'> (0x00000000d68f7650) thrown at [D:\src\AOSP-openjdk-cygwin\jdk8u\hotspot\src\share\vm\prims\jvm.cpp, line 1508]
Event: 6.090 Thread 0x0000000019f2b000 Exception <a 'java/security/PrivilegedActionException'> (0x00000000d6904600) thrown at [D:\src\AOSP-openjdk-cygwin\jdk8u\hotspot\src\share\vm\prims\jvm.cpp, line 1508]
Event: 6.090 Thread 0x0000000019f2b000 Exception <a 'java/security/PrivilegedActionException'> (0x00000000d6905380) thrown at [D:\src\AOSP-openjdk-cygwin\jdk8u\hotspot\src\share\vm\prims\jvm.cpp, line 1508]
Event: 6.090 Thread 0x0000000019f2b000 Exception <a 'java/lang/ClassNotFoundException': org/codehaus/groovy/runtime/GStringImplCustomizer> (0x00000000d6919658) thrown at [D:\src\AOSP-openjdk-cygwin\jdk8u\hotspot\src\share\vm\classfile\systemDictionary.cpp, line 210]

Events (10 events):
Event: 6.199 loading class com/sun/org/apache/xerces/internal/xni/parser/XMLPullParserConfiguration done
Event: 6.199 loading class com/sun/org/apache/xerces/internal/parsers/XML11Configurable
Event: 6.199 loading class com/sun/org/apache/xerces/internal/parsers/XML11Configurable done
Event: 6.199 loading class com/sun/org/apache/xerces/internal/util/ParserConfigurationSettings
Event: 6.200 loading class com/sun/org/apache/xerces/internal/util/ParserConfigurationSettings done
Event: 6.200 loading class com/sun/org/apache/xerces/internal/parsers/XML11Configuration done
Event: 6.200 loading class com/sun/org/apache/xerces/internal/parsers/XIncludeAwareParserConfiguration done
Event: 6.200 loading class jdk/xml/internal/JdkXmlUtils
Event: 6.201 loading class jdk/xml/internal/JdkXmlUtils done
Event: 6.201 loading class jdk/xml/internal/SecuritySupport


Dynamic libraries:
0x00007ff6b75c0000 - 0x00007ff6b75f1000 	D:\Программы\Новая папка\jre\bin\java.exe
0x00007ffba0020000 - 0x00007ffba0210000 	C:\WINDOWS\SYSTEM32\ntdll.dll
0x00007ffb9eaf0000 - 0x00007ffb9eba2000 	C:\WINDOWS\System32\KERNEL32.DLL
0x00007ffb9d100000 - 0x00007ffb9d3a3000 	C:\WINDOWS\System32\KERNELBASE.dll
0x00007ffb9fa80000 - 0x00007ffb9fb23000 	C:\WINDOWS\System32\ADVAPI32.dll
0x00007ffb9ed60000 - 0x00007ffb9edfe000 	C:\WINDOWS\System32\msvcrt.dll
0x00007ffb9ee00000 - 0x00007ffb9ee97000 	C:\WINDOWS\System32\sechost.dll
0x00007ffb9e9d0000 - 0x00007ffb9eaf0000 	C:\WINDOWS\System32\RPCRT4.dll
0x00007ffb9f290000 - 0x00007ffb9f424000 	C:\WINDOWS\System32\USER32.dll
0x00007ffb9e0a0000 - 0x00007ffb9e0c1000 	C:\WINDOWS\System32\win32u.dll
0x00007ffb9f000000 - 0x00007ffb9f026000 	C:\WINDOWS\System32\GDI32.dll
0x00007ffb9de00000 - 0x00007ffb9df94000 	C:\WINDOWS\System32\gdi32full.dll
0x00007ffb9db30000 - 0x00007ffb9dbce000 	C:\WINDOWS\System32\msvcp_win.dll
0x00007ffb9dfa0000 - 0x00007ffb9e09a000 	C:\WINDOWS\System32\ucrtbase.dll
0x00007ffb8c190000 - 0x00007ffb8c415000 	C:\WINDOWS\WinSxS\amd64_microsoft.windows.common-controls_6595b64144ccf1df_6.0.18362.657_none_e6c5b579130e3898\COMCTL32.dll
0x00007ffb9fc30000 - 0x00007ffb9ff66000 	C:\WINDOWS\System32\combase.dll
0x00007ffb9dbf0000 - 0x00007ffb9dc70000 	C:\WINDOWS\System32\bcryptPrimitives.dll
0x00007ffb9fbe0000 - 0x00007ffb9fc0e000 	C:\WINDOWS\System32\IMM32.DLL
0x0000000074ca0000 - 0x0000000074d72000 	D:\Программы\Новая папка\jre\jre\bin\msvcr100.dll
0x0000000074e60000 - 0x00000000756a6000 	D:\Программы\Новая папка\jre\jre\bin\server\jvm.dll
0x00007ffb9f1f0000 - 0x00007ffb9f1f8000 	C:\WINDOWS\System32\PSAPI.DLL
0x00007ffb9b9e0000 - 0x00007ffb9b9e9000 	C:\WINDOWS\SYSTEM32\WSOCK32.dll
0x00007ffb997b0000 - 0x00007ffb997d4000 	C:\WINDOWS\SYSTEM32\WINMM.dll
0x00007ffb97d50000 - 0x00007ffb97d5a000 	C:\WINDOWS\SYSTEM32\VERSION.dll
0x00007ffb9ff70000 - 0x00007ffb9ffdf000 	C:\WINDOWS\System32\WS2_32.dll
0x00007ffb99740000 - 0x00007ffb9976d000 	C:\WINDOWS\SYSTEM32\WINMMBASE.dll
0x00007ffb9dca0000 - 0x00007ffb9dcea000 	C:\WINDOWS\System32\cfgmgr32.dll
0x00007ffb99830000 - 0x00007ffb9983f000 	D:\Программы\Новая папка\jre\jre\bin\verify.dll
0x00007ffb99800000 - 0x00007ffb99829000 	D:\Программы\Новая папка\jre\jre\bin\java.dll
0x00007ffb984c0000 - 0x00007ffb984d6000 	D:\Программы\Новая папка\jre\jre\bin\zip.dll
0x00007ffb9e2e0000 - 0x00007ffb9e9c5000 	C:\WINDOWS\System32\SHELL32.dll
0x00007ffb9fb30000 - 0x00007ffb9fbd9000 	C:\WINDOWS\System32\shcore.dll
0x00007ffb9d3b0000 - 0x00007ffb9db2f000 	C:\WINDOWS\System32\windows.storage.dll
0x00007ffb9cf70000 - 0x00007ffb9cf8f000 	C:\WINDOWS\System32\profapi.dll
0x00007ffb9cf00000 - 0x00007ffb9cf4a000 	C:\WINDOWS\System32\powrprof.dll
0x00007ffb9cef0000 - 0x00007ffb9cf00000 	C:\WINDOWS\System32\UMPDC.dll
0x00007ffb9e280000 - 0x00007ffb9e2d2000 	C:\WINDOWS\System32\shlwapi.dll
0x00007ffb9cf50000 - 0x00007ffb9cf61000 	C:\WINDOWS\System32\kernel.appcore.dll
0x00007ffb9dbd0000 - 0x00007ffb9dbe7000 	C:\WINDOWS\System32\cryptsp.dll
0x00007ffb96590000 - 0x00007ffb965aa000 	D:\Программы\Новая папка\jre\jre\bin\net.dll
0x00007ffb9c760000 - 0x00007ffb9c7c7000 	C:\WINDOWS\system32\mswsock.dll
0x00007ffb96570000 - 0x00007ffb96581000 	D:\Программы\Новая папка\jre\jre\bin\nio.dll
0x00007ffb71240000 - 0x00007ffb71266000 	C:\Users\kozyr\.gradle\native\29\windows-amd64\native-platform.dll
0x00007ffb98350000 - 0x00007ffb9835d000 	D:\Программы\Новая папка\jre\jre\bin\management.dll
0x00007ffb9c2d0000 - 0x00007ffb9c303000 	C:\WINDOWS\system32\rsaenh.dll
0x00007ffb9dc70000 - 0x00007ffb9dc96000 	C:\WINDOWS\System32\bcrypt.dll
0x00007ffb9cde0000 - 0x00007ffb9ce05000 	C:\WINDOWS\SYSTEM32\USERENV.dll
0x00007ffb9c930000 - 0x00007ffb9c93c000 	C:\WINDOWS\SYSTEM32\CRYPTBASE.dll
0x00007ffb9c470000 - 0x00007ffb9c4aa000 	C:\WINDOWS\SYSTEM32\IPHLPAPI.DLL
0x00007ffb9f280000 - 0x00007ffb9f288000 	C:\WINDOWS\System32\NSI.dll
0x00007ffb8f920000 - 0x00007ffb8f936000 	C:\WINDOWS\SYSTEM32\dhcpcsvc6.DLL
0x00007ffb90c90000 - 0x00007ffb90cac000 	C:\WINDOWS\SYSTEM32\dhcpcsvc.DLL
0x00007ffb9c4b0000 - 0x00007ffb9c57a000 	C:\WINDOWS\SYSTEM32\DNSAPI.dll

VM Arguments:
jvm_args: -Xmx2048m -Dfile.encoding=windows-1251 -Duser.country=RU -Duser.language=ru -Duser.variant 
java_command: org.gradle.launcher.daemon.bootstrap.GradleDaemon 5.4.1
java_class_path (initial): C:\Users\kozyr\.gradle\wrapper\dists\gradle-5.4.1-all\3221gyojl5jsh0helicew7rwx\gradle-5.4.1\lib\gradle-launcher-5.4.1.jar
Launcher Type: SUN_STANDARD

Environment Variables:
PATH=C:\Python27\;C:\Python27\Scripts;C:\Program Files (x86)\Intel\iCLS Client\;C:\Program Files\Intel\iCLS Client\;C:\windows\system32;C:\windows;C:\windows\System32\Wbem;C:\windows\System32\WindowsPowerShell\v1.0\;C:\Program Files (x86)\Intel\Intel(R) Management Engine Components\DAL;C:\Program Files\Intel\Intel(R) Management Engine Components\DAL;C:\Program Files (x86)\Intel\Intel(R) Management Engine Components\IPT;C:\Program Files\Intel\Intel(R) Management Engine Components\IPT;C:\Program Files (x86)\NVIDIA Corporation\PhysX\Common;C:\Program Files\Intel\IntelSGXPSW\bin\x64\Release\;C:\Program Files\Intel\IntelSGXPSW\bin\win32\Release\;C:\Program Files (x86)\Skype\Phone\;C:\WINDOWS\system32;C:\WINDOWS;C:\WINDOWS\System32\Wbem;C:\WINDOWS\System32\WindowsPowerShell\v1.0\;C:\Program Files\Common Files\Autodesk Shared\;C:\Program Files (x86)\Autodesk\Backburner\;C:\Program Files (x86)\GtkSharp\2.12\bin;C:\WINDOWS\System32\OpenSSH\;C:\Program Files\nodejs\;C:\ProgramData\chocolatey\bin;C:\Users\kozyr\AppData\Local\Microsoft\WindowsApps;C:\Users\kozyr\AppData\Roaming\npm
USERNAME=kozyr
OS=Windows_NT
PROCESSOR_IDENTIFIER=Intel64 Family 6 Model 94 Stepping 3, GenuineIntel



---------------  S Y S T E M  ---------------

OS: Windows 10.0 , 64 bit Build 18362 (10.0.18362.329)

CPU:total 8 (initial active 8) (4 cores per cpu, 2 threads per core) family 6 model 94 stepping 3, cmov, cx8, fxsr, mmx, sse, sse2, sse3, ssse3, sse4.1, sse4.2, popcnt, avx, avx2, aes, clmul, erms, rtm, 3dnowpref, lzcnt, ht, tsc, tscinvbit, bmi1, bmi2, adx

Memory: 4k page, physical 8223456k(501832k free), swap 10320608k(6360k free)

vm_info: OpenJDK 64-Bit Server VM (25.202-b03) for windows-amd64 JRE (1.8.0_202-release-1483-b03), built by "builder" with MS VC++ 10.0 (VS2010)

time: Sat Mar 07 00:55:10 2020
timezone: RTZ 2 (зима)
elapsed time: 6 seconds (0d 0h 0m 6s)

