#
# There is insufficient memory for the Java Runtime Environment to continue.
# Native memory allocation (malloc) failed to allocate 1391696 bytes for Chunk::new
# Possible reasons:
#   The system is out of physical RAM or swap space
#   The process is running with CompressedOops enabled, and the Java Heap may be blocking the growth of the native heap
# Possible solutions:
#   Reduce memory load on the system
#   Increase physical memory or swap space
#   Check if swap backing store is full
#   Decrease Java heap size (-Xmx/-Xms)
#   Decrease number of Java threads
#   Decrease Java thread stack sizes (-Xss)
#   Set larger code cache with -XX:ReservedCodeCacheSize=
#   JVM is running with Unscaled Compressed Oops mode in which the Java heap is
#     placed in the first 4GB address space. The Java Heap base address is the
#     maximum limit for the native heap growth. Please use -XX:HeapBaseMinAddress
#     to set the Java Heap base and to place the Java Heap above 4GB virtual address.
# This output file may be truncated or incomplete.
#
#  Out of Memory Error (allocation.cpp:389), pid=11504, tid=0x0000000000003d30
#
# JRE version: OpenJDK Runtime Environment (8.0_202-b03) (build 1.8.0_202-release-1483-b03)
# Java VM: OpenJDK 64-Bit Server VM (25.202-b03 mixed mode windows-amd64 compressed oops)
# Failed to write core dump. Minidumps are not enabled by default on client versions of Windows
#

---------------  T H R E A D  ---------------

Current thread (0x0000000019dcb800):  JavaThread "C2 CompilerThread1" daemon [_thread_in_native, id=15664, stack(0x000000001a7a0000,0x000000001a8a0000)]

Stack: [0x000000001a7a0000,0x000000001a8a0000]
[error occurred during error reporting (printing stack bounds), id 0xc0000005]

Native frames: (J=compiled Java code, j=interpreted, Vv=VM code, C=native code)


Current CompileTask:
C2:13079529 26429   !   4       com.android.manifmerger.XmlElement::<init> (596 bytes)


---------------  P R O C E S S  ---------------

Java Threads: ( => current thread )
  0x0000000021f55000 JavaThread "Cache worker for execution history cache (C:\Users\kozyr\Diser 111111\Diser 9.7.0\.gradle\5.4.1\executionHistory)" [_thread_blocked, id=7408, stack(0x0000000029180000,0x0000000029280000)]
  0x0000000021f54800 JavaThread "Execution worker for ':' Thread 7" [_thread_blocked, id=6796, stack(0x0000000029080000,0x0000000029180000)]
  0x0000000021f5b000 JavaThread "Execution worker for ':' Thread 6" [_thread_blocked, id=7984, stack(0x0000000028f80000,0x0000000029080000)]
  0x0000000021f56000 JavaThread "Execution worker for ':' Thread 5" [_thread_blocked, id=7900, stack(0x0000000028e80000,0x0000000028f80000)]
  0x0000000021f58000 JavaThread "Execution worker for ':' Thread 4" [_thread_blocked, id=13756, stack(0x0000000028380000,0x0000000028480000)]
  0x0000000021f53800 JavaThread "Execution worker for ':' Thread 3" [_thread_blocked, id=13232, stack(0x0000000027c80000,0x0000000027d80000)]
  0x0000000021f5a800 JavaThread "Execution worker for ':' Thread 2" [_thread_in_native, id=12896, stack(0x0000000027a80000,0x0000000027b80000)]
  0x000000001f866000 JavaThread "Execution worker for ':'" [_thread_blocked, id=8536, stack(0x0000000027980000,0x0000000027a80000)]
  0x000000001f863000 JavaThread "Cache worker for Build Output Cleanup Cache (C:\Users\kozyr\Diser 111111\Diser 9.7.0\.gradle\buildOutputCleanup)" [_thread_blocked, id=1676, stack(0x0000000026ef0000,0x0000000026ff0000)]
  0x000000001f858800 JavaThread "Build operations Thread 8" [_thread_blocked, id=9404, stack(0x0000000026380000,0x0000000026480000)]
  0x000000001f85b800 JavaThread "Build operations Thread 7" [_thread_blocked, id=15668, stack(0x0000000026180000,0x0000000026280000)]
  0x000000001f85a000 JavaThread "Build operations Thread 6" [_thread_blocked, id=9420, stack(0x0000000023a10000,0x0000000023b10000)]
  0x000000001f85f000 JavaThread "Build operations Thread 5" [_thread_blocked, id=3944, stack(0x0000000023910000,0x0000000023a10000)]
  0x000000001f857800 JavaThread "Build operations Thread 4" [_thread_blocked, id=9304, stack(0x0000000023810000,0x0000000023910000)]
  0x000000001f85e800 JavaThread "Build operations Thread 3" [_thread_blocked, id=16344, stack(0x0000000023710000,0x0000000023810000)]
  0x000000001f85c000 JavaThread "Build operations Thread 2" [_thread_blocked, id=16376, stack(0x0000000023610000,0x0000000023710000)]
  0x000000001f857000 JavaThread "Build operations" [_thread_blocked, id=5720, stack(0x0000000023510000,0x0000000023610000)]
  0x0000000024e41000 JavaThread "Cache worker for cache directory md-rule (C:\Users\kozyr\.gradle\caches\5.4.1\md-rule)" [_thread_blocked, id=3620, stack(0x0000000023210000,0x0000000023310000)]
  0x0000000024e39800 JavaThread "Cache worker for cache directory md-supplier (C:\Users\kozyr\.gradle\caches\5.4.1\md-supplier)" [_thread_blocked, id=13340, stack(0x0000000020e70000,0x0000000020f70000)]
  0x0000000024e3c000 JavaThread "Cache worker for file hash cache (C:\Users\kozyr\Diser 111111\Diser 9.7.0\.gradle\5.4.1\fileHashes)" [_thread_blocked, id=8056, stack(0x000000001d400000,0x000000001d500000)]
  0x0000000024e40800 JavaThread "Thread-554" [_thread_blocked, id=11520, stack(0x000000001d300000,0x000000001d400000)]
  0x0000000024e3f800 JavaThread "Stdin handler" [_thread_blocked, id=1388, stack(0x000000001d200000,0x000000001d300000)]
  0x0000000024e38000 JavaThread "Asynchronous log dispatcher for DefaultDaemonConnection: socket connection from /127.0.0.1:53686 to /127.0.0.1:55069" [_thread_blocked, id=5252, stack(0x000000001cf00000,0x000000001d000000)]
  0x0000000024e3b000 JavaThread "Daemon worker Thread 13" [_thread_blocked, id=11648, stack(0x000000001ce00000,0x000000001cf00000)]
  0x0000000024e3d800 JavaThread "Cancel handler" [_thread_blocked, id=3844, stack(0x0000000001210000,0x0000000001310000)]
  0x0000000024e35000 JavaThread "Handler for socket connection from /127.0.0.1:53686 to /127.0.0.1:55069" [_thread_in_native, id=16220, stack(0x0000000001110000,0x0000000001210000)]
  0x0000000024e3a800 JavaThread "Daemon Thread 13" [_thread_blocked, id=3528, stack(0x0000000001010000,0x0000000001110000)]
  0x000000001f85d800 JavaThread "Cache worker for Java compile cache (C:\Users\kozyr\.gradle\caches\5.4.1\javaCompile)" [_thread_blocked, id=11888, stack(0x0000000027b80000,0x0000000027c80000)]
  0x00000000215d2800 JavaThread "Cache worker for file content cache (C:\Users\kozyr\.gradle\caches\5.4.1\fileContent)" [_thread_blocked, id=14516, stack(0x0000000026280000,0x0000000026380000)]
  0x00000000215de000 JavaThread "Memory manager" [_thread_blocked, id=5056, stack(0x0000000025b80000,0x0000000025c80000)]
  0x00000000215d5000 JavaThread "Cache worker for execution history cache (C:\Users\kozyr\.gradle\caches\5.4.1\executionHistory)" [_thread_blocked, id=15392, stack(0x0000000022d10000,0x0000000022e10000)]
  0x000000001bd12000 JavaThread "Cache worker for journal cache (C:\Users\kozyr\.gradle\caches\journal-1)" [_thread_blocked, id=13664, stack(0x000000001e9d0000,0x000000001ead0000)]
  0x000000001bd0e800 JavaThread "File lock request listener" [_thread_in_native, id=13068, stack(0x000000001e8d0000,0x000000001e9d0000)]
  0x000000001c274800 JavaThread "Cache worker for file hash cache (C:\Users\kozyr\.gradle\caches\5.4.1\fileHashes)" [_thread_blocked, id=11964, stack(0x000000001e7d0000,0x000000001e8d0000)]
  0x000000001a0d4000 JavaThread "Daemon periodic checks" [_thread_blocked, id=15764, stack(0x000000001cd00000,0x000000001ce00000)]
  0x000000001af27000 JavaThread "Incoming local TCP Connector on port 53686" [_thread_in_native, id=7956, stack(0x000000001cab0000,0x000000001cbb0000)]
  0x000000001bd8d000 JavaThread "Daemon health stats" [_thread_blocked, id=6000, stack(0x000000001c470000,0x000000001c570000)]
  0x0000000019e59000 JavaThread "Service Thread" daemon [_thread_blocked, id=15196, stack(0x000000001aaa0000,0x000000001aba0000)]
  0x0000000017fce000 JavaThread "C1 CompilerThread3" daemon [_thread_blocked, id=1760, stack(0x000000001a9a0000,0x000000001aaa0000)]
  0x0000000017fcb000 JavaThread "C2 CompilerThread2" daemon [_thread_blocked, id=12292, stack(0x000000001a8a0000,0x000000001a9a0000)]
=>0x0000000019dcb800 JavaThread "C2 CompilerThread1" daemon [_thread_in_native, id=15664, stack(0x000000001a7a0000,0x000000001a8a0000)]
  0x0000000019dc7000 JavaThread "C2 CompilerThread0" daemon [_thread_blocked, id=11296, stack(0x000000001a6a0000,0x000000001a7a0000)]
  0x0000000019dc4000 JavaThread "Attach Listener" daemon [_thread_blocked, id=14096, stack(0x000000001a5a0000,0x000000001a6a0000)]
  0x0000000019dc3000 JavaThread "Signal Dispatcher" daemon [_thread_blocked, id=2704, stack(0x000000001a4a0000,0x000000001a5a0000)]
  0x0000000001a4e000 JavaThread "Finalizer" daemon [_thread_blocked, id=11176, stack(0x000000001a290000,0x000000001a390000)]
  0x0000000017fbc800 JavaThread "Reference Handler" daemon [_thread_blocked, id=13148, stack(0x000000001a190000,0x000000001a290000)]
  0x000000000184e800 JavaThread "main" [_thread_blocked, id=14268, stack(0x0000000001850000,0x0000000001950000)]

Other Threads:
  0x0000000017fb8800 VMThread [stack: 0x0000000019c90000,0x0000000019d90000] [id=15240]
  0x0000000019e61800 WatcherThread [stack: 0x000000001aba0000,0x000000001aca0000] [id=15000]

VM state:not at safepoint (normal execution)

VM Mutex/Monitor currently owned by a thread: None

heap address: 0x0000000080000000, size: 2048 MB, Compressed Oops mode: 32-bit
Narrow klass base: 0x0000000000000000, Narrow klass shift: 3
Compressed class space size: 1073741824 Address: 0x0000000100000000

Heap:
 PSYoungGen      total 220160K, used 115796K [0x00000000d5580000, 0x00000000e6380000, 0x0000000100000000)
  eden space 182272K, 43% used [0x00000000d5580000,0x00000000da344038,0x00000000e0780000)
  from space 37888K, 95% used [0x00000000e0780000,0x00000000e2ad1000,0x00000000e2c80000)
  to   space 42496K, 0% used [0x00000000e3a00000,0x00000000e3a00000,0x00000000e6380000)
 ParOldGen       total 171008K, used 58193K [0x0000000080000000, 0x000000008a700000, 0x00000000d5580000)
  object space 171008K, 34% used [0x0000000080000000,0x00000000838d4690,0x000000008a700000)
 Metaspace       used 101663K, capacity 108272K, committed 108492K, reserved 1144832K
  class space    used 12902K, capacity 14041K, committed 14080K, reserved 1048576K

Card table byte_map: [0x0000000012410000,0x0000000012820000] byte_map_base: 0x0000000012010000

Marking Bits: (ParMarkBitMap*) 0x0000000073bd9f30
 Begin Bits: [0x00000000131d0000, 0x00000000151d0000)
 End Bits:   [0x00000000151d0000, 0x00000000171d0000)

Polling page: 0x00000000016b0000

CodeCache: size=245760Kb used=73425Kb max_used=73438Kb free=172334Kb
 bounds [0x0000000003410000, 0x0000000007c40000, 0x0000000012410000]
 total_blobs=20748 nmethods=19832 adapters=826
 compilation: enabled

Compilation events (10 events):
Event: 13079.428 Thread 0x0000000017fce000 nmethod 26485 0x0000000007c05ed0 code [0x0000000007c060e0, 0x0000000007c06cd8]
Event: 13079.428 Thread 0x0000000017fce000 26486       3       com.android.manifmerger.XmlElement::mergeChild (266 bytes)
Event: 13079.430 Thread 0x0000000017fcb000 26488       4       java.lang.StringBuilder::charAt (6 bytes)
Event: 13079.432 Thread 0x0000000017fce000 nmethod 26486 0x0000000007c2d390 code [0x0000000007c2d920, 0x0000000007c31748]
Event: 13079.432 Thread 0x0000000017fce000 26487       3       com.android.manifmerger.AttributeModel$MergingPolicy::canMergeWithLowerPriority (13 bytes)
Event: 13079.432 Thread 0x0000000017fcb000 nmethod 26488 0x0000000007c1a390 code [0x0000000007c1a4e0, 0x0000000007c1a5b8]
Event: 13079.432 Thread 0x0000000017fce000 nmethod 26487 0x0000000007c1b810 code [0x0000000007c1b9a0, 0x0000000007c1bd48]
Event: 13079.438 Thread 0x0000000017fce000 26489       1       com.android.build.gradle.internal.scope.ApkData::getOutputFileName (5 bytes)
Event: 13079.438 Thread 0x0000000017fce000 nmethod 26489 0x0000000007c222d0 code [0x0000000007c22420, 0x0000000007c22530]
Event: 13079.438 Thread 0x0000000019dc7000 nmethod 26484 0x0000000007c33c50 code [0x0000000007c33e00, 0x0000000007c346a8]

GC Heap History (10 events):
Event: 11391.699 GC heap before
{Heap before GC invocations=45 (full 4):
 PSYoungGen      total 187392K, used 172986K [0x00000000d5580000, 0x00000000e2b80000, 0x0000000100000000)
  eden space 161792K, 98% used [0x00000000d5580000,0x00000000df18eea0,0x00000000df380000)
  from space 25600K, 51% used [0x00000000e1280000,0x00000000e1f5fab8,0x00000000e2b80000)
  to   space 28672K, 0% used [0x00000000df380000,0x00000000df380000,0x00000000e0f80000)
 ParOldGen       total 171008K, used 52949K [0x0000000080000000, 0x000000008a700000, 0x00000000d5580000)
  object space 171008K, 30% used [0x0000000080000000,0x00000000833b5650,0x000000008a700000)
 Metaspace       used 93817K, capacity 98314K, committed 100812K, reserved 1136640K
  class space    used 11891K, capacity 12737K, committed 13312K, reserved 1048576K
Event: 11391.727 GC heap after
Heap after GC invocations=45 (full 4):
 PSYoungGen      total 190464K, used 28663K [0x00000000d5580000, 0x00000000e4380000, 0x0000000100000000)
  eden space 161792K, 0% used [0x00000000d5580000,0x00000000d5580000,0x00000000df380000)
  from space 28672K, 99% used [0x00000000df380000,0x00000000e0f7de30,0x00000000e0f80000)
  to   space 34304K, 0% used [0x00000000e2200000,0x00000000e2200000,0x00000000e4380000)
 ParOldGen       total 171008K, used 58161K [0x0000000080000000, 0x000000008a700000, 0x00000000d5580000)
  object space 171008K, 34% used [0x0000000080000000,0x00000000838cc690,0x000000008a700000)
 Metaspace       used 93817K, capacity 98314K, committed 100812K, reserved 1136640K
  class space    used 11891K, capacity 12737K, committed 13312K, reserved 1048576K
}
Event: 11454.521 GC heap before
{Heap before GC invocations=46 (full 4):
 PSYoungGen      total 190464K, used 190455K [0x00000000d5580000, 0x00000000e4380000, 0x0000000100000000)
  eden space 161792K, 100% used [0x00000000d5580000,0x00000000df380000,0x00000000df380000)
  from space 28672K, 99% used [0x00000000df380000,0x00000000e0f7de30,0x00000000e0f80000)
  to   space 34304K, 0% used [0x00000000e2200000,0x00000000e2200000,0x00000000e4380000)
 ParOldGen       total 171008K, used 58161K [0x0000000080000000, 0x000000008a700000, 0x00000000d5580000)
  object space 171008K, 34% used [0x0000000080000000,0x00000000838cc690,0x000000008a700000)
 Metaspace       used 94638K, capacity 100148K, committed 100812K, reserved 1136640K
  class space    used 12056K, capacity 13042K, committed 13312K, reserved 1048576K
Event: 11454.540 GC heap after
Heap after GC invocations=46 (full 4):
 PSYoungGen      total 206336K, used 21548K [0x00000000d5580000, 0x00000000e4280000, 0x0000000100000000)
  eden space 173056K, 0% used [0x00000000d5580000,0x00000000d5580000,0x00000000dfe80000)
  from space 33280K, 64% used [0x00000000e2200000,0x00000000e370b3c0,0x00000000e4280000)
  to   space 34816K, 0% used [0x00000000dfe80000,0x00000000dfe80000,0x00000000e2080000)
 ParOldGen       total 171008K, used 58169K [0x0000000080000000, 0x000000008a700000, 0x00000000d5580000)
  object space 171008K, 34% used [0x0000000080000000,0x00000000838ce690,0x000000008a700000)
 Metaspace       used 94638K, capacity 100148K, committed 100812K, reserved 1136640K
  class space    used 12056K, capacity 13042K, committed 13312K, reserved 1048576K
}
Event: 11456.946 GC heap before
{Heap before GC invocations=47 (full 4):
 PSYoungGen      total 206336K, used 194604K [0x00000000d5580000, 0x00000000e4280000, 0x0000000100000000)
  eden space 173056K, 100% used [0x00000000d5580000,0x00000000dfe80000,0x00000000dfe80000)
  from space 33280K, 64% used [0x00000000e2200000,0x00000000e370b3c0,0x00000000e4280000)
  to   space 34816K, 0% used [0x00000000dfe80000,0x00000000dfe80000,0x00000000e2080000)
 ParOldGen       total 171008K, used 58169K [0x0000000080000000, 0x000000008a700000, 0x00000000d5580000)
  object space 171008K, 34% used [0x0000000080000000,0x00000000838ce690,0x000000008a700000)
 Metaspace       used 94759K, capacity 100490K, committed 101068K, reserved 1136640K
  class space    used 12076K, capacity 13077K, committed 13312K, reserved 1048576K
Event: 11456.965 GC heap after
Heap after GC invocations=47 (full 4):
 PSYoungGen      total 207872K, used 26539K [0x00000000d5580000, 0x00000000e5080000, 0x0000000100000000)
  eden space 173056K, 0% used [0x00000000d5580000,0x00000000d5580000,0x00000000dfe80000)
  from space 34816K, 76% used [0x00000000dfe80000,0x00000000e186ae70,0x00000000e2080000)
  to   space 36352K, 0% used [0x00000000e2d00000,0x00000000e2d00000,0x00000000e5080000)
 ParOldGen       total 171008K, used 58177K [0x0000000080000000, 0x000000008a700000, 0x00000000d5580000)
  object space 171008K, 34% used [0x0000000080000000,0x00000000838d0690,0x000000008a700000)
 Metaspace       used 94759K, capacity 100490K, committed 101068K, reserved 1136640K
  class space    used 12076K, capacity 13077K, committed 13312K, reserved 1048576K
}
Event: 13071.200 GC heap before
{Heap before GC invocations=48 (full 4):
 PSYoungGen      total 207872K, used 199595K [0x00000000d5580000, 0x00000000e5080000, 0x0000000100000000)
  eden space 173056K, 100% used [0x00000000d5580000,0x00000000dfe80000,0x00000000dfe80000)
  from space 34816K, 76% used [0x00000000dfe80000,0x00000000e186ae70,0x00000000e2080000)
  to   space 36352K, 0% used [0x00000000e2d00000,0x00000000e2d00000,0x00000000e5080000)
 ParOldGen       total 171008K, used 58177K [0x0000000080000000, 0x000000008a700000, 0x00000000d5580000)
  object space 171008K, 34% used [0x0000000080000000,0x00000000838d0690,0x000000008a700000)
 Metaspace       used 98720K, capacity 104920K, committed 105420K, reserved 1140736K
  class space    used 12532K, capacity 13619K, committed 13824K, reserved 1048576K
Event: 13071.227 GC heap after
Heap after GC invocations=48 (full 4):
 PSYoungGen      total 218624K, used 26337K [0x00000000d5580000, 0x00000000e5180000, 0x0000000100000000)
  eden space 182272K, 0% used [0x00000000d5580000,0x00000000d5580000,0x00000000e0780000)
  from space 36352K, 72% used [0x00000000e2d00000,0x00000000e46b8588,0x00000000e5080000)
  to   space 37888K, 0% used [0x00000000e0780000,0x00000000e0780000,0x00000000e2c80000)
 ParOldGen       total 171008K, used 58185K [0x0000000080000000, 0x000000008a700000, 0x00000000d5580000)
  object space 171008K, 34% used [0x0000000080000000,0x00000000838d2690,0x000000008a700000)
 Metaspace       used 98720K, capacity 104920K, committed 105420K, reserved 1140736K
  class space    used 12532K, capacity 13619K, committed 13824K, reserved 1048576K
}
Event: 13077.933 GC heap before
{Heap before GC invocations=49 (full 4):
 PSYoungGen      total 218624K, used 208609K [0x00000000d5580000, 0x00000000e5180000, 0x0000000100000000)
  eden space 182272K, 100% used [0x00000000d5580000,0x00000000e0780000,0x00000000e0780000)
  from space 36352K, 72% used [0x00000000e2d00000,0x00000000e46b8588,0x00000000e5080000)
  to   space 37888K, 0% used [0x00000000e0780000,0x00000000e0780000,0x00000000e2c80000)
 ParOldGen       total 171008K, used 58185K [0x0000000080000000, 0x000000008a700000, 0x00000000d5580000)
  object space 171008K, 34% used [0x0000000080000000,0x00000000838d2690,0x000000008a700000)
 Metaspace       used 101425K, capacity 107978K, committed 108236K, reserved 1142784K
  class space    used 12885K, capacity 14022K, committed 14080K, reserved 1048576K
Event: 13077.960 GC heap after
Heap after GC invocations=49 (full 4):
 PSYoungGen      total 220160K, used 36164K [0x00000000d5580000, 0x00000000e6380000, 0x0000000100000000)
  eden space 182272K, 0% used [0x00000000d5580000,0x00000000d5580000,0x00000000e0780000)
  from space 37888K, 95% used [0x00000000e0780000,0x00000000e2ad1000,0x00000000e2c80000)
  to   space 42496K, 0% used [0x00000000e3a00000,0x00000000e3a00000,0x00000000e6380000)
 ParOldGen       total 171008K, used 58193K [0x0000000080000000, 0x000000008a700000, 0x00000000d5580000)
  object space 171008K, 34% used [0x0000000080000000,0x00000000838d4690,0x000000008a700000)
 Metaspace       used 101425K, capacity 107978K, committed 108236K, reserved 1142784K
  class space    used 12885K, capacity 14022K, committed 14080K, reserved 1048576K
}

Deoptimization events (10 events):
Event: 13079.097 Thread 0x0000000021f5a800 Uncommon trap: reason=unstable_if action=reinterpret pc=0x0000000004592340 method=com.sun.org.apache.xerces.internal.dom.ParentNode.nodeListItem(I)Lorg/w3c/dom/Node; @ 15
Event: 13079.311 Thread 0x0000000021f5a800 Uncommon trap: reason=class_check action=maybe_recompile pc=0x0000000006449528 method=org.gradle.api.internal.file.AbstractFileCollection$3.apply(Ljava/io/File;)Z @ 5
Event: 13079.314 Thread 0x0000000021f5a800 Uncommon trap: reason=class_check action=maybe_recompile pc=0x0000000004f12988 method=com.google.common.collect.RegularImmutableSet.contains(Ljava/lang/Object;)Z @ 42
Event: 13079.314 Thread 0x0000000021f5a800 Uncommon trap: reason=class_check action=maybe_recompile pc=0x0000000006449528 method=org.gradle.api.internal.file.AbstractFileCollection$3.apply(Ljava/io/File;)Z @ 5
Event: 13079.314 Thread 0x0000000021f5a800 Uncommon trap: reason=class_check action=maybe_recompile pc=0x0000000004f12988 method=com.google.common.collect.RegularImmutableSet.contains(Ljava/lang/Object;)Z @ 42
Event: 13079.315 Thread 0x0000000021f5a800 Uncommon trap: reason=class_check action=maybe_recompile pc=0x0000000006449528 method=org.gradle.api.internal.file.AbstractFileCollection$3.apply(Ljava/io/File;)Z @ 5
Event: 13079.315 Thread 0x0000000021f5a800 Uncommon trap: reason=class_check action=maybe_recompile pc=0x0000000006449528 method=org.gradle.api.internal.file.AbstractFileCollection$3.apply(Ljava/io/File;)Z @ 5
Event: 13079.315 Thread 0x0000000021f5a800 Uncommon trap: reason=class_check action=maybe_recompile pc=0x0000000004f12988 method=com.google.common.collect.RegularImmutableSet.contains(Ljava/lang/Object;)Z @ 42
Event: 13079.315 Thread 0x0000000021f5a800 Uncommon trap: reason=class_check action=maybe_recompile pc=0x0000000004f12988 method=com.google.common.collect.RegularImmutableSet.contains(Ljava/lang/Object;)Z @ 42
Event: 13079.321 Thread 0x0000000021f5a800 Uncommon trap: reason=unstable_if action=reinterpret pc=0x000000000387664c method=com.google.common.base.Platform.stringIsNullOrEmpty(Ljava/lang/String;)Z @ 8

Classes redefined (0 events):
No events

Internal exceptions (10 events):
Event: 13072.333 Thread 0x0000000024e3b000 Implicit null exception at 0x000000000764c400 to 0x000000000764d5f9
Event: 13072.335 Thread 0x0000000024e3b000 Implicit null exception at 0x0000000007142f90 to 0x0000000007145889
Event: 13072.343 Thread 0x0000000024e3b000 Implicit null exception at 0x0000000003a5a722 to 0x0000000003a5ac61
Event: 13073.838 Thread 0x0000000024e3b000 Implicit null exception at 0x00000000063a1e5e to 0x00000000063a4bf1
Event: 13074.379 Thread 0x000000001f857000 Implicit null exception at 0x0000000006cd1aab to 0x0000000006cd1d09
Event: 13077.705 Thread 0x0000000024e3b000 Exception <a 'java/lang/IncompatibleClassChangeError': Found class java.lang.Object, but interface was expected> (0x00000000df7f7730) thrown at [D:\src\AOSP-openjdk-cygwin\jdk8u\hotspot\src\share\vm\interpreter\linkResolver.cpp, line 653]
Event: 13077.789 Thread 0x0000000024e40800 Exception <a 'java/lang/NoSuchMethodError': <clinit>> (0x00000000df8dd580) thrown at [D:\src\AOSP-openjdk-cygwin\jdk8u\hotspot\src\share\vm\prims\jni.cpp, line 1614]
Event: 13077.794 Thread 0x0000000024e40800 Exception <a 'java/lang/NoSuchMethodError': <clinit>> (0x00000000dfd758a8) thrown at [D:\src\AOSP-openjdk-cygwin\jdk8u\hotspot\src\share\vm\prims\jni.cpp, line 1614]
Event: 13077.960 Thread 0x0000000021f53800 Implicit null exception at 0x00000000047c6f22 to 0x00000000047c725c
Event: 13078.123 Thread 0x0000000024e3b000 Exception <a 'sun/nio/fs/WindowsException'> (0x00000000d56cc748) thrown at [D:\src\AOSP-openjdk-cygwin\jdk8u\hotspot\src\share\vm\prims\jni.cpp, line 710]

Events (10 events):
Event: 13079.321 loading class com/android/build/gradle/internal/scope/BuildOutput done
Event: 13079.321 Thread 0x0000000021f5a800 Uncommon trap: trap_request=0xffffff65 fr.pc=0x000000000387664c
Event: 13079.321 Thread 0x0000000021f5a800 DEOPT PACKING pc=0x000000000387664c sp=0x0000000027b7c530
Event: 13079.321 Thread 0x0000000021f5a800 DEOPT UNPACKING pc=0x000000000345557b sp=0x0000000027b7c470 mode 2
Event: 13079.324 loading class com/android/builder/internal/TestManifestGenerator
Event: 13079.324 loading class com/android/builder/internal/TestManifestGenerator done
Event: 13079.327 loading class com/android/builder/internal/TemplateProcessor
Event: 13079.327 loading class com/android/builder/internal/TemplateProcessor done
Event: 13079.433 loading class com/android/build/gradle/tasks/ProcessTestManifest$1
Event: 13079.433 loading class com/android/build/gradle/tasks/ProcessTestManifest$1 done


Dynamic libraries:
0x00007ff6a6780000 - 0x00007ff6a67b1000 	D:\Программы\Новая папка\jre\bin\java.exe
0x00007ffc5dc00000 - 0x00007ffc5ddf0000 	C:\WINDOWS\SYSTEM32\ntdll.dll
0x00007ffc5db00000 - 0x00007ffc5dbb2000 	C:\WINDOWS\System32\KERNEL32.DLL
0x00007ffc5ace0000 - 0x00007ffc5af83000 	C:\WINDOWS\System32\KERNELBASE.dll
0x00007ffc5d540000 - 0x00007ffc5d5e3000 	C:\WINDOWS\System32\ADVAPI32.dll
0x00007ffc5da60000 - 0x00007ffc5dafe000 	C:\WINDOWS\System32\msvcrt.dll
0x00007ffc5d3d0000 - 0x00007ffc5d467000 	C:\WINDOWS\System32\sechost.dll
0x00007ffc5bcb0000 - 0x00007ffc5bdd0000 	C:\WINDOWS\System32\RPCRT4.dll
0x00007ffc5d130000 - 0x00007ffc5d2c4000 	C:\WINDOWS\System32\USER32.dll
0x00007ffc5bc60000 - 0x00007ffc5bc81000 	C:\WINDOWS\System32\win32u.dll
0x00007ffc5d600000 - 0x00007ffc5d626000 	C:\WINDOWS\System32\GDI32.dll
0x00007ffc5bac0000 - 0x00007ffc5bc54000 	C:\WINDOWS\System32\gdi32full.dll
0x00007ffc5abf0000 - 0x00007ffc5ac8e000 	C:\WINDOWS\System32\msvcp_win.dll
0x00007ffc5b9c0000 - 0x00007ffc5baba000 	C:\WINDOWS\System32\ucrtbase.dll
0x00007ffc4c940000 - 0x00007ffc4cbc5000 	C:\WINDOWS\WinSxS\amd64_microsoft.windows.common-controls_6595b64144ccf1df_6.0.18362.657_none_e6c5b579130e3898\COMCTL32.dll
0x00007ffc5cdf0000 - 0x00007ffc5d126000 	C:\WINDOWS\System32\combase.dll
0x00007ffc5b940000 - 0x00007ffc5b9c0000 	C:\WINDOWS\System32\bcryptPrimitives.dll
0x00007ffc5c600000 - 0x00007ffc5c62e000 	C:\WINDOWS\System32\IMM32.DLL
0x0000000073250000 - 0x0000000073322000 	D:\Программы\Новая папка\jre\jre\bin\msvcr100.dll
0x0000000073410000 - 0x0000000073c56000 	D:\Программы\Новая папка\jre\jre\bin\server\jvm.dll
0x00007ffc5d5f0000 - 0x00007ffc5d5f8000 	C:\WINDOWS\System32\PSAPI.DLL
0x00007ffc595c0000 - 0x00007ffc595c9000 	C:\WINDOWS\SYSTEM32\WSOCK32.dll
0x00007ffc5d710000 - 0x00007ffc5d77f000 	C:\WINDOWS\System32\WS2_32.dll
0x00007ffc56ca0000 - 0x00007ffc56cc4000 	C:\WINDOWS\SYSTEM32\WINMM.dll
0x00007ffc557f0000 - 0x00007ffc557fa000 	C:\WINDOWS\SYSTEM32\VERSION.dll
0x00007ffc56b30000 - 0x00007ffc56b5d000 	C:\WINDOWS\SYSTEM32\WINMMBASE.dll
0x00007ffc5ac90000 - 0x00007ffc5acda000 	C:\WINDOWS\System32\cfgmgr32.dll
0x00007ffc56e90000 - 0x00007ffc56e9f000 	D:\Программы\Новая папка\jre\jre\bin\verify.dll
0x00007ffc54590000 - 0x00007ffc545b9000 	D:\Программы\Новая папка\jre\jre\bin\java.dll
0x00007ffc54570000 - 0x00007ffc54586000 	D:\Программы\Новая папка\jre\jre\bin\zip.dll
0x00007ffc5bf10000 - 0x00007ffc5c5f5000 	C:\WINDOWS\System32\SHELL32.dll
0x00007ffc5c8d0000 - 0x00007ffc5c979000 	C:\WINDOWS\System32\shcore.dll
0x00007ffc5af90000 - 0x00007ffc5b70f000 	C:\WINDOWS\System32\windows.storage.dll
0x00007ffc5ab70000 - 0x00007ffc5ab8f000 	C:\WINDOWS\System32\profapi.dll
0x00007ffc5ab00000 - 0x00007ffc5ab4a000 	C:\WINDOWS\System32\powrprof.dll
0x00007ffc5aad0000 - 0x00007ffc5aae0000 	C:\WINDOWS\System32\UMPDC.dll
0x00007ffc5da00000 - 0x00007ffc5da52000 	C:\WINDOWS\System32\shlwapi.dll
0x00007ffc5aae0000 - 0x00007ffc5aaf1000 	C:\WINDOWS\System32\kernel.appcore.dll
0x00007ffc5bc90000 - 0x00007ffc5bca7000 	C:\WINDOWS\System32\cryptsp.dll
0x00007ffc479c0000 - 0x00007ffc479da000 	D:\Программы\Новая папка\jre\jre\bin\net.dll
0x00007ffc5a2e0000 - 0x00007ffc5a347000 	C:\WINDOWS\system32\mswsock.dll
0x00007ffc41d60000 - 0x00007ffc41d71000 	D:\Программы\Новая папка\jre\jre\bin\nio.dll
0x00007ffc53c20000 - 0x00007ffc53c46000 	C:\Users\kozyr\.gradle\native\29\windows-amd64\native-platform.dll
0x00007ffc56e70000 - 0x00007ffc56e7d000 	D:\Программы\Новая папка\jre\jre\bin\management.dll
0x00007ffc59e50000 - 0x00007ffc59e83000 	C:\WINDOWS\system32\rsaenh.dll
0x00007ffc5b860000 - 0x00007ffc5b886000 	C:\WINDOWS\System32\bcrypt.dll
0x00007ffc5a9f0000 - 0x00007ffc5aa15000 	C:\WINDOWS\SYSTEM32\USERENV.dll
0x00007ffc5a4b0000 - 0x00007ffc5a4bc000 	C:\WINDOWS\SYSTEM32\CRYPTBASE.dll
0x00007ffc59ff0000 - 0x00007ffc5a02a000 	C:\WINDOWS\SYSTEM32\IPHLPAPI.DLL
0x00007ffc5c630000 - 0x00007ffc5c638000 	C:\WINDOWS\System32\NSI.dll
0x00007ffc4f8d0000 - 0x00007ffc4f8e6000 	C:\WINDOWS\SYSTEM32\dhcpcsvc6.DLL
0x00007ffc4fe70000 - 0x00007ffc4fe8c000 	C:\WINDOWS\SYSTEM32\dhcpcsvc.DLL
0x00007ffc5a030000 - 0x00007ffc5a0fa000 	C:\WINDOWS\SYSTEM32\DNSAPI.dll
0x00007ffc3c220000 - 0x00007ffc3c244000 	D:\Программы\Новая папка\jre\jre\bin\sunec.dll
0x00007ffc4d030000 - 0x00007ffc4d03a000 	C:\Windows\System32\rasadhlp.dll
0x00007ffc4f7f0000 - 0x00007ffc4f867000 	C:\WINDOWS\System32\fwpuclnt.dll
0x00007ffc54560000 - 0x00007ffc5456b000 	D:\Программы\Новая папка\jre\jre\bin\sunmscapi.dll
0x00007ffc5b710000 - 0x00007ffc5b859000 	C:\WINDOWS\System32\CRYPT32.dll
0x00007ffc5ab50000 - 0x00007ffc5ab62000 	C:\WINDOWS\System32\MSASN1.dll

VM Arguments:
jvm_args: -Xmx2048m -Dfile.encoding=windows-1251 -Duser.country=RU -Duser.language=ru -Duser.variant 
java_command: org.gradle.launcher.daemon.bootstrap.GradleDaemon 5.4.1
java_class_path (initial): C:\Users\kozyr\.gradle\wrapper\dists\gradle-5.4.1-all\3221gyojl5jsh0helicew7rwx\gradle-5.4.1\lib\gradle-launcher-5.4.1.jar
Launcher Type: SUN_STANDARD

Environment Variables:
PATH=C:\Python27\;C:\Python27\Scripts;C:\Program Files (x86)\Intel\iCLS Client\;C:\Program Files\Intel\iCLS Client\;C:\windows\system32;C:\windows;C:\windows\System32\Wbem;C:\windows\System32\WindowsPowerShell\v1.0\;C:\Program Files (x86)\Intel\Intel(R) Management Engine Components\DAL;C:\Program Files\Intel\Intel(R) Management Engine Components\DAL;C:\Program Files (x86)\Intel\Intel(R) Management Engine Components\IPT;C:\Program Files\Intel\Intel(R) Management Engine Components\IPT;C:\Program Files (x86)\NVIDIA Corporation\PhysX\Common;C:\Program Files\Intel\IntelSGXPSW\bin\x64\Release\;C:\Program Files\Intel\IntelSGXPSW\bin\win32\Release\;C:\Program Files (x86)\Skype\Phone\;C:\WINDOWS\system32;C:\WINDOWS;C:\WINDOWS\System32\Wbem;C:\WINDOWS\System32\WindowsPowerShell\v1.0\;C:\Program Files\Common Files\Autodesk Shared\;C:\Program Files (x86)\Autodesk\Backburner\;C:\Program Files (x86)\GtkSharp\2.12\bin;C:\WINDOWS\System32\OpenSSH\;C:\Program Files\nodejs\;C:\ProgramData\chocolatey\bin;C:\Users\kozyr\AppData\Local\Microsoft\WindowsApps;C:\Users\kozyr\AppData\Roaming\npm
USERNAME=kozyr
OS=Windows_NT
PROCESSOR_IDENTIFIER=Intel64 Family 6 Model 94 Stepping 3, GenuineIntel



---------------  S Y S T E M  ---------------

OS: Windows 10.0 , 64 bit Build 18362 (10.0.18362.329)

CPU:total 8 (initial active 8) (4 cores per cpu, 2 threads per core) family 6 model 94 stepping 3, cmov, cx8, fxsr, mmx, sse, sse2, sse3, ssse3, sse4.1, sse4.2, popcnt, avx, avx2, aes, clmul, erms, rtm, 3dnowpref, lzcnt, ht, tsc, tscinvbit, bmi1, bmi2, adx

Memory: 4k page, physical 8223456k(518380k free), swap 10320608k(4068k free)

vm_info: OpenJDK 64-Bit Server VM (25.202-b03) for windows-amd64 JRE (1.8.0_202-release-1483-b03), built by "builder" with MS VC++ 10.0 (VS2010)

time: Tue Mar 10 01:56:59 2020
timezone: RTZ 2 (зима)
elapsed time: 13079 seconds (0d 3h 37m 59s)

