#
# There is insufficient memory for the Java Runtime Environment to continue.
# Native memory allocation (malloc) failed to allocate 32744 bytes for ChunkPool::allocate
# Possible reasons:
#   The system is out of physical RAM or swap space
#   The process is running with CompressedOops enabled, and the Java Heap may be blocking the growth of the native heap
# Possible solutions:
#   Reduce memory load on the system
#   Increase physical memory or swap space
#   Check if swap backing store is full
#   Decrease Java heap size (-Xmx/-Xms)
#   Decrease number of Java threads
#   Decrease Java thread stack sizes (-Xss)
#   Set larger code cache with -XX:ReservedCodeCacheSize=
#   JVM is running with Unscaled Compressed Oops mode in which the Java heap is
#     placed in the first 4GB address space. The Java Heap base address is the
#     maximum limit for the native heap growth. Please use -XX:HeapBaseMinAddress
#     to set the Java Heap base and to place the Java Heap above 4GB virtual address.
# This output file may be truncated or incomplete.
#
#  Out of Memory Error (allocation.cpp:272), pid=8252, tid=0x00000000000032cc
#
# JRE version: OpenJDK Runtime Environment (8.0_202-b03) (build 1.8.0_202-release-1483-b03)
# Java VM: OpenJDK 64-Bit Server VM (25.202-b03 mixed mode windows-amd64 compressed oops)
# Failed to write core dump. Minidumps are not enabled by default on client versions of Windows
#

---------------  T H R E A D  ---------------

Current thread (0x0000000019ce2000):  JavaThread "C2 CompilerThread0" daemon [_thread_in_native, id=13004, stack(0x000000001a5c0000,0x000000001a6c0000)]

Stack: [0x000000001a5c0000,0x000000001a6c0000]
[error occurred during error reporting (printing stack bounds), id 0xc0000005]

Native frames: (J=compiled Java code, j=interpreted, Vv=VM code, C=native code)


Current CompileTask:
C2:   7718 4057   !   4       com.sun.beans.TypeResolver::resolve (274 bytes)


---------------  P R O C E S S  ---------------

Java Threads: ( => current thread )
  0x000000001fece800 JavaThread "Cache worker for Build Output Cleanup Cache (C:\Users\kozyr\Diser 111111\Diser 9.7.0\.gradle\buildOutputCleanup)" [_thread_blocked, id=2520, stack(0x0000000023d70000,0x0000000023e70000)]
  0x000000001fec2000 JavaThread "Build operations Thread 8" [_thread_blocked, id=1036, stack(0x00000000247e0000,0x00000000248e0000)]
  0x000000001fec5800 JavaThread "Build operations Thread 7" [_thread_blocked, id=14608, stack(0x00000000246e0000,0x00000000247e0000)]
  0x000000001fec4800 JavaThread "Build operations Thread 6" [_thread_blocked, id=14876, stack(0x00000000245e0000,0x00000000246e0000)]
  0x000000001fec6000 JavaThread "Build operations Thread 5" [_thread_blocked, id=17036, stack(0x00000000244e0000,0x00000000245e0000)]
  0x000000001fec3800 JavaThread "Build operations Thread 4" [_thread_blocked, id=14332, stack(0x00000000243e0000,0x00000000244e0000)]
  0x000000001fec9000 JavaThread "Build operations Thread 3" [_thread_blocked, id=3156, stack(0x00000000242e0000,0x00000000243e0000)]
  0x000000001fec8800 JavaThread "Build operations Thread 2" [_thread_blocked, id=3928, stack(0x00000000241e0000,0x00000000242e0000)]
  0x000000001fec7000 JavaThread "Build operations" [_thread_blocked, id=10820, stack(0x00000000240e0000,0x00000000241e0000)]
  0x000000001fec3000 JavaThread "Cache worker for execution history cache (C:\Users\kozyr\.gradle\caches\5.4.1\executionHistory)" [_thread_blocked, id=7316, stack(0x0000000023a70000,0x0000000023b70000)]
  0x000000001b7e4800 JavaThread "Cache worker for cache directory md-rule (C:\Users\kozyr\.gradle\caches\5.4.1\md-rule)" [_thread_blocked, id=13548, stack(0x0000000023970000,0x0000000023a70000)]
  0x000000001b7e3800 JavaThread "Cache worker for cache directory md-supplier (C:\Users\kozyr\.gradle\caches\5.4.1\md-supplier)" [_thread_blocked, id=10576, stack(0x00000000216d0000,0x00000000217d0000)]
  0x000000001b7e5000 JavaThread "Cache worker for file hash cache (C:\Users\kozyr\Diser 111111\Diser 9.7.0\.gradle\5.4.1\fileHashes)" [_thread_blocked, id=12960, stack(0x0000000020d90000,0x0000000020e90000)]
  0x000000001b7e6000 JavaThread "Cache worker for journal cache (C:\Users\kozyr\.gradle\caches\journal-1)" [_thread_blocked, id=3344, stack(0x000000001d920000,0x000000001da20000)]
  0x000000001b7e2000 JavaThread "File lock request listener" [_thread_in_native, id=8580, stack(0x000000001d820000,0x000000001d920000)]
  0x000000001c021000 JavaThread "Cache worker for file hash cache (C:\Users\kozyr\.gradle\caches\5.4.1\fileHashes)" [_thread_blocked, id=8308, stack(0x000000001d720000,0x000000001d820000)]
  0x000000001bc14000 JavaThread "Thread-9" [_thread_blocked, id=1456, stack(0x000000001d620000,0x000000001d720000)]
  0x000000001bc1a000 JavaThread "Stdin handler" [_thread_blocked, id=3076, stack(0x000000001d520000,0x000000001d620000)]
  0x000000001ac25800 JavaThread "Asynchronous log dispatcher for DefaultDaemonConnection: socket connection from /127.0.0.1:62651 to /127.0.0.1:62652" [_thread_blocked, id=15964, stack(0x000000001d320000,0x000000001d420000)]
  0x0000000019fe8000 JavaThread "Daemon worker" [_thread_in_vm, id=17000, stack(0x000000001d220000,0x000000001d320000)]
  0x0000000019fe7800 JavaThread "Cancel handler" [_thread_blocked, id=9156, stack(0x000000001d120000,0x000000001d220000)]
  0x000000001ac96800 JavaThread "Handler for socket connection from /127.0.0.1:62651 to /127.0.0.1:62652" [_thread_in_native, id=13424, stack(0x000000001ce20000,0x000000001cf20000)]
  0x000000001ac93800 JavaThread "Daemon" [_thread_blocked, id=14404, stack(0x000000001cd20000,0x000000001ce20000)]
  0x0000000019e4f800 JavaThread "Daemon periodic checks" [_thread_blocked, id=17452, stack(0x000000001cc20000,0x000000001cd20000)]
  0x0000000019e4d800 JavaThread "Incoming local TCP Connector on port 62651" [_thread_in_native, id=6460, stack(0x000000001c9d0000,0x000000001cad0000)]
  0x000000001b828800 JavaThread "Daemon health stats" [_thread_blocked, id=11996, stack(0x000000001c390000,0x000000001c490000)]
  0x0000000019d78800 JavaThread "Service Thread" daemon [_thread_blocked, id=18284, stack(0x000000001a9c0000,0x000000001aac0000)]
  0x0000000019cf3800 JavaThread "C1 CompilerThread3" daemon [_thread_blocked, id=11184, stack(0x000000001a8c0000,0x000000001a9c0000)]
  0x0000000019ce9000 JavaThread "C2 CompilerThread2" daemon [_thread_blocked, id=7092, stack(0x000000001a7c0000,0x000000001a8c0000)]
  0x0000000019ce6800 JavaThread "C2 CompilerThread1" daemon [_thread_in_native, id=18336, stack(0x000000001a6c0000,0x000000001a7c0000)]
=>0x0000000019ce2000 JavaThread "C2 CompilerThread0" daemon [_thread_in_native, id=13004, stack(0x000000001a5c0000,0x000000001a6c0000)]
  0x0000000019cdf000 JavaThread "Attach Listener" daemon [_thread_blocked, id=12376, stack(0x000000001a4c0000,0x000000001a5c0000)]
  0x0000000019cde000 JavaThread "Signal Dispatcher" daemon [_thread_blocked, id=3640, stack(0x000000001a3c0000,0x000000001a4c0000)]
  0x0000000001979000 JavaThread "Finalizer" daemon [_thread_blocked, id=7076, stack(0x000000001a1b0000,0x000000001a2b0000)]
  0x0000000001975800 JavaThread "Reference Handler" daemon [_thread_blocked, id=7484, stack(0x000000001a0b0000,0x000000001a1b0000)]
  0x000000000173e800 JavaThread "main" [_thread_blocked, id=14040, stack(0x0000000001780000,0x0000000001880000)]

Other Threads:
  0x0000000017eb8800 VMThread [stack: 0x0000000019bb0000,0x0000000019cb0000] [id=9008]
  0x0000000019d89800 WatcherThread [stack: 0x000000001aac0000,0x000000001abc0000] [id=5332]

VM state:not at safepoint (normal execution)

VM Mutex/Monitor currently owned by a thread: None

heap address: 0x0000000080000000, size: 2048 MB, Compressed Oops mode: 32-bit
Narrow klass base: 0x0000000000000000, Narrow klass shift: 3
Compressed class space size: 1073741824 Address: 0x0000000100000000

Heap:
 PSYoungGen      total 156672K, used 46616K [0x00000000d5580000, 0x00000000e0700000, 0x0000000100000000)
  eden space 144384K, 23% used [0x00000000d5580000,0x00000000d77065d0,0x00000000de280000)
  from space 12288K, 99% used [0x00000000dfb00000,0x00000000e06ffd20,0x00000000e0700000)
  to   space 14336K, 0% used [0x00000000deb00000,0x00000000deb00000,0x00000000df900000)
 ParOldGen       total 55808K, used 20656K [0x0000000080000000, 0x0000000083680000, 0x00000000d5580000)
  object space 55808K, 37% used [0x0000000080000000,0x000000008142c1f0,0x0000000083680000)
 Metaspace       used 47974K, capacity 49190K, committed 49408K, reserved 1091584K
  class space    used 6465K, capacity 6818K, committed 6912K, reserved 1048576K

Card table byte_map: [0x0000000012410000,0x0000000012820000] byte_map_base: 0x0000000012010000

Marking Bits: (ParMarkBitMap*) 0x0000000075629f30
 Begin Bits: [0x00000000130d0000, 0x00000000150d0000)
 End Bits:   [0x00000000150d0000, 0x00000000170d0000)

Polling page: 0x0000000000f10000

CodeCache: size=245760Kb used=13150Kb max_used=13262Kb free=232609Kb
 bounds [0x0000000003410000, 0x0000000004110000, 0x0000000012410000]
 total_blobs=4637 nmethods=3874 adapters=676
 compilation: enabled

Compilation events (10 events):
Event: 7.681 Thread 0x0000000019cf3800 4260       3       com.google.common.collect.Maps::newLinkedHashMap (8 bytes)
Event: 7.681 Thread 0x0000000019cf3800 nmethod 4260 0x0000000003aa2c90 code [0x0000000003aa2e00, 0x0000000003aa3110]
Event: 7.681 Thread 0x0000000019cf3800 4262       3       com.google.common.collect.ImmutableSet::shouldTrim (17 bytes)
Event: 7.681 Thread 0x0000000019cf3800 nmethod 4262 0x0000000003aa2910 code [0x0000000003aa2a60, 0x0000000003aa2bf0]
Event: 7.683 Thread 0x0000000019cf3800 4263       3       java.lang.invoke.DirectMethodHandle::preparedLambdaForm (230 bytes)
Event: 7.685 Thread 0x0000000019cf3800 nmethod 4263 0x000000000362d390 code [0x000000000362d600, 0x000000000362e638]
Event: 7.687 Thread 0x0000000019cf3800 4265   !   3       org.gradle.internal.operations.DefaultBuildOperationExecutor::maybeStopUnmanagedThreadOperation (74 bytes)
Event: 7.688 Thread 0x0000000019cf3800 nmethod 4265 0x000000000362af90 code [0x000000000362b240, 0x000000000362c808]
Event: 7.688 Thread 0x0000000019cf3800 4264       3       org.gradle.internal.ImmutableActionSet$EmptySet::execute (1 bytes)
Event: 7.688 Thread 0x0000000019cf3800 nmethod 4264 0x0000000003aa2590 code [0x0000000003aa26e0, 0x0000000003aa2830]

GC Heap History (10 events):
Event: 3.865 GC heap before
{Heap before GC invocations=8 (full 1):
 PSYoungGen      total 75264K, used 65536K [0x00000000d5580000, 0x00000000da980000, 0x0000000100000000)
  eden space 65536K, 100% used [0x00000000d5580000,0x00000000d9580000,0x00000000d9580000)
  from space 9728K, 0% used [0x00000000da000000,0x00000000da000000,0x00000000da980000)
  to   space 10240K, 0% used [0x00000000d9580000,0x00000000d9580000,0x00000000d9f80000)
 ParOldGen       total 55808K, used 8602K [0x0000000080000000, 0x0000000083680000, 0x00000000d5580000)
  object space 55808K, 15% used [0x0000000080000000,0x0000000080866ae0,0x0000000083680000)
 Metaspace       used 28929K, capacity 29502K, committed 29824K, reserved 1075200K
  class space    used 3911K, capacity 4100K, committed 4224K, reserved 1048576K
Event: 3.875 GC heap after
Heap after GC invocations=8 (full 1):
 PSYoungGen      total 75776K, used 7994K [0x00000000d5580000, 0x00000000dd700000, 0x0000000100000000)
  eden space 65536K, 0% used [0x00000000d5580000,0x00000000d5580000,0x00000000d9580000)
  from space 10240K, 78% used [0x00000000d9580000,0x00000000d9d4e9a0,0x00000000d9f80000)
  to   space 10752K, 0% used [0x00000000dcc80000,0x00000000dcc80000,0x00000000dd700000)
 ParOldGen       total 55808K, used 8610K [0x0000000080000000, 0x0000000083680000, 0x00000000d5580000)
  object space 55808K, 15% used [0x0000000080000000,0x0000000080868ae0,0x0000000083680000)
 Metaspace       used 28929K, capacity 29502K, committed 29824K, reserved 1075200K
  class space    used 3911K, capacity 4100K, committed 4224K, reserved 1048576K
}
Event: 4.400 GC heap before
{Heap before GC invocations=9 (full 1):
 PSYoungGen      total 75776K, used 73530K [0x00000000d5580000, 0x00000000dd700000, 0x0000000100000000)
  eden space 65536K, 100% used [0x00000000d5580000,0x00000000d9580000,0x00000000d9580000)
  from space 10240K, 78% used [0x00000000d9580000,0x00000000d9d4e9a0,0x00000000d9f80000)
  to   space 10752K, 0% used [0x00000000dcc80000,0x00000000dcc80000,0x00000000dd700000)
 ParOldGen       total 55808K, used 8610K [0x0000000080000000, 0x0000000083680000, 0x00000000d5580000)
  object space 55808K, 15% used [0x0000000080000000,0x0000000080868ae0,0x0000000083680000)
 Metaspace       used 32222K, capacity 32738K, committed 33152K, reserved 1077248K
  class space    used 4444K, capacity 4624K, committed 4736K, reserved 1048576K
Event: 4.411 GC heap after
Heap after GC invocations=9 (full 1):
 PSYoungGen      total 121856K, used 8486K [0x00000000d5580000, 0x00000000dd700000, 0x0000000100000000)
  eden space 111104K, 0% used [0x00000000d5580000,0x00000000d5580000,0x00000000dc200000)
  from space 10752K, 78% used [0x00000000dcc80000,0x00000000dd4c98e8,0x00000000dd700000)
  to   space 10752K, 0% used [0x00000000dc200000,0x00000000dc200000,0x00000000dcc80000)
 ParOldGen       total 55808K, used 8618K [0x0000000080000000, 0x0000000083680000, 0x00000000d5580000)
  object space 55808K, 15% used [0x0000000080000000,0x000000008086aae0,0x0000000083680000)
 Metaspace       used 32222K, capacity 32738K, committed 33152K, reserved 1077248K
  class space    used 4444K, capacity 4624K, committed 4736K, reserved 1048576K
}
Event: 5.029 GC heap before
{Heap before GC invocations=10 (full 1):
 PSYoungGen      total 121856K, used 66941K [0x00000000d5580000, 0x00000000dd700000, 0x0000000100000000)
  eden space 111104K, 52% used [0x00000000d5580000,0x00000000d8e95b60,0x00000000dc200000)
  from space 10752K, 78% used [0x00000000dcc80000,0x00000000dd4c98e8,0x00000000dd700000)
  to   space 10752K, 0% used [0x00000000dc200000,0x00000000dc200000,0x00000000dcc80000)
 ParOldGen       total 55808K, used 8618K [0x0000000080000000, 0x0000000083680000, 0x00000000d5580000)
  object space 55808K, 15% used [0x0000000080000000,0x000000008086aae0,0x0000000083680000)
 Metaspace       used 34650K, capacity 35370K, committed 35496K, reserved 1079296K
  class space    used 4787K, capacity 5003K, committed 5120K, reserved 1048576K
Event: 5.040 GC heap after
Heap after GC invocations=10 (full 1):
 PSYoungGen      total 121856K, used 10733K [0x00000000d5580000, 0x00000000e0700000, 0x0000000100000000)
  eden space 111104K, 0% used [0x00000000d5580000,0x00000000d5580000,0x00000000dc200000)
  from space 10752K, 99% used [0x00000000dc200000,0x00000000dcc7b450,0x00000000dcc80000)
  to   space 12288K, 0% used [0x00000000dfb00000,0x00000000dfb00000,0x00000000e0700000)
 ParOldGen       total 55808K, used 9199K [0x0000000080000000, 0x0000000083680000, 0x00000000d5580000)
  object space 55808K, 16% used [0x0000000080000000,0x00000000808fbe10,0x0000000083680000)
 Metaspace       used 34650K, capacity 35370K, committed 35496K, reserved 1079296K
  class space    used 4787K, capacity 5003K, committed 5120K, reserved 1048576K
}
Event: 5.041 GC heap before
{Heap before GC invocations=11 (full 2):
 PSYoungGen      total 121856K, used 10733K [0x00000000d5580000, 0x00000000e0700000, 0x0000000100000000)
  eden space 111104K, 0% used [0x00000000d5580000,0x00000000d5580000,0x00000000dc200000)
  from space 10752K, 99% used [0x00000000dc200000,0x00000000dcc7b450,0x00000000dcc80000)
  to   space 12288K, 0% used [0x00000000dfb00000,0x00000000dfb00000,0x00000000e0700000)
 ParOldGen       total 55808K, used 9199K [0x0000000080000000, 0x0000000083680000, 0x00000000d5580000)
  object space 55808K, 16% used [0x0000000080000000,0x00000000808fbe10,0x0000000083680000)
 Metaspace       used 34650K, capacity 35370K, committed 35496K, reserved 1079296K
  class space    used 4787K, capacity 5003K, committed 5120K, reserved 1048576K
Event: 5.091 GC heap after
Heap after GC invocations=11 (full 2):
 PSYoungGen      total 121856K, used 0K [0x00000000d5580000, 0x00000000e0700000, 0x0000000100000000)
  eden space 111104K, 0% used [0x00000000d5580000,0x00000000d5580000,0x00000000dc200000)
  from space 10752K, 0% used [0x00000000dc200000,0x00000000dc200000,0x00000000dcc80000)
  to   space 12288K, 0% used [0x00000000dfb00000,0x00000000dfb00000,0x00000000e0700000)
 ParOldGen       total 55808K, used 18195K [0x0000000080000000, 0x0000000083680000, 0x00000000d5580000)
  object space 55808K, 32% used [0x0000000080000000,0x00000000811c4e88,0x0000000083680000)
 Metaspace       used 34624K, capacity 35280K, committed 35496K, reserved 1079296K
  class space    used 4779K, capacity 4988K, committed 5120K, reserved 1048576K
}
Event: 7.166 GC heap before
{Heap before GC invocations=12 (full 2):
 PSYoungGen      total 121856K, used 111104K [0x00000000d5580000, 0x00000000e0700000, 0x0000000100000000)
  eden space 111104K, 100% used [0x00000000d5580000,0x00000000dc200000,0x00000000dc200000)
  from space 10752K, 0% used [0x00000000dc200000,0x00000000dc200000,0x00000000dcc80000)
  to   space 12288K, 0% used [0x00000000dfb00000,0x00000000dfb00000,0x00000000e0700000)
 ParOldGen       total 55808K, used 18195K [0x0000000080000000, 0x0000000083680000, 0x00000000d5580000)
  object space 55808K, 32% used [0x0000000080000000,0x00000000811c4e88,0x0000000083680000)
 Metaspace       used 45427K, capacity 46358K, committed 46720K, reserved 1089536K
  class space    used 6117K, capacity 6418K, committed 6528K, reserved 1048576K
Event: 7.179 GC heap after
Heap after GC invocations=12 (full 2):
 PSYoungGen      total 156672K, used 12287K [0x00000000d5580000, 0x00000000e0700000, 0x0000000100000000)
  eden space 144384K, 0% used [0x00000000d5580000,0x00000000d5580000,0x00000000de280000)
  from space 12288K, 99% used [0x00000000dfb00000,0x00000000e06ffd20,0x00000000e0700000)
  to   space 14336K, 0% used [0x00000000deb00000,0x00000000deb00000,0x00000000df900000)
 ParOldGen       total 55808K, used 20656K [0x0000000080000000, 0x0000000083680000, 0x00000000d5580000)
  object space 55808K, 37% used [0x0000000080000000,0x000000008142c1f0,0x0000000083680000)
 Metaspace       used 45427K, capacity 46358K, committed 46720K, reserved 1089536K
  class space    used 6117K, capacity 6418K, committed 6528K, reserved 1048576K
}

Deoptimization events (10 events):
Event: 6.569 Thread 0x0000000019fe8000 Uncommon trap: reason=unstable_if action=reinterpret pc=0x00000000038cb4b0 method=java.util.jar.JarFile.maybeInstantiateVerifier()V @ 4
Event: 6.569 Thread 0x0000000019fe8000 Uncommon trap: reason=unstable_if action=reinterpret pc=0x0000000003566b3c method=java.security.CodeSource.matchCerts(Ljava/security/CodeSource;Z)Z @ 11
Event: 6.585 Thread 0x0000000019fe8000 Uncommon trap: reason=unstable_if action=reinterpret pc=0x0000000003e92400 method=java.util.LinkedHashMap.get(Ljava/lang/Object;)Ljava/lang/Object; @ 20
Event: 6.638 Thread 0x0000000019fe8000 Uncommon trap: reason=unstable_if action=reinterpret pc=0x0000000003c865e8 method=org.objectweb.asm.ByteVector.putUTF8(Ljava/lang/String;)Lorg/objectweb/asm/ByteVector; @ 93
Event: 6.720 Thread 0x0000000019fe8000 Uncommon trap: reason=unstable_if action=reinterpret pc=0x0000000003c0cf30 method=org.objectweb.asm.ByteVector.putUTF8(Ljava/lang/String;)Lorg/objectweb/asm/ByteVector; @ 93
Event: 7.042 Thread 0x0000000019fe8000 Uncommon trap: reason=unstable_if action=reinterpret pc=0x0000000003c73660 method=org.gradle.internal.reflect.PropertyAccessorType.of(Ljava/lang/reflect/Method;)Lorg/gradle/internal/reflect/PropertyAccessorType; @ 56
Event: 7.121 Thread 0x0000000019fe8000 Uncommon trap: reason=unstable_if action=reinterpret pc=0x0000000003d33f18 method=org.codehaus.groovy.runtime.metaclass.MetaMethodIndex.isNonRealMethod(Lgroovy/lang/MetaMethod;)Z @ 4
Event: 7.121 Thread 0x0000000019fe8000 Uncommon trap: reason=unstable_if action=reinterpret pc=0x0000000003f8817c method=groovy.lang.MetaClassImpl$1MOPIter.methodNameAction(Ljava/lang/Class;Lorg/codehaus/groovy/runtime/metaclass/MetaMethodIndex$Entry;)V @ 182
Event: 7.136 Thread 0x0000000019fe8000 Uncommon trap: reason=unstable_if action=reinterpret pc=0x0000000004006650 method=java.lang.ClassLoader.checkCerts(Ljava/lang/String;Ljava/security/CodeSource;)V @ 29
Event: 7.379 Thread 0x0000000019fe8000 Uncommon trap: reason=unstable_if action=reinterpret pc=0x0000000003fd1460 method=org.gradle.internal.instantiation.AbstractClassGenerator$InjectionAnnotationValidator.validateMethod(Ljava/lang/reflect/Method;Lorg/gradle/internal/reflect/PropertyAccessorT

Classes redefined (0 events):
No events

Internal exceptions (10 events):
Event: 7.318 Thread 0x0000000019fe8000 Exception <a 'java/security/PrivilegedActionException'> (0x00000000d689d848) thrown at [D:\src\AOSP-openjdk-cygwin\jdk8u\hotspot\src\share\vm\prims\jvm.cpp, line 1508]
Event: 7.319 Thread 0x0000000019fe8000 Exception <a 'java/lang/ClassNotFoundException': org/codehaus/groovy/runtime/GStringImplCustomizer> (0x00000000d68b1b20) thrown at [D:\src\AOSP-openjdk-cygwin\jdk8u\hotspot\src\share\vm\classfile\systemDictionary.cpp, line 210]
Event: 7.590 Thread 0x0000000019fe8000 Exception <a 'java/lang/ClassNotFoundException': org/gradle/api/plugins/internal/DefaultBasePluginConventionBeanInfo> (0x00000000d7109348) thrown at [D:\src\AOSP-openjdk-cygwin\jdk8u\hotspot\src\share\vm\classfile\systemDictionary.cpp, line 210]
Event: 7.591 Thread 0x0000000019fe8000 Exception <a 'java/lang/ClassNotFoundException': org/gradle/api/plugins/BasePluginConventionBeanInfo> (0x00000000d712efa8) thrown at [D:\src\AOSP-openjdk-cygwin\jdk8u\hotspot\src\share\vm\classfile\systemDictionary.cpp, line 210]
Event: 7.591 Thread 0x0000000019fe8000 Exception <a 'java/lang/ClassNotFoundException': org/gradle/api/plugins/BasePluginConventionCustomizer> (0x00000000d7155560) thrown at [D:\src\AOSP-openjdk-cygwin\jdk8u\hotspot\src\share\vm\classfile\systemDictionary.cpp, line 210]
Event: 7.592 Thread 0x0000000019fe8000 Exception <a 'java/lang/ClassNotFoundException': org/gradle/api/plugins/internal/DefaultBasePluginConventionCustomizer> (0x00000000d7194ec8) thrown at [D:\src\AOSP-openjdk-cygwin\jdk8u\hotspot\src\share\vm\classfile\systemDictionary.cpp, line 210]
Event: 7.599 Thread 0x0000000019fe8000 Exception <a 'java/lang/NoSuchMethodError': java.lang.Object.lambda$comparing$77a9974f$1(Ljava/util/function/Function;Ljava/lang/Object;Ljava/lang/Object;)I> (0x00000000d720cbc8) thrown at [D:\src\AOSP-openjdk-cygwin\jdk8u\hotspot\src\share\vm\interpreter
Event: 7.600 Thread 0x0000000019fe8000 Exception <a 'java/lang/NoSuchMethodError': java.lang.Object.lambda$comparingInt$7b0bb60$1(Ljava/util/function/ToIntFunction;Ljava/lang/Object;Ljava/lang/Object;)I> (0x00000000d72171b0) thrown at [D:\src\AOSP-openjdk-cygwin\jdk8u\hotspot\src\share\vm\inte
Event: 7.601 Thread 0x0000000019fe8000 Exception <a 'java/lang/NoSuchMethodError': java.lang.Object.lambda$thenComparing$36697e65$1(Ljava/util/Comparator;Ljava/lang/Object;Ljava/lang/Object;)I> (0x00000000d721fd38) thrown at [D:\src\AOSP-openjdk-cygwin\jdk8u\hotspot\src\share\vm\interpreter\li
Event: 7.610 Thread 0x0000000019fe8000 Exception <a 'java/lang/NoSuchMethodError': java.lang.Object.lambda$comparing$ea9a8b3a$1(Ljava/util/Comparator;Ljava/util/function/Function;Ljava/lang/Object;Ljava/lang/Object;)I> (0x00000000d722d7e8) thrown at [D:\src\AOSP-openjdk-cygwin\jdk8u\hotspot\sr

Events (10 events):
Event: 7.686 loading class com/android/build/gradle/internal/variant/BaseVariantData
Event: 7.686 loading class com/android/build/gradle/internal/variant/BaseVariantData done
Event: 7.686 loading class com/android/build/gradle/internal/variant/BaseVariantData
Event: 7.686 loading class com/android/build/gradle/internal/variant/BaseVariantData done
Event: 7.687 loading class org/gradle/api/Task
Event: 7.687 loading class org/gradle/api/Task done
Event: 7.687 loading class org/gradle/api/Action
Event: 7.687 loading class org/gradle/api/Action done
Event: 7.687 loading class com/android/build/gradle/internal/tasks/factory/TaskFactoryUtils$dependsOn$1$1$1
Event: 7.687 loading class com/android/build/gradle/internal/tasks/factory/TaskFactoryUtils$dependsOn$1$1$1 done


Dynamic libraries:
0x00007ff68c400000 - 0x00007ff68c431000 	D:\Программы\Новая папка\jre\bin\java.exe
0x00007ffba0020000 - 0x00007ffba0210000 	C:\WINDOWS\SYSTEM32\ntdll.dll
0x00007ffb9eaf0000 - 0x00007ffb9eba2000 	C:\WINDOWS\System32\KERNEL32.DLL
0x00007ffb9d100000 - 0x00007ffb9d3a3000 	C:\WINDOWS\System32\KERNELBASE.dll
0x00007ffb9fa80000 - 0x00007ffb9fb23000 	C:\WINDOWS\System32\ADVAPI32.dll
0x00007ffb9ed60000 - 0x00007ffb9edfe000 	C:\WINDOWS\System32\msvcrt.dll
0x00007ffb9ee00000 - 0x00007ffb9ee97000 	C:\WINDOWS\System32\sechost.dll
0x00007ffb9e9d0000 - 0x00007ffb9eaf0000 	C:\WINDOWS\System32\RPCRT4.dll
0x00007ffb9f290000 - 0x00007ffb9f424000 	C:\WINDOWS\System32\USER32.dll
0x00007ffb9e0a0000 - 0x00007ffb9e0c1000 	C:\WINDOWS\System32\win32u.dll
0x00007ffb9f000000 - 0x00007ffb9f026000 	C:\WINDOWS\System32\GDI32.dll
0x00007ffb9de00000 - 0x00007ffb9df94000 	C:\WINDOWS\System32\gdi32full.dll
0x00007ffb9db30000 - 0x00007ffb9dbce000 	C:\WINDOWS\System32\msvcp_win.dll
0x00007ffb9dfa0000 - 0x00007ffb9e09a000 	C:\WINDOWS\System32\ucrtbase.dll
0x00007ffb8c190000 - 0x00007ffb8c415000 	C:\WINDOWS\WinSxS\amd64_microsoft.windows.common-controls_6595b64144ccf1df_6.0.18362.657_none_e6c5b579130e3898\COMCTL32.dll
0x00007ffb9fc30000 - 0x00007ffb9ff66000 	C:\WINDOWS\System32\combase.dll
0x00007ffb9dbf0000 - 0x00007ffb9dc70000 	C:\WINDOWS\System32\bcryptPrimitives.dll
0x00007ffb9fbe0000 - 0x00007ffb9fc0e000 	C:\WINDOWS\System32\IMM32.DLL
0x0000000074ca0000 - 0x0000000074d72000 	D:\Программы\Новая папка\jre\jre\bin\msvcr100.dll
0x0000000074e60000 - 0x00000000756a6000 	D:\Программы\Новая папка\jre\jre\bin\server\jvm.dll
0x00007ffb9f1f0000 - 0x00007ffb9f1f8000 	C:\WINDOWS\System32\PSAPI.DLL
0x00007ffb997b0000 - 0x00007ffb997d4000 	C:\WINDOWS\SYSTEM32\WINMM.dll
0x00007ffb97d50000 - 0x00007ffb97d5a000 	C:\WINDOWS\SYSTEM32\VERSION.dll
0x00007ffb9b9e0000 - 0x00007ffb9b9e9000 	C:\WINDOWS\SYSTEM32\WSOCK32.dll
0x00007ffb9ff70000 - 0x00007ffb9ffdf000 	C:\WINDOWS\System32\WS2_32.dll
0x00007ffb99740000 - 0x00007ffb9976d000 	C:\WINDOWS\SYSTEM32\winmmbase.dll
0x00007ffb9dca0000 - 0x00007ffb9dcea000 	C:\WINDOWS\System32\cfgmgr32.dll
0x00007ffb99890000 - 0x00007ffb9989f000 	D:\Программы\Новая папка\jre\jre\bin\verify.dll
0x00007ffb8fe10000 - 0x00007ffb8fe39000 	D:\Программы\Новая папка\jre\jre\bin\java.dll
0x00007ffb99870000 - 0x00007ffb99886000 	D:\Программы\Новая папка\jre\jre\bin\zip.dll
0x00007ffb9e2e0000 - 0x00007ffb9e9c5000 	C:\WINDOWS\System32\SHELL32.dll
0x00007ffb9fb30000 - 0x00007ffb9fbd9000 	C:\WINDOWS\System32\shcore.dll
0x00007ffb9d3b0000 - 0x00007ffb9db2f000 	C:\WINDOWS\System32\windows.storage.dll
0x00007ffb9cf70000 - 0x00007ffb9cf8f000 	C:\WINDOWS\System32\profapi.dll
0x00007ffb9cf00000 - 0x00007ffb9cf4a000 	C:\WINDOWS\System32\powrprof.dll
0x00007ffb9cef0000 - 0x00007ffb9cf00000 	C:\WINDOWS\System32\UMPDC.dll
0x00007ffb9e280000 - 0x00007ffb9e2d2000 	C:\WINDOWS\System32\shlwapi.dll
0x00007ffb9cf50000 - 0x00007ffb9cf61000 	C:\WINDOWS\System32\kernel.appcore.dll
0x00007ffb9dbd0000 - 0x00007ffb9dbe7000 	C:\WINDOWS\System32\cryptsp.dll
0x00007ffb960d0000 - 0x00007ffb960ea000 	D:\Программы\Новая папка\jre\jre\bin\net.dll
0x00007ffb9c760000 - 0x00007ffb9c7c7000 	C:\WINDOWS\system32\mswsock.dll
0x00007ffb815f0000 - 0x00007ffb81601000 	D:\Программы\Новая папка\jre\jre\bin\nio.dll
0x00007ffb8fe80000 - 0x00007ffb8fea6000 	C:\Users\kozyr\.gradle\native\29\windows-amd64\native-platform.dll
0x00007ffb976a0000 - 0x00007ffb976ad000 	D:\Программы\Новая папка\jre\jre\bin\management.dll
0x00007ffb9c2d0000 - 0x00007ffb9c303000 	C:\WINDOWS\system32\rsaenh.dll
0x00007ffb9dc70000 - 0x00007ffb9dc96000 	C:\WINDOWS\System32\bcrypt.dll
0x00007ffb9cde0000 - 0x00007ffb9ce05000 	C:\WINDOWS\SYSTEM32\USERENV.dll
0x00007ffb9c930000 - 0x00007ffb9c93c000 	C:\WINDOWS\SYSTEM32\CRYPTBASE.dll
0x00007ffb9c470000 - 0x00007ffb9c4aa000 	C:\WINDOWS\SYSTEM32\IPHLPAPI.DLL
0x00007ffb9f280000 - 0x00007ffb9f288000 	C:\WINDOWS\System32\NSI.dll
0x00007ffb8f920000 - 0x00007ffb8f936000 	C:\WINDOWS\SYSTEM32\dhcpcsvc6.DLL
0x00007ffb90c90000 - 0x00007ffb90cac000 	C:\WINDOWS\SYSTEM32\dhcpcsvc.DLL
0x00007ffb9c4b0000 - 0x00007ffb9c57a000 	C:\WINDOWS\SYSTEM32\DNSAPI.dll

VM Arguments:
jvm_args: -Xmx2048m -Dfile.encoding=windows-1251 -Duser.country=RU -Duser.language=ru -Duser.variant 
java_command: org.gradle.launcher.daemon.bootstrap.GradleDaemon 5.4.1
java_class_path (initial): C:\Users\kozyr\.gradle\wrapper\dists\gradle-5.4.1-all\3221gyojl5jsh0helicew7rwx\gradle-5.4.1\lib\gradle-launcher-5.4.1.jar
Launcher Type: SUN_STANDARD

Environment Variables:
PATH=C:\Python27\;C:\Python27\Scripts;C:\Program Files (x86)\Intel\iCLS Client\;C:\Program Files\Intel\iCLS Client\;C:\windows\system32;C:\windows;C:\windows\System32\Wbem;C:\windows\System32\WindowsPowerShell\v1.0\;C:\Program Files (x86)\Intel\Intel(R) Management Engine Components\DAL;C:\Program Files\Intel\Intel(R) Management Engine Components\DAL;C:\Program Files (x86)\Intel\Intel(R) Management Engine Components\IPT;C:\Program Files\Intel\Intel(R) Management Engine Components\IPT;C:\Program Files (x86)\NVIDIA Corporation\PhysX\Common;C:\Program Files\Intel\IntelSGXPSW\bin\x64\Release\;C:\Program Files\Intel\IntelSGXPSW\bin\win32\Release\;C:\Program Files (x86)\Skype\Phone\;C:\WINDOWS\system32;C:\WINDOWS;C:\WINDOWS\System32\Wbem;C:\WINDOWS\System32\WindowsPowerShell\v1.0\;C:\Program Files\Common Files\Autodesk Shared\;C:\Program Files (x86)\Autodesk\Backburner\;C:\Program Files (x86)\GtkSharp\2.12\bin;C:\WINDOWS\System32\OpenSSH\;C:\Program Files\nodejs\;C:\ProgramData\chocolatey\bin;C:\Users\kozyr\AppData\Local\Microsoft\WindowsApps;C:\Users\kozyr\AppData\Roaming\npm
USERNAME=kozyr
OS=Windows_NT
PROCESSOR_IDENTIFIER=Intel64 Family 6 Model 94 Stepping 3, GenuineIntel



---------------  S Y S T E M  ---------------

OS: Windows 10.0 , 64 bit Build 18362 (10.0.18362.329)

CPU:total 8 (initial active 8) (4 cores per cpu, 2 threads per core) family 6 model 94 stepping 3, cmov, cx8, fxsr, mmx, sse, sse2, sse3, ssse3, sse4.1, sse4.2, popcnt, avx, avx2, aes, clmul, erms, rtm, 3dnowpref, lzcnt, ht, tsc, tscinvbit, bmi1, bmi2, adx

Memory: 4k page, physical 8223456k(987728k free), swap 10320608k(5496k free)

vm_info: OpenJDK 64-Bit Server VM (25.202-b03) for windows-amd64 JRE (1.8.0_202-release-1483-b03), built by "builder" with MS VC++ 10.0 (VS2010)

time: Sun Mar 08 01:14:03 2020
timezone: RTZ 2 (зима)
elapsed time: 7 seconds (0d 0h 0m 7s)

