#
# There is insufficient memory for the Java Runtime Environment to continue.
# Native memory allocation (malloc) failed to allocate 1058752 bytes for Chunk::new
# Possible reasons:
#   The system is out of physical RAM or swap space
#   The process is running with CompressedOops enabled, and the Java Heap may be blocking the growth of the native heap
# Possible solutions:
#   Reduce memory load on the system
#   Increase physical memory or swap space
#   Check if swap backing store is full
#   Decrease Java heap size (-Xmx/-Xms)
#   Decrease number of Java threads
#   Decrease Java thread stack sizes (-Xss)
#   Set larger code cache with -XX:ReservedCodeCacheSize=
#   JVM is running with Unscaled Compressed Oops mode in which the Java heap is
#     placed in the first 4GB address space. The Java Heap base address is the
#     maximum limit for the native heap growth. Please use -XX:HeapBaseMinAddress
#     to set the Java Heap base and to place the Java Heap above 4GB virtual address.
# This output file may be truncated or incomplete.
#
#  Out of Memory Error (allocation.cpp:389), pid=2628, tid=0x0000000000002510
#
# JRE version: OpenJDK Runtime Environment (8.0_202-b03) (build 1.8.0_202-release-1483-b03)
# Java VM: OpenJDK 64-Bit Server VM (25.202-b03 mixed mode windows-amd64 compressed oops)
# Failed to write core dump. Minidumps are not enabled by default on client versions of Windows
#

---------------  T H R E A D  ---------------

Current thread (0x0000000018327800):  JavaThread "C2 CompilerThread0" daemon [_thread_in_native, id=9488, stack(0x0000000018c00000,0x0000000018d00000)]

Stack: [0x0000000018c00000,0x0000000018d00000]
[error occurred during error reporting (printing stack bounds), id 0xc0000005]

Native frames: (J=compiled Java code, j=interpreted, Vv=VM code, C=native code)


Current CompileTask:
C2:  18529 7452       4       java.io.ObjectOutputStream::writeClassDesc (60 bytes)


---------------  P R O C E S S  ---------------

Java Threads: ( => current thread )
  0x00000000209a2800 JavaThread "Cache worker for execution history cache (C:\Users\kozyr\Desktop\just_a_new_fucking_rep\.gradle\5.4.1\executionHistory)" [_thread_blocked, id=14568, stack(0x0000000023ce0000,0x0000000023de0000)]
  0x00000000209a1000 JavaThread "Execution worker for ':' Thread 7" [_thread_blocked, id=11240, stack(0x0000000027330000,0x0000000027430000)]
  0x000000001c706800 JavaThread "Execution worker for ':' Thread 6" [_thread_blocked, id=6656, stack(0x0000000026f50000,0x0000000027050000)]
  0x000000001c708000 JavaThread "Execution worker for ':' Thread 5" [_thread_blocked, id=1552, stack(0x0000000025db0000,0x0000000025eb0000)]
  0x000000001c707800 JavaThread "Execution worker for ':' Thread 4" [_thread_blocked, id=3392, stack(0x0000000025cb0000,0x0000000025db0000)]
  0x000000001c6ff000 JavaThread "Execution worker for ':' Thread 3" [_thread_blocked, id=4084, stack(0x0000000025bb0000,0x0000000025cb0000)]
  0x000000001c706000 JavaThread "Execution worker for ':' Thread 2" [_thread_blocked, id=14080, stack(0x0000000025ab0000,0x0000000025bb0000)]
  0x000000001c700800 JavaThread "Execution worker for ':'" [_thread_blocked, id=14424, stack(0x00000000258b0000,0x00000000259b0000)]
  0x000000001c6fe800 JavaThread "Cache worker for file content cache (C:\Users\kozyr\Desktop\just_a_new_fucking_rep\.gradle\5.4.1\fileContent)" [_thread_blocked, id=17196, stack(0x0000000023be0000,0x0000000023ce0000)]
  0x000000001c705000 JavaThread "Cache worker for file content cache (C:\Users\kozyr\.gradle\caches\5.4.1\fileContent)" [_thread_blocked, id=1684, stack(0x0000000023ae0000,0x0000000023be0000)]
  0x000000001c704800 JavaThread "Memory manager" [_thread_blocked, id=8708, stack(0x00000000237c0000,0x00000000238c0000)]
  0x000000001c701800 JavaThread "Cache worker for Build Output Cleanup Cache (C:\Users\kozyr\Desktop\just_a_new_fucking_rep\.gradle\buildOutputCleanup)" [_thread_blocked, id=16912, stack(0x00000000216a0000,0x00000000217a0000)]
  0x000000001c703800 JavaThread "Build operations Thread 8" [_thread_blocked, id=12500, stack(0x0000000022ec0000,0x0000000022fc0000)]
  0x000000001c6fa000 JavaThread "Build operations Thread 7" [_thread_blocked, id=11548, stack(0x0000000022dc0000,0x0000000022ec0000)]
  0x000000001c6fd000 JavaThread "Build operations Thread 6" [_thread_blocked, id=15548, stack(0x0000000022cc0000,0x0000000022dc0000)]
  0x000000001c6fa800 JavaThread "Build operations Thread 5" [_thread_blocked, id=9088, stack(0x0000000022bc0000,0x0000000022cc0000)]
  0x000000001c6fc000 JavaThread "Build operations Thread 4" [_thread_blocked, id=11688, stack(0x0000000021ac0000,0x0000000021bc0000)]
  0x000000001c700000 JavaThread "Build operations Thread 3" [_thread_blocked, id=4580, stack(0x00000000219c0000,0x0000000021ac0000)]
  0x000000001c6fd800 JavaThread "Build operations Thread 2" [_thread_blocked, id=14376, stack(0x00000000218c0000,0x00000000219c0000)]
  0x000000001c6f9000 JavaThread "Build operations" [_thread_blocked, id=10036, stack(0x00000000217c0000,0x00000000218c0000)]
  0x000000001c6fb800 JavaThread "Cache worker for execution history cache (C:\Users\kozyr\.gradle\caches\5.4.1\executionHistory)" [_thread_blocked, id=14980, stack(0x00000000213a0000,0x00000000214a0000)]
  0x000000001a1be800 JavaThread "Cache worker for cache directory md-rule (C:\Users\kozyr\.gradle\caches\5.4.1\md-rule)" [_thread_blocked, id=2276, stack(0x00000000212a0000,0x00000000213a0000)]
  0x000000001a1bf000 JavaThread "Cache worker for cache directory md-supplier (C:\Users\kozyr\.gradle\caches\5.4.1\md-supplier)" [_thread_blocked, id=1412, stack(0x000000001fb70000,0x000000001fc70000)]
  0x000000001a1c0000 JavaThread "Cache worker for file hash cache (C:\Users\kozyr\Desktop\just_a_new_fucking_rep\.gradle\5.4.1\fileHashes)" [_thread_blocked, id=11312, stack(0x000000001f390000,0x000000001f490000)]
  0x000000001a1ba800 JavaThread "Cache worker for journal cache (C:\Users\kozyr\.gradle\caches\journal-1)" [_thread_blocked, id=12656, stack(0x000000001be60000,0x000000001bf60000)]
  0x000000001a1bd800 JavaThread "File lock request listener" [_thread_in_native, id=10412, stack(0x000000001bd60000,0x000000001be60000)]
  0x00000000193f1000 JavaThread "Cache worker for file hash cache (C:\Users\kozyr\.gradle\caches\5.4.1\fileHashes)" [_thread_blocked, id=5928, stack(0x000000001bc60000,0x000000001bd60000)]
  0x000000001a4c1000 JavaThread "Thread-9" [_thread_blocked, id=6424, stack(0x000000001bb60000,0x000000001bc60000)]
  0x000000001865a000 JavaThread "Stdin handler" [_thread_blocked, id=1700, stack(0x000000001ba60000,0x000000001bb60000)]
  0x000000001865d800 JavaThread "Asynchronous log dispatcher for DefaultDaemonConnection: socket connection from /127.0.0.1:55781 to /127.0.0.1:55782" [_thread_blocked, id=12240, stack(0x000000001b960000,0x000000001ba60000)]
  0x000000001865c800 JavaThread "Daemon worker" [_thread_in_Java, id=8832, stack(0x000000001b860000,0x000000001b960000)]
  0x000000001865b800 JavaThread "Cancel handler" [_thread_blocked, id=14916, stack(0x000000001b760000,0x000000001b860000)]
  0x000000001a4b8000 JavaThread "Handler for socket connection from /127.0.0.1:55781 to /127.0.0.1:55782" [_thread_in_native, id=2464, stack(0x000000001b460000,0x000000001b560000)]
  0x000000001a4b5000 JavaThread "Daemon" [_thread_blocked, id=14296, stack(0x000000001b360000,0x000000001b460000)]
  0x00000000199aa800 JavaThread "Daemon periodic checks" [_thread_blocked, id=16512, stack(0x000000001b260000,0x000000001b360000)]
  0x000000001931a000 JavaThread "Incoming local TCP Connector on port 55781" [_thread_in_native, id=2128, stack(0x000000001b010000,0x000000001b110000)]
  0x000000001a706800 JavaThread "Daemon health stats" [_thread_blocked, id=7228, stack(0x000000001a9d0000,0x000000001aad0000)]
  0x00000000183c4800 JavaThread "Service Thread" daemon [_thread_blocked, id=7004, stack(0x0000000019000000,0x0000000019100000)]
  0x000000001833c000 JavaThread "C1 CompilerThread3" daemon [_thread_in_vm, id=16476, stack(0x0000000018f00000,0x0000000019000000)]
  0x000000001832f000 JavaThread "C2 CompilerThread2" daemon [_thread_in_native, id=6880, stack(0x0000000018e00000,0x0000000018f00000)]
  0x000000001832c000 JavaThread "C2 CompilerThread1" daemon [_thread_in_native, id=1888, stack(0x0000000018d00000,0x0000000018e00000)]
=>0x0000000018327800 JavaThread "C2 CompilerThread0" daemon [_thread_in_native, id=9488, stack(0x0000000018c00000,0x0000000018d00000)]
  0x0000000018325000 JavaThread "Attach Listener" daemon [_thread_blocked, id=13044, stack(0x0000000018b00000,0x0000000018c00000)]
  0x0000000018323800 JavaThread "Signal Dispatcher" daemon [_thread_blocked, id=5708, stack(0x0000000018a00000,0x0000000018b00000)]
  0x00000000012cd800 JavaThread "Finalizer" daemon [_thread_blocked, id=10548, stack(0x00000000187f0000,0x00000000188f0000)]
  0x00000000164fc800 JavaThread "Reference Handler" daemon [_thread_blocked, id=13648, stack(0x00000000186f0000,0x00000000187f0000)]
  0x00000000011ce000 JavaThread "main" [_thread_blocked, id=728, stack(0x0000000000ff0000,0x00000000010f0000)]

Other Threads:
  0x00000000164f8000 VMThread [stack: 0x00000000181f0000,0x00000000182f0000] [id=13720]
  0x00000000183cd800 WatcherThread [stack: 0x0000000019100000,0x0000000019200000] [id=11180]

VM state:not at safepoint (normal execution)

VM Mutex/Monitor currently owned by a thread: None

heap address: 0x00000000a0000000, size: 1536 MB, Compressed Oops mode: 32-bit
Narrow klass base: 0x0000000000000000, Narrow klass shift: 3
Compressed class space size: 1073741824 Address: 0x0000000100000000

Heap:
 PSYoungGen      total 189440K, used 18411K [0x00000000e0000000, 0x00000000ed880000, 0x0000000100000000)
  eden space 171008K, 2% used [0x00000000e0000000,0x00000000e03bb130,0x00000000ea700000)
  from space 18432K, 79% used [0x00000000ea700000,0x00000000eb53fcf8,0x00000000eb900000)
  to   space 18432K, 0% used [0x00000000eb900000,0x00000000eb900000,0x00000000ecb00000)
 ParOldGen       total 136704K, used 33841K [0x00000000a0000000, 0x00000000a8580000, 0x00000000e0000000)
  object space 136704K, 24% used [0x00000000a0000000,0x00000000a210c490,0x00000000a8580000)
 Metaspace       used 60846K, capacity 63102K, committed 63400K, reserved 1103872K
  class space    used 8276K, capacity 8793K, committed 8872K, reserved 1048576K

Card table byte_map: [0x0000000001690000,0x00000000019a0000] byte_map_base: 0x0000000001190000

Marking Bits: (ParMarkBitMap*) 0x0000000066f99f30
 Begin Bits: [0x0000000012810000, 0x0000000014010000)
 End Bits:   [0x0000000014010000, 0x0000000015810000)

Polling page: 0x0000000000b70000

CodeCache: size=245760Kb used=21818Kb max_used=21818Kb free=223941Kb
 bounds [0x0000000003410000, 0x0000000004990000, 0x0000000012410000]
 total_blobs=7476 nmethods=6685 adapters=703
 compilation: enabled

Compilation events (10 events):
Event: 18.500 Thread 0x000000001833c000 nmethod 7504 0x0000000004954bd0 code [0x0000000004955340, 0x000000000495b7b8]
Event: 18.501 Thread 0x000000001833c000 7515 %     3       sun.nio.cs.UTF_8$Decoder::decodeArrayLoop @ 106 (691 bytes)
Event: 18.506 Thread 0x000000001833c000 nmethod 7515% 0x000000000495f550 code [0x000000000495ff20, 0x0000000004966b28]
Event: 18.506 Thread 0x000000001833c000 7530 %     3       sun.nio.cs.UTF_8$Decoder::decodeArrayLoop @ 73 (691 bytes)
Event: 18.515 Thread 0x000000001833c000 nmethod 7530% 0x000000000496c4d0 code [0x000000000496cea0, 0x0000000004973ac8]
Event: 18.516 Thread 0x000000001833c000 7522       1       com.sun.org.apache.xerces.internal.util.XMLAttributesImpl::isSpecified (10 bytes)
Event: 18.517 Thread 0x000000001833c000 nmethod 7522 0x000000000420e850 code [0x000000000420e9a0, 0x000000000420ead0]
Event: 18.517 Thread 0x000000001833c000 7537       3       sun.nio.cs.UTF_8$Decoder::decodeArrayLoop (691 bytes)
Event: 18.523 Thread 0x000000001833c000 nmethod 7537 0x0000000004979490 code [0x0000000004979de0, 0x0000000004980628]
Event: 18.524 Thread 0x000000001833c000 7512       2       com.sun.org.apache.xerces.internal.impl.XMLEntityScanner::scanQName (502 bytes)

GC Heap History (10 events):
Event: 12.266 GC heap before
{Heap before GC invocations=12 (full 2):
 PSYoungGen      total 117760K, used 107008K [0x00000000e0000000, 0x00000000ea680000, 0x0000000100000000)
  eden space 107008K, 100% used [0x00000000e0000000,0x00000000e6880000,0x00000000e6880000)
  from space 10752K, 0% used [0x00000000e6880000,0x00000000e6880000,0x00000000e7300000)
  to   space 12288K, 0% used [0x00000000e9a80000,0x00000000e9a80000,0x00000000ea680000)
 ParOldGen       total 90624K, used 18039K [0x00000000a0000000, 0x00000000a5880000, 0x00000000e0000000)
  object space 90624K, 19% used [0x00000000a0000000,0x00000000a119de48,0x00000000a5880000)
 Metaspace       used 45352K, capacity 46314K, committed 46632K, reserved 1089536K
  class space    used 6100K, capacity 6382K, committed 6440K, reserved 1048576K
Event: 12.280 GC heap after
Heap after GC invocations=12 (full 2):
 PSYoungGen      total 146944K, used 12270K [0x00000000e0000000, 0x00000000ea680000, 0x0000000100000000)
  eden space 134656K, 0% used [0x00000000e0000000,0x00000000e0000000,0x00000000e8380000)
  from space 12288K, 99% used [0x00000000e9a80000,0x00000000ea67b9f8,0x00000000ea680000)
  to   space 14336K, 0% used [0x00000000e8a80000,0x00000000e8a80000,0x00000000e9880000)
 ParOldGen       total 90624K, used 20160K [0x00000000a0000000, 0x00000000a5880000, 0x00000000e0000000)
  object space 90624K, 22% used [0x00000000a0000000,0x00000000a13b0118,0x00000000a5880000)
 Metaspace       used 45352K, capacity 46314K, committed 46632K, reserved 1089536K
  class space    used 6100K, capacity 6382K, committed 6440K, reserved 1048576K
}
Event: 14.299 GC heap before
{Heap before GC invocations=13 (full 2):
 PSYoungGen      total 146944K, used 146926K [0x00000000e0000000, 0x00000000ea680000, 0x0000000100000000)
  eden space 134656K, 100% used [0x00000000e0000000,0x00000000e8380000,0x00000000e8380000)
  from space 12288K, 99% used [0x00000000e9a80000,0x00000000ea67b9f8,0x00000000ea680000)
  to   space 14336K, 0% used [0x00000000e8a80000,0x00000000e8a80000,0x00000000e9880000)
 ParOldGen       total 90624K, used 20160K [0x00000000a0000000, 0x00000000a5880000, 0x00000000e0000000)
  object space 90624K, 22% used [0x00000000a0000000,0x00000000a13b0118,0x00000000a5880000)
 Metaspace       used 54620K, capacity 56094K, committed 56232K, reserved 1097728K
  class space    used 7390K, capacity 7833K, committed 7848K, reserved 1048576K
Event: 14.325 GC heap after
Heap after GC invocations=13 (full 2):
 PSYoungGen      total 156160K, used 14330K [0x00000000e0000000, 0x00000000ecb00000, 0x0000000100000000)
  eden space 141824K, 0% used [0x00000000e0000000,0x00000000e0000000,0x00000000e8a80000)
  from space 14336K, 99% used [0x00000000e8a80000,0x00000000e987e8e8,0x00000000e9880000)
  to   space 18432K, 0% used [0x00000000eb900000,0x00000000eb900000,0x00000000ecb00000)
 ParOldGen       total 90624K, used 27263K [0x00000000a0000000, 0x00000000a5880000, 0x00000000e0000000)
  object space 90624K, 30% used [0x00000000a0000000,0x00000000a1a9fc48,0x00000000a5880000)
 Metaspace       used 54620K, capacity 56094K, committed 56232K, reserved 1097728K
  class space    used 7390K, capacity 7833K, committed 7848K, reserved 1048576K
}
Event: 15.252 GC heap before
{Heap before GC invocations=14 (full 2):
 PSYoungGen      total 156160K, used 59465K [0x00000000e0000000, 0x00000000ecb00000, 0x0000000100000000)
  eden space 141824K, 31% used [0x00000000e0000000,0x00000000e2c13d30,0x00000000e8a80000)
  from space 14336K, 99% used [0x00000000e8a80000,0x00000000e987e8e8,0x00000000e9880000)
  to   space 18432K, 0% used [0x00000000eb900000,0x00000000eb900000,0x00000000ecb00000)
 ParOldGen       total 90624K, used 27263K [0x00000000a0000000, 0x00000000a5880000, 0x00000000e0000000)
  object space 90624K, 30% used [0x00000000a0000000,0x00000000a1a9fc48,0x00000000a5880000)
 Metaspace       used 57415K, capacity 59018K, committed 59160K, reserved 1099776K
  class space    used 7796K, capacity 8223K, committed 8232K, reserved 1048576K
Event: 15.271 GC heap after
Heap after GC invocations=14 (full 2):
 PSYoungGen      total 189440K, used 4356K [0x00000000e0000000, 0x00000000ed880000, 0x0000000100000000)
  eden space 171008K, 0% used [0x00000000e0000000,0x00000000e0000000,0x00000000ea700000)
  from space 18432K, 23% used [0x00000000eb900000,0x00000000ebd410e0,0x00000000ecb00000)
  to   space 18432K, 0% used [0x00000000ea700000,0x00000000ea700000,0x00000000eb900000)
 ParOldGen       total 90624K, used 34787K [0x00000000a0000000, 0x00000000a5880000, 0x00000000e0000000)
  object space 90624K, 38% used [0x00000000a0000000,0x00000000a21f8e40,0x00000000a5880000)
 Metaspace       used 57415K, capacity 59018K, committed 59160K, reserved 1099776K
  class space    used 7796K, capacity 8223K, committed 8232K, reserved 1048576K
}
Event: 15.272 GC heap before
{Heap before GC invocations=15 (full 3):
 PSYoungGen      total 189440K, used 4356K [0x00000000e0000000, 0x00000000ed880000, 0x0000000100000000)
  eden space 171008K, 0% used [0x00000000e0000000,0x00000000e0000000,0x00000000ea700000)
  from space 18432K, 23% used [0x00000000eb900000,0x00000000ebd410e0,0x00000000ecb00000)
  to   space 18432K, 0% used [0x00000000ea700000,0x00000000ea700000,0x00000000eb900000)
 ParOldGen       total 90624K, used 34787K [0x00000000a0000000, 0x00000000a5880000, 0x00000000e0000000)
  object space 90624K, 38% used [0x00000000a0000000,0x00000000a21f8e40,0x00000000a5880000)
 Metaspace       used 57415K, capacity 59018K, committed 59160K, reserved 1099776K
  class space    used 7796K, capacity 8223K, committed 8232K, reserved 1048576K
Event: 15.522 GC heap after
Heap after GC invocations=15 (full 3):
 PSYoungGen      total 189440K, used 0K [0x00000000e0000000, 0x00000000ed880000, 0x0000000100000000)
  eden space 171008K, 0% used [0x00000000e0000000,0x00000000e0000000,0x00000000ea700000)
  from space 18432K, 0% used [0x00000000eb900000,0x00000000eb900000,0x00000000ecb00000)
  to   space 18432K, 0% used [0x00000000ea700000,0x00000000ea700000,0x00000000eb900000)
 ParOldGen       total 136704K, used 33833K [0x00000000a0000000, 0x00000000a8580000, 0x00000000e0000000)
  object space 136704K, 24% used [0x00000000a0000000,0x00000000a210a490,0x00000000a8580000)
 Metaspace       used 57415K, capacity 59018K, committed 59160K, reserved 1099776K
  class space    used 7796K, capacity 8223K, committed 8232K, reserved 1048576K
}
Event: 18.453 GC heap before
{Heap before GC invocations=16 (full 3):
 PSYoungGen      total 189440K, used 170678K [0x00000000e0000000, 0x00000000ed880000, 0x0000000100000000)
  eden space 171008K, 99% used [0x00000000e0000000,0x00000000ea6ad980,0x00000000ea700000)
  from space 18432K, 0% used [0x00000000eb900000,0x00000000eb900000,0x00000000ecb00000)
  to   space 18432K, 0% used [0x00000000ea700000,0x00000000ea700000,0x00000000eb900000)
 ParOldGen       total 136704K, used 33833K [0x00000000a0000000, 0x00000000a8580000, 0x00000000e0000000)
  object space 136704K, 24% used [0x00000000a0000000,0x00000000a210a490,0x00000000a8580000)
 Metaspace       used 60814K, capacity 63038K, committed 63144K, reserved 1103872K
  class space    used 8276K, capacity 8793K, committed 8872K, reserved 1048576K
Event: 18.485 GC heap after
Heap after GC invocations=16 (full 3):
 PSYoungGen      total 189440K, used 14591K [0x00000000e0000000, 0x00000000ed880000, 0x0000000100000000)
  eden space 171008K, 0% used [0x00000000e0000000,0x00000000e0000000,0x00000000ea700000)
  from space 18432K, 79% used [0x00000000ea700000,0x00000000eb53fcf8,0x00000000eb900000)
  to   space 18432K, 0% used [0x00000000eb900000,0x00000000eb900000,0x00000000ecb00000)
 ParOldGen       total 136704K, used 33841K [0x00000000a0000000, 0x00000000a8580000, 0x00000000e0000000)
  object space 136704K, 24% used [0x00000000a0000000,0x00000000a210c490,0x00000000a8580000)
 Metaspace       used 60814K, capacity 63038K, committed 63144K, reserved 1103872K
  class space    used 8276K, capacity 8793K, committed 8872K, reserved 1048576K
}

Deoptimization events (10 events):
Event: 17.440 Thread 0x000000001c708000 Uncommon trap: reason=class_check action=maybe_recompile pc=0x00000000048d8db0 method=com.google.common.collect.NaturalOrdering.compare(Ljava/lang/Object;Ljava/lang/Object;)I @ 2
Event: 17.522 Thread 0x000000001c708000 Uncommon trap: reason=class_check action=maybe_recompile pc=0x00000000048d8db0 method=com.google.common.collect.NaturalOrdering.compare(Ljava/lang/Object;Ljava/lang/Object;)I @ 2
Event: 17.524 Thread 0x000000001c708000 Uncommon trap: reason=class_check action=maybe_recompile pc=0x00000000048d8db0 method=com.google.common.collect.NaturalOrdering.compare(Ljava/lang/Object;Ljava/lang/Object;)I @ 2
Event: 17.526 Thread 0x000000001c701800 Uncommon trap: reason=unstable_if action=reinterpret pc=0x00000000048de674 method=org.gradle.cache.internal.btree.BlockPointer.isNull()Z @ 6
Event: 17.533 Thread 0x000000001c708000 Uncommon trap: reason=null_assert action=make_not_entrant pc=0x0000000003f54fbc method=com.google.common.cache.LocalCache.processPendingNotifications()V @ 9
Event: 18.134 Thread 0x000000001c6fd800 Uncommon trap: reason=unstable_if action=reinterpret pc=0x000000000396013c method=java.util.concurrent.locks.AbstractQueuedSynchronizer.enq(Ljava/util/concurrent/locks/AbstractQueuedSynchronizer$Node;)Ljava/util/concurrent/locks/AbstractQueuedSynchronizer
Event: 18.319 Thread 0x000000001865c800 Uncommon trap: reason=unstable_if action=reinterpret pc=0x0000000004581870 method=com.google.common.collect.ImmutableCollection$ArrayBasedBuilder.getReadyToExpandTo(I)V @ 41
Event: 18.489 Thread 0x000000001865c800 Uncommon trap: reason=unstable_if action=reinterpret pc=0x00000000043c00d8 method=com.sun.org.apache.xerces.internal.util.SymbolTable.addSymbol([CII)Ljava/lang/String; @ 64
Event: 18.492 Thread 0x000000001865c800 Uncommon trap: reason=unstable_if action=reinterpret pc=0x000000000402bbc0 method=sun.nio.cs.UTF_8$Decoder.decodeArrayLoop(Ljava/nio/ByteBuffer;Ljava/nio/CharBuffer;)Ljava/nio/charset/CoderResult; @ 167
Event: 18.495 Thread 0x000000001865c800 Uncommon trap: reason=unstable_if action=reinterpret pc=0x000000000391b800 method=sun.nio.cs.UTF_8$Decoder.decodeArrayLoop(Ljava/nio/ByteBuffer;Ljava/nio/CharBuffer;)Ljava/nio/charset/CoderResult; @ 84

Classes redefined (0 events):
No events

Internal exceptions (10 events):
Event: 15.685 Thread 0x000000001865c800 Exception <a 'java/lang/ClassNotFoundException': com/android/build/gradle/tasks/ResourceAwareTaskCustomizer> (0x00000000e08da048) thrown at [D:\src\AOSP-openjdk-cygwin\jdk8u\hotspot\src\share\vm\classfile\systemDictionary.cpp, line 210]
Event: 15.686 Thread 0x000000001865c800 Exception <a 'java/lang/ClassNotFoundException': com/android/build/gradle/tasks/MergeResourcesCustomizer> (0x00000000e0912b88) thrown at [D:\src\AOSP-openjdk-cygwin\jdk8u\hotspot\src\share\vm\classfile\systemDictionary.cpp, line 210]
Event: 15.688 Thread 0x000000001865c800 Exception <a 'java/lang/ClassNotFoundException': com/android/build/gradle/tasks/MergeResources_DecoratedCustomizer> (0x00000000e095f6d8) thrown at [D:\src\AOSP-openjdk-cygwin\jdk8u\hotspot\src\share\vm\classfile\systemDictionary.cpp, line 210]
Event: 17.044 Thread 0x000000001a4c1000 Exception <a 'java/lang/NoSuchMethodError': <clinit>> (0x00000000e5f0c8f0) thrown at [D:\src\AOSP-openjdk-cygwin\jdk8u\hotspot\src\share\vm\prims\jni.cpp, line 1614]
Event: 17.047 Thread 0x000000001a4c1000 Exception <a 'java/lang/NoSuchMethodError': <clinit>> (0x00000000e5f185d0) thrown at [D:\src\AOSP-openjdk-cygwin\jdk8u\hotspot\src\share\vm\prims\jni.cpp, line 1614]
Event: 17.049 Thread 0x000000001a4c1000 Exception <a 'java/lang/NoSuchMethodError': <clinit>> (0x00000000e5f5f710) thrown at [D:\src\AOSP-openjdk-cygwin\jdk8u\hotspot\src\share\vm\prims\jni.cpp, line 1614]
Event: 17.093 Thread 0x000000001a4c1000 Exception <a 'java/lang/NoSuchMethodError': <clinit>> (0x00000000e5f6a140) thrown at [D:\src\AOSP-openjdk-cygwin\jdk8u\hotspot\src\share\vm\prims\jni.cpp, line 1614]
Event: 17.100 Thread 0x000000001a4c1000 Exception <a 'java/lang/NoSuchMethodError': <clinit>> (0x00000000e6216278) thrown at [D:\src\AOSP-openjdk-cygwin\jdk8u\hotspot\src\share\vm\prims\jni.cpp, line 1614]
Event: 17.100 Thread 0x000000001a4c1000 Exception <a 'java/lang/NoSuchMethodError': <clinit>> (0x00000000e6217d90) thrown at [D:\src\AOSP-openjdk-cygwin\jdk8u\hotspot\src\share\vm\prims\jni.cpp, line 1614]
Event: 17.536 Thread 0x000000001a4c1000 Exception <a 'java/lang/NoSuchMethodError': <clinit>> (0x00000000e7687bb0) thrown at [D:\src\AOSP-openjdk-cygwin\jdk8u\hotspot\src\share\vm\prims\jni.cpp, line 1614]

Events (10 events):
Event: 18.491 Thread 0x000000001833c000 flushing nmethod 0x00000000040370d0
Event: 18.492 Thread 0x000000001865c800 Uncommon trap: trap_request=0xffffff65 fr.pc=0x000000000402bbc0
Event: 18.492 Thread 0x000000001865c800 DEOPT PACKING pc=0x000000000402bbc0 sp=0x000000001b957fe0
Event: 18.492 Thread 0x000000001865c800 DEOPT UNPACKING pc=0x000000000345557b sp=0x000000001b957f30 mode 2
Event: 18.495 Thread 0x000000001865c800 Uncommon trap: trap_request=0xffffff65 fr.pc=0x000000000391b800
Event: 18.495 Thread 0x000000001865c800 DEOPT PACKING pc=0x000000000391b800 sp=0x000000001b957fb0
Event: 18.495 Thread 0x000000001865c800 DEOPT UNPACKING pc=0x000000000345557b sp=0x000000001b957f38 mode 2
Event: 18.501 Thread 0x000000001833c000 flushing nmethod 0x000000000420e850
Event: 18.506 Thread 0x000000001833c000 flushing nmethod 0x00000000043077d0
Event: 18.516 Thread 0x000000001833c000 flushing nmethod 0x00000000045344d0


Dynamic libraries:
0x00007ff64c4c0000 - 0x00007ff64c4f1000 	D:\Программы\Новая папка\jre\bin\java.exe
0x00007ffef3380000 - 0x00007ffef3570000 	C:\WINDOWS\SYSTEM32\ntdll.dll
0x00007ffef1e50000 - 0x00007ffef1f02000 	C:\WINDOWS\System32\KERNEL32.DLL
0x00007ffef0de0000 - 0x00007ffef1083000 	C:\WINDOWS\System32\KERNELBASE.dll
0x00007ffef1da0000 - 0x00007ffef1e43000 	C:\WINDOWS\System32\ADVAPI32.dll
0x00007ffef25a0000 - 0x00007ffef263e000 	C:\WINDOWS\System32\msvcrt.dll
0x00007ffef1d00000 - 0x00007ffef1d97000 	C:\WINDOWS\System32\sechost.dll
0x00007ffef20b0000 - 0x00007ffef21d0000 	C:\WINDOWS\System32\RPCRT4.dll
0x00007ffef1b50000 - 0x00007ffef1ce4000 	C:\WINDOWS\System32\USER32.dll
0x00007ffef0590000 - 0x00007ffef05b1000 	C:\WINDOWS\System32\win32u.dll
0x00007ffef1890000 - 0x00007ffef18b6000 	C:\WINDOWS\System32\GDI32.dll
0x00007ffef03f0000 - 0x00007ffef0584000 	C:\WINDOWS\System32\gdi32full.dll
0x00007ffef0d40000 - 0x00007ffef0dde000 	C:\WINDOWS\System32\msvcp_win.dll
0x00007ffef1090000 - 0x00007ffef118a000 	C:\WINDOWS\System32\ucrtbase.dll
0x00007ffedf9f0000 - 0x00007ffedfc75000 	C:\WINDOWS\WinSxS\amd64_microsoft.windows.common-controls_6595b64144ccf1df_6.0.18362.592_none_e6c0b1911312be02\COMCTL32.dll
0x00007ffef21d0000 - 0x00007ffef2506000 	C:\WINDOWS\System32\combase.dll
0x00007ffef1260000 - 0x00007ffef12e0000 	C:\WINDOWS\System32\bcryptPrimitives.dll
0x00007ffef2570000 - 0x00007ffef259e000 	C:\WINDOWS\System32\IMM32.DLL
0x0000000066610000 - 0x00000000666e2000 	D:\Программы\Новая папка\jre\jre\bin\msvcr100.dll
0x00000000667d0000 - 0x0000000067016000 	D:\Программы\Новая папка\jre\jre\bin\server\jvm.dll
0x00007ffef14b0000 - 0x00007ffef14b8000 	C:\WINDOWS\System32\PSAPI.DLL
0x00007ffeec8e0000 - 0x00007ffeec904000 	C:\WINDOWS\SYSTEM32\WINMM.dll
0x00007ffeeed40000 - 0x00007ffeeed49000 	C:\WINDOWS\SYSTEM32\WSOCK32.dll
0x00007ffeea630000 - 0x00007ffeea63a000 	C:\WINDOWS\SYSTEM32\VERSION.dll
0x00007ffef1a70000 - 0x00007ffef1adf000 	C:\WINDOWS\System32\WS2_32.dll
0x00007ffeec790000 - 0x00007ffeec7bd000 	C:\WINDOWS\SYSTEM32\WINMMBASE.dll
0x00007ffef03a0000 - 0x00007ffef03ea000 	C:\WINDOWS\System32\cfgmgr32.dll
0x00007ffeec9f0000 - 0x00007ffeec9ff000 	D:\Программы\Новая папка\jre\jre\bin\verify.dll
0x00007ffee98a0000 - 0x00007ffee98c9000 	D:\Программы\Новая папка\jre\jre\bin\java.dll
0x00007ffeea080000 - 0x00007ffeea096000 	D:\Программы\Новая папка\jre\jre\bin\zip.dll
0x00007ffef27e0000 - 0x00007ffef2ec5000 	C:\WINDOWS\System32\SHELL32.dll
0x00007ffef2000000 - 0x00007ffef20a9000 	C:\WINDOWS\System32\shcore.dll
0x00007ffef05c0000 - 0x00007ffef0d3f000 	C:\WINDOWS\System32\windows.storage.dll
0x00007ffef02d0000 - 0x00007ffef02ef000 	C:\WINDOWS\System32\profapi.dll
0x00007ffef0280000 - 0x00007ffef02ca000 	C:\WINDOWS\System32\powrprof.dll
0x00007ffef0250000 - 0x00007ffef0260000 	C:\WINDOWS\System32\UMPDC.dll
0x00007ffef2510000 - 0x00007ffef2562000 	C:\WINDOWS\System32\shlwapi.dll
0x00007ffef0260000 - 0x00007ffef0271000 	C:\WINDOWS\System32\kernel.appcore.dll
0x00007ffef1190000 - 0x00007ffef11a7000 	C:\WINDOWS\System32\cryptsp.dll
0x00007ffee9880000 - 0x00007ffee989a000 	D:\Программы\Новая папка\jre\jre\bin\net.dll
0x00007ffeefac0000 - 0x00007ffeefb27000 	C:\WINDOWS\system32\mswsock.dll
0x00007ffee5c10000 - 0x00007ffee5c21000 	D:\Программы\Новая папка\jre\jre\bin\nio.dll
0x00007ffee5b50000 - 0x00007ffee5b76000 	C:\Users\kozyr\.gradle\native\29\windows-amd64\native-platform.dll
0x00007ffeeb6f0000 - 0x00007ffeeb6fd000 	D:\Программы\Новая папка\jre\jre\bin\management.dll
0x00007ffeef630000 - 0x00007ffeef663000 	C:\WINDOWS\system32\rsaenh.dll
0x00007ffef0370000 - 0x00007ffef0396000 	C:\WINDOWS\System32\bcrypt.dll
0x00007ffef0170000 - 0x00007ffef0195000 	C:\WINDOWS\SYSTEM32\USERENV.dll
0x00007ffeefc90000 - 0x00007ffeefc9c000 	C:\WINDOWS\SYSTEM32\CRYPTBASE.dll
0x00007ffeef7d0000 - 0x00007ffeef80a000 	C:\WINDOWS\SYSTEM32\IPHLPAPI.DLL
0x00007ffef1cf0000 - 0x00007ffef1cf8000 	C:\WINDOWS\System32\NSI.dll
0x00007ffee5120000 - 0x00007ffee5136000 	C:\WINDOWS\SYSTEM32\dhcpcsvc6.DLL
0x00007ffee5220000 - 0x00007ffee523c000 	C:\WINDOWS\SYSTEM32\dhcpcsvc.DLL
0x00007ffeef810000 - 0x00007ffeef8da000 	C:\WINDOWS\SYSTEM32\DNSAPI.dll

VM Arguments:
jvm_args: -Xmx1536m -Dfile.encoding=windows-1251 -Duser.country=RU -Duser.language=ru -Duser.variant 
java_command: org.gradle.launcher.daemon.bootstrap.GradleDaemon 5.4.1
java_class_path (initial): C:\Users\kozyr\.gradle\wrapper\dists\gradle-5.4.1-all\3221gyojl5jsh0helicew7rwx\gradle-5.4.1\lib\gradle-launcher-5.4.1.jar
Launcher Type: SUN_STANDARD

Environment Variables:
PATH=C:\Program Files (x86)\Intel\iCLS Client\;C:\Program Files\Intel\iCLS Client\;C:\windows\system32;C:\windows;C:\windows\System32\Wbem;C:\windows\System32\WindowsPowerShell\v1.0\;C:\Program Files (x86)\Intel\Intel(R) Management Engine Components\DAL;C:\Program Files\Intel\Intel(R) Management Engine Components\DAL;C:\Program Files (x86)\Intel\Intel(R) Management Engine Components\IPT;C:\Program Files\Intel\Intel(R) Management Engine Components\IPT;C:\Program Files (x86)\NVIDIA Corporation\PhysX\Common;C:\Program Files\Intel\IntelSGXPSW\bin\x64\Release\;C:\Program Files\Intel\IntelSGXPSW\bin\win32\Release\;C:\Program Files (x86)\Skype\Phone\;C:\WINDOWS\system32;C:\WINDOWS;C:\WINDOWS\System32\Wbem;C:\WINDOWS\System32\WindowsPowerShell\v1.0\;C:\Program Files\Common Files\Autodesk Shared\;C:\Program Files (x86)\Autodesk\Backburner\;C:\Program Files (x86)\GtkSharp\2.12\bin;C:\WINDOWS\System32\OpenSSH\;C:\Users\kozyr\AppData\Local\Microsoft\WindowsApps;
USERNAME=kozyr
OS=Windows_NT
PROCESSOR_IDENTIFIER=Intel64 Family 6 Model 94 Stepping 3, GenuineIntel



---------------  S Y S T E M  ---------------

OS: Windows 10.0 , 64 bit Build 18362 (10.0.18362.329)

CPU:total 8 (initial active 8) (4 cores per cpu, 2 threads per core) family 6 model 94 stepping 3, cmov, cx8, fxsr, mmx, sse, sse2, sse3, ssse3, sse4.1, sse4.2, popcnt, avx, avx2, aes, clmul, erms, rtm, 3dnowpref, lzcnt, ht, tsc, tscinvbit, bmi1, bmi2, adx

Memory: 4k page, physical 8223456k(328168k free), swap 10320604k(5908k free)

vm_info: OpenJDK 64-Bit Server VM (25.202-b03) for windows-amd64 JRE (1.8.0_202-release-1483-b03), built by "builder" with MS VC++ 10.0 (VS2010)

time: Wed Feb 05 23:49:21 2020
timezone: RTZ 2 (зима)
elapsed time: 18 seconds (0d 0h 0m 18s)

