#
# There is insufficient memory for the Java Runtime Environment to continue.
# Native memory allocation (malloc) failed to allocate 309520 bytes for Chunk::new
# Possible reasons:
#   The system is out of physical RAM or swap space
#   The process is running with CompressedOops enabled, and the Java Heap may be blocking the growth of the native heap
# Possible solutions:
#   Reduce memory load on the system
#   Increase physical memory or swap space
#   Check if swap backing store is full
#   Decrease Java heap size (-Xmx/-Xms)
#   Decrease number of Java threads
#   Decrease Java thread stack sizes (-Xss)
#   Set larger code cache with -XX:ReservedCodeCacheSize=
#   JVM is running with Unscaled Compressed Oops mode in which the Java heap is
#     placed in the first 4GB address space. The Java Heap base address is the
#     maximum limit for the native heap growth. Please use -XX:HeapBaseMinAddress
#     to set the Java Heap base and to place the Java Heap above 4GB virtual address.
# This output file may be truncated or incomplete.
#
#  Out of Memory Error (allocation.cpp:389), pid=7648, tid=0x0000000000002e5c
#
# JRE version: OpenJDK Runtime Environment (8.0_202-b03) (build 1.8.0_202-release-1483-b03)
# Java VM: OpenJDK 64-Bit Server VM (25.202-b03 mixed mode windows-amd64 compressed oops)
# Failed to write core dump. Minidumps are not enabled by default on client versions of Windows
#

---------------  T H R E A D  ---------------

Current thread (0x0000000019c06800):  JavaThread "C2 CompilerThread2" daemon [_thread_in_native, id=11868, stack(0x000000001a7e0000,0x000000001a8e0000)]

Stack: [0x000000001a7e0000,0x000000001a8e0000]
[error occurred during error reporting (printing stack bounds), id 0xc0000005]

Native frames: (J=compiled Java code, j=interpreted, Vv=VM code, C=native code)


Current CompileTask:
C2:3418954 22425       4       org.gradle.api.internal.artifacts.ivyservice.resolveengine.artifact.DefaultArtifactSet::toResolvedVariant (195 bytes)


---------------  P R O C E S S  ---------------

Java Threads: ( => current thread )
  0x0000000026ba8800 JavaThread "Cache worker for execution history cache (C:\Users\kozyr\Diser 111111\Diser 9.7.0 3\.gradle\5.4.1\executionHistory)" [_thread_blocked, id=7144, stack(0x0000000028730000,0x0000000028830000)]
  0x0000000026ba6800 JavaThread "Execution worker for ':' Thread 7" [_thread_blocked, id=1932, stack(0x0000000028630000,0x0000000028730000)]
  0x0000000026ba1000 JavaThread "Execution worker for ':' Thread 6" [_thread_blocked, id=3680, stack(0x0000000028530000,0x0000000028630000)]
  0x0000000026ba7000 JavaThread "Execution worker for ':' Thread 5" [_thread_blocked, id=13500, stack(0x0000000028430000,0x0000000028530000)]
  0x0000000026ba5800 JavaThread "Execution worker for ':' Thread 4" [_thread_blocked, id=16172, stack(0x0000000028330000,0x0000000028430000)]
  0x0000000026b9e000 JavaThread "Execution worker for ':' Thread 3" [_thread_blocked, id=5344, stack(0x0000000028030000,0x0000000028130000)]
  0x0000000026ba5000 JavaThread "Execution worker for ':' Thread 2" [_thread_blocked, id=10812, stack(0x0000000027830000,0x0000000027930000)]
  0x0000000026ba3800 JavaThread "Execution worker for ':'" [_thread_in_native, id=2544, stack(0x0000000026270000,0x0000000026370000)]
  0x0000000026ba2000 JavaThread "Cache worker for file content cache (C:\Users\kozyr\Diser 111111\Diser 9.7.0 3\.gradle\5.4.1\fileContent)" [_thread_blocked, id=8980, stack(0x0000000025bf0000,0x0000000025cf0000)]
  0x0000000026ba0800 JavaThread "Cache worker for Build Output Cleanup Cache (C:\Users\kozyr\Diser 111111\Diser 9.7.0 3\.gradle\buildOutputCleanup)" [_thread_blocked, id=16048, stack(0x0000000024ff0000,0x00000000250f0000)]
  0x0000000026b9f800 JavaThread "Build operations Thread 8" [_thread_blocked, id=2720, stack(0x00000000248f0000,0x00000000249f0000)]
  0x0000000020416800 JavaThread "Build operations Thread 7" [_thread_blocked, id=15920, stack(0x00000000247f0000,0x00000000248f0000)]
  0x0000000020417800 JavaThread "Build operations Thread 6" [_thread_blocked, id=10300, stack(0x00000000246f0000,0x00000000247f0000)]
  0x0000000020418000 JavaThread "Build operations Thread 5" [_thread_blocked, id=14148, stack(0x00000000245f0000,0x00000000246f0000)]
  0x0000000020416000 JavaThread "Build operations Thread 4" [_thread_blocked, id=4780, stack(0x00000000244f0000,0x00000000245f0000)]
  0x000000002040d000 JavaThread "Build operations Thread 3" [_thread_blocked, id=10192, stack(0x00000000243f0000,0x00000000244f0000)]
  0x0000000020413800 JavaThread "Build operations Thread 2" [_thread_blocked, id=5084, stack(0x0000000022f00000,0x0000000023000000)]
  0x000000002040c000 JavaThread "Build operations" [_thread_blocked, id=11652, stack(0x0000000022b00000,0x0000000022c00000)]
  0x000000002040b800 JavaThread "Cache worker for cache directory md-rule (C:\Users\kozyr\.gradle\caches\5.4.1\md-rule)" [_thread_blocked, id=15564, stack(0x0000000020f50000,0x0000000021050000)]
  0x0000000020412000 JavaThread "Cache worker for cache directory md-supplier (C:\Users\kozyr\.gradle\caches\5.4.1\md-supplier)" [_thread_blocked, id=6484, stack(0x000000001fde0000,0x000000001fee0000)]
  0x000000002040a800 JavaThread "Cache worker for file hash cache (C:\Users\kozyr\Diser 111111\Diser 9.7.0 3\.gradle\5.4.1\fileHashes)" [_thread_blocked, id=10180, stack(0x000000001d340000,0x000000001d440000)]
  0x0000000020409000 JavaThread "Thread-350" [_thread_blocked, id=6292, stack(0x000000001d240000,0x000000001d340000)]
  0x0000000020410000 JavaThread "Stdin handler" [_thread_blocked, id=7776, stack(0x000000001d140000,0x000000001d240000)]
  0x000000002040e800 JavaThread "Asynchronous log dispatcher for DefaultDaemonConnection: socket connection from /127.0.0.1:61230 to /127.0.0.1:61611" [_thread_blocked, id=7852, stack(0x000000001ce40000,0x000000001cf40000)]
  0x000000002040f000 JavaThread "Cancel handler" [_thread_blocked, id=10644, stack(0x000000001a2e0000,0x000000001a3e0000)]
  0x000000002040a000 JavaThread "Handler for socket connection from /127.0.0.1:61230 to /127.0.0.1:61611" [_thread_in_native, id=7992, stack(0x0000000001040000,0x0000000001140000)]
  0x000000001ba22000 JavaThread "Daemon worker Thread 10" [_thread_blocked, id=7732, stack(0x000000001cd40000,0x000000001ce40000)]
  0x000000001ba24000 JavaThread "Daemon Thread 10" [_thread_blocked, id=9176, stack(0x0000000000f40000,0x0000000001040000)]
  0x000000001ba29800 JavaThread "Cache worker for Java compile cache (C:\Users\kozyr\.gradle\caches\5.4.1\javaCompile)" [_thread_blocked, id=15996, stack(0x0000000028b30000,0x0000000028c30000)]
  0x000000001e6f4000 JavaThread "Cache worker for file content cache (C:\Users\kozyr\.gradle\caches\5.4.1\fileContent)" [_thread_blocked, id=4376, stack(0x0000000025cf0000,0x0000000025df0000)]
  0x000000001e6fd000 JavaThread "Memory manager" [_thread_blocked, id=16168, stack(0x00000000258f0000,0x00000000259f0000)]
  0x000000001e6ee000 JavaThread "Cache worker for execution history cache (C:\Users\kozyr\.gradle\caches\5.4.1\executionHistory)" [_thread_blocked, id=10584, stack(0x0000000022e00000,0x0000000022f00000)]
  0x000000001b785800 JavaThread "Cache worker for journal cache (C:\Users\kozyr\.gradle\caches\journal-1)" [_thread_blocked, id=10084, stack(0x000000001d940000,0x000000001da40000)]
  0x000000001b786000 JavaThread "File lock request listener" [_thread_in_native, id=6928, stack(0x000000001d840000,0x000000001d940000)]
  0x000000001b340000 JavaThread "Cache worker for file hash cache (C:\Users\kozyr\.gradle\caches\5.4.1\fileHashes)" [_thread_blocked, id=15592, stack(0x000000001d740000,0x000000001d840000)]
  0x0000000019ef4000 JavaThread "Daemon periodic checks" [_thread_blocked, id=14600, stack(0x000000001cc40000,0x000000001cd40000)]
  0x000000001ac2e800 JavaThread "Incoming local TCP Connector on port 61230" [_thread_in_native, id=3148, stack(0x000000001c9f0000,0x000000001caf0000)]
  0x000000001c086000 JavaThread "Daemon health stats" [_thread_blocked, id=12148, stack(0x000000001c3b0000,0x000000001c4b0000)]
  0x0000000019c11800 JavaThread "Service Thread" daemon [_thread_blocked, id=15572, stack(0x000000001a9e0000,0x000000001aae0000)]
  0x0000000019c0c800 JavaThread "C1 CompilerThread3" daemon [_thread_blocked, id=1068, stack(0x000000001a8e0000,0x000000001a9e0000)]
=>0x0000000019c06800 JavaThread "C2 CompilerThread2" daemon [_thread_in_native, id=11868, stack(0x000000001a7e0000,0x000000001a8e0000)]
  0x0000000019c05800 JavaThread "C2 CompilerThread1" daemon [_thread_blocked, id=14380, stack(0x000000001a6e0000,0x000000001a7e0000)]
  0x0000000019c01000 JavaThread "C2 CompilerThread0" daemon [_thread_blocked, id=10932, stack(0x000000001a5e0000,0x000000001a6e0000)]
  0x0000000019bff800 JavaThread "Attach Listener" daemon [_thread_blocked, id=12544, stack(0x000000001a4e0000,0x000000001a5e0000)]
  0x0000000019bfe000 JavaThread "Signal Dispatcher" daemon [_thread_blocked, id=14468, stack(0x000000001a3e0000,0x000000001a4e0000)]
  0x00000000018f8000 JavaThread "Finalizer" daemon [_thread_blocked, id=8488, stack(0x000000001a0d0000,0x000000001a1d0000)]
  0x0000000017e0c800 JavaThread "Reference Handler" daemon [_thread_blocked, id=14168, stack(0x0000000019fd0000,0x000000001a0d0000)]
  0x00000000017fe800 JavaThread "main" [_thread_blocked, id=6784, stack(0x0000000001610000,0x0000000001710000)]

Other Threads:
  0x0000000017e08800 VMThread [stack: 0x0000000019ad0000,0x0000000019bd0000] [id=4640]
  0x0000000019c12800 WatcherThread [stack: 0x000000001aae0000,0x000000001abe0000] [id=15724]

VM state:not at safepoint (normal execution)

VM Mutex/Monitor currently owned by a thread: None

heap address: 0x0000000080000000, size: 2048 MB, Compressed Oops mode: 32-bit
Narrow klass base: 0x0000000000000000, Narrow klass shift: 3
Compressed class space size: 1073741824 Address: 0x0000000100000000

Heap:
 PSYoungGen      total 212992K, used 179400K [0x00000000d5580000, 0x00000000e5f00000, 0x0000000100000000)
  eden space 168448K, 89% used [0x00000000d5580000,0x00000000de876788,0x00000000dfa00000)
  from space 44544K, 64% used [0x00000000e3380000,0x00000000e4fbbb48,0x00000000e5f00000)
  to   space 51712K, 0% used [0x00000000dfa00000,0x00000000dfa00000,0x00000000e2c80000)
 ParOldGen       total 138752K, used 113829K [0x0000000080000000, 0x0000000088780000, 0x00000000d5580000)
  object space 138752K, 82% used [0x0000000080000000,0x0000000086f29770,0x0000000088780000)
 Metaspace       used 89826K, capacity 95728K, committed 95960K, reserved 1132544K
  class space    used 11619K, capacity 12674K, committed 12800K, reserved 1048576K

Card table byte_map: [0x0000000012410000,0x0000000012820000] byte_map_base: 0x0000000012010000

Marking Bits: (ParMarkBitMap*) 0x0000000066f19f30
 Begin Bits: [0x0000000013020000, 0x0000000015020000)
 End Bits:   [0x0000000015020000, 0x0000000017020000)

Polling page: 0x00000000011c0000

CodeCache: size=245760Kb used=63548Kb max_used=63567Kb free=182211Kb
 bounds [0x0000000003410000, 0x0000000007290000, 0x0000000012410000]
 total_blobs=17864 nmethods=17010 adapters=765
 compilation: enabled

Compilation events (10 events):
Event: 3418.641 Thread 0x0000000019c0c800 22457       3       org.gradle.execution.plan.DefaultExecutionPlan::getOrCreateProjectLock (42 bytes)
Event: 3418.642 Thread 0x0000000019c05800 nmethod 22454 0x000000000724fa90 code [0x000000000724fbe0, 0x000000000724fd38]
Event: 3418.642 Thread 0x0000000019c05800 22455       4       org.gradle.execution.plan.Node::getAllSuccessorsInReverseOrder (10 bytes)
Event: 3418.642 Thread 0x0000000019c0c800 nmethod 22457 0x0000000007261910 code [0x0000000007261b40, 0x0000000007262948]
Event: 3418.647 Thread 0x0000000019c05800 nmethod 22455 0x000000000724f2d0 code [0x000000000724f440, 0x000000000724f798]
Event: 3418.647 Thread 0x0000000019c05800 22458       4       java.security.AccessControlContext::combine (205 bytes)
Event: 3418.651 Thread 0x0000000019c0c800 22459       3       java.nio.ByteBuffer::allocateDirect (9 bytes)
Event: 3418.651 Thread 0x0000000019c0c800 nmethod 22459 0x000000000724eed0 code [0x000000000724f040, 0x000000000724f208]
Event: 3418.652 Thread 0x0000000019c0c800 22460   !   3       java.nio.DirectByteBuffer::<init> (146 bytes)
Event: 3418.653 Thread 0x0000000019c0c800 nmethod 22460 0x000000000726a110 code [0x000000000726a380, 0x000000000726b3d8]

GC Heap History (10 events):
Event: 3094.394 GC heap before
{Heap before GC invocations=25 (full 3):
 PSYoungGen      total 232448K, used 232142K [0x00000000d5580000, 0x00000000e7980000, 0x0000000100000000)
  eden space 199680K, 100% used [0x00000000d5580000,0x00000000e1880000,0x00000000e1880000)
  from space 32768K, 99% used [0x00000000e1f00000,0x00000000e3eb3850,0x00000000e3f00000)
  to   space 49664K, 0% used [0x00000000e4900000,0x00000000e4900000,0x00000000e7980000)
 ParOldGen       total 138752K, used 108792K [0x0000000080000000, 0x0000000088780000, 0x00000000d5580000)
  object space 138752K, 78% used [0x0000000080000000,0x0000000086a3e108,0x0000000088780000)
 Metaspace       used 89159K, capacity 94406K, committed 94424K, reserved 1130496K
  class space    used 11540K, capacity 12531K, committed 12544K, reserved 1048576K
Event: 3094.412 GC heap after
Heap after GC invocations=25 (full 3):
 PSYoungGen      total 233984K, used 13927K [0x00000000d5580000, 0x00000000e7100000, 0x0000000100000000)
  eden space 193024K, 0% used [0x00000000d5580000,0x00000000d5580000,0x00000000e1200000)
  from space 40960K, 34% used [0x00000000e4900000,0x00000000e5699cd8,0x00000000e7100000)
  to   space 48640K, 0% used [0x00000000e1200000,0x00000000e1200000,0x00000000e4180000)
 ParOldGen       total 138752K, used 108800K [0x0000000080000000, 0x0000000088780000, 0x00000000d5580000)
  object space 138752K, 78% used [0x0000000080000000,0x0000000086a40108,0x0000000088780000)
 Metaspace       used 89159K, capacity 94406K, committed 94424K, reserved 1130496K
  class space    used 11540K, capacity 12531K, committed 12544K, reserved 1048576K
}
Event: 3095.321 GC heap before
{Heap before GC invocations=26 (full 3):
 PSYoungGen      total 233984K, used 206951K [0x00000000d5580000, 0x00000000e7100000, 0x0000000100000000)
  eden space 193024K, 100% used [0x00000000d5580000,0x00000000e1200000,0x00000000e1200000)
  from space 40960K, 34% used [0x00000000e4900000,0x00000000e5699cd8,0x00000000e7100000)
  to   space 48640K, 0% used [0x00000000e1200000,0x00000000e1200000,0x00000000e4180000)
 ParOldGen       total 138752K, used 108800K [0x0000000080000000, 0x0000000088780000, 0x00000000d5580000)
  object space 138752K, 78% used [0x0000000080000000,0x0000000086a40108,0x0000000088780000)
 Metaspace       used 89296K, capacity 94728K, committed 95064K, reserved 1132544K
  class space    used 11564K, capacity 12574K, committed 12672K, reserved 1048576K
Event: 3095.337 GC heap after
Heap after GC invocations=26 (full 3):
 PSYoungGen      total 201216K, used 14306K [0x00000000d5580000, 0x00000000e6900000, 0x0000000100000000)
  eden space 186880K, 0% used [0x00000000d5580000,0x00000000d5580000,0x00000000e0c00000)
  from space 14336K, 99% used [0x00000000e1200000,0x00000000e1ff8a80,0x00000000e2000000)
  to   space 47616K, 0% used [0x00000000e3a80000,0x00000000e3a80000,0x00000000e6900000)
 ParOldGen       total 138752K, used 108808K [0x0000000080000000, 0x0000000088780000, 0x00000000d5580000)
  object space 138752K, 78% used [0x0000000080000000,0x0000000086a42108,0x0000000088780000)
 Metaspace       used 89296K, capacity 94728K, committed 95064K, reserved 1132544K
  class space    used 11564K, capacity 12574K, committed 12672K, reserved 1048576K
}
Event: 3098.723 GC heap before
{Heap before GC invocations=27 (full 3):
 PSYoungGen      total 201216K, used 201186K [0x00000000d5580000, 0x00000000e6900000, 0x0000000100000000)
  eden space 186880K, 100% used [0x00000000d5580000,0x00000000e0c00000,0x00000000e0c00000)
  from space 14336K, 99% used [0x00000000e1200000,0x00000000e1ff8a80,0x00000000e2000000)
  to   space 47616K, 0% used [0x00000000e3a80000,0x00000000e3a80000,0x00000000e6900000)
 ParOldGen       total 138752K, used 108808K [0x0000000080000000, 0x0000000088780000, 0x00000000d5580000)
  object space 138752K, 78% used [0x0000000080000000,0x0000000086a42108,0x0000000088780000)
 Metaspace       used 89388K, capacity 94896K, committed 95064K, reserved 1132544K
  class space    used 11579K, capacity 12602K, committed 12672K, reserved 1048576K
Event: 3098.768 GC heap after
Heap after GC invocations=27 (full 3):
 PSYoungGen      total 227328K, used 47601K [0x00000000d5580000, 0x00000000e7100000, 0x0000000100000000)
  eden space 179712K, 0% used [0x00000000d5580000,0x00000000d5580000,0x00000000e0500000)
  from space 47616K, 99% used [0x00000000e3a80000,0x00000000e68fc570,0x00000000e6900000)
  to   space 54784K, 0% used [0x00000000e0500000,0x00000000e0500000,0x00000000e3a80000)
 ParOldGen       total 138752K, used 109688K [0x0000000080000000, 0x0000000088780000, 0x00000000d5580000)
  object space 138752K, 79% used [0x0000000080000000,0x0000000086b1e098,0x0000000088780000)
 Metaspace       used 89388K, capacity 94896K, committed 95064K, reserved 1132544K
  class space    used 11579K, capacity 12602K, committed 12672K, reserved 1048576K
}
Event: 3377.867 GC heap before
{Heap before GC invocations=28 (full 3):
 PSYoungGen      total 227328K, used 227313K [0x00000000d5580000, 0x00000000e7100000, 0x0000000100000000)
  eden space 179712K, 100% used [0x00000000d5580000,0x00000000e0500000,0x00000000e0500000)
  from space 47616K, 99% used [0x00000000e3a80000,0x00000000e68fc570,0x00000000e6900000)
  to   space 54784K, 0% used [0x00000000e0500000,0x00000000e0500000,0x00000000e3a80000)
 ParOldGen       total 138752K, used 109688K [0x0000000080000000, 0x0000000088780000, 0x00000000d5580000)
  object space 138752K, 79% used [0x0000000080000000,0x0000000086b1e098,0x0000000088780000)
 Metaspace       used 89685K, capacity 95570K, committed 95576K, reserved 1132544K
  class space    used 11617K, capacity 12671K, committed 12672K, reserved 1048576K
Event: 3377.895 GC heap after
Heap after GC invocations=28 (full 3):
 PSYoungGen      total 201728K, used 27357K [0x00000000d5580000, 0x00000000e6780000, 0x0000000100000000)
  eden space 174080K, 0% used [0x00000000d5580000,0x00000000d5580000,0x00000000dff80000)
  from space 27648K, 98% used [0x00000000e0500000,0x00000000e1fb76d0,0x00000000e2000000)
  to   space 53248K, 0% used [0x00000000e3380000,0x00000000e3380000,0x00000000e6780000)
 ParOldGen       total 138752K, used 113821K [0x0000000080000000, 0x0000000088780000, 0x00000000d5580000)
  object space 138752K, 82% used [0x0000000080000000,0x0000000086f27770,0x0000000088780000)
 Metaspace       used 89685K, capacity 95570K, committed 95576K, reserved 1132544K
  class space    used 11617K, capacity 12671K, committed 12672K, reserved 1048576K
}
Event: 3381.528 GC heap before
{Heap before GC invocations=29 (full 3):
 PSYoungGen      total 201728K, used 201437K [0x00000000d5580000, 0x00000000e6780000, 0x0000000100000000)
  eden space 174080K, 100% used [0x00000000d5580000,0x00000000dff80000,0x00000000dff80000)
  from space 27648K, 98% used [0x00000000e0500000,0x00000000e1fb76d0,0x00000000e2000000)
  to   space 53248K, 0% used [0x00000000e3380000,0x00000000e3380000,0x00000000e6780000)
 ParOldGen       total 138752K, used 113821K [0x0000000080000000, 0x0000000088780000, 0x00000000d5580000)
  object space 138752K, 82% used [0x0000000080000000,0x0000000086f27770,0x0000000088780000)
 Metaspace       used 89711K, capacity 95574K, committed 95576K, reserved 1132544K
  class space    used 11617K, capacity 12671K, committed 12672K, reserved 1048576K
Event: 3381.546 GC heap after
Heap after GC invocations=29 (full 3):
 PSYoungGen      total 212992K, used 28910K [0x00000000d5580000, 0x00000000e5f00000, 0x0000000100000000)
  eden space 168448K, 0% used [0x00000000d5580000,0x00000000d5580000,0x00000000dfa00000)
  from space 44544K, 64% used [0x00000000e3380000,0x00000000e4fbbb48,0x00000000e5f00000)
  to   space 51712K, 0% used [0x00000000dfa00000,0x00000000dfa00000,0x00000000e2c80000)
 ParOldGen       total 138752K, used 113829K [0x0000000080000000, 0x0000000088780000, 0x00000000d5580000)
  object space 138752K, 82% used [0x0000000080000000,0x0000000086f29770,0x0000000088780000)
 Metaspace       used 89711K, capacity 95574K, committed 95576K, reserved 1132544K
  class space    used 11617K, capacity 12671K, committed 12672K, reserved 1048576K
}

Deoptimization events (10 events):
Event: 3098.251 Thread 0x000000001e6f6000 Uncommon trap: reason=array_check action=maybe_recompile pc=0x000000000577eb5c method=java.util.ComparableTimSort.mergeHi(IIII)V @ 415
Event: 3098.252 Thread 0x000000001e6f6000 Uncommon trap: reason=array_check action=maybe_recompile pc=0x000000000577eb5c method=java.util.ComparableTimSort.mergeHi(IIII)V @ 415
Event: 3098.252 Thread 0x000000001e6f6000 Uncommon trap: reason=array_check action=maybe_recompile pc=0x0000000005c8c1d4 method=java.util.ComparableTimSort.mergeLo(IIII)V @ 465
Event: 3098.252 Thread 0x000000001e6f6000 Uncommon trap: reason=array_check action=maybe_recompile pc=0x0000000005c8c1d4 method=java.util.ComparableTimSort.mergeLo(IIII)V @ 465
Event: 3101.668 Thread 0x000000001e6f6000 Uncommon trap: reason=speculate_class_check action=maybe_recompile pc=0x0000000006aee894 method=java.nio.charset.CharsetEncoder.reset()Ljava/nio/charset/CharsetEncoder; @ 1
Event: 3376.928 Thread 0x000000001ba22000 Uncommon trap: reason=predicate action=maybe_recompile pc=0x0000000004b77600 method=com.google.common.collect.RegularImmutableMap.fromEntryArray(I[Ljava/util/Map$Entry;)Lcom/google/common/collect/ImmutableMap; @ 62
Event: 3377.790 Thread 0x000000001ba22000 Uncommon trap: reason=array_check action=maybe_recompile pc=0x0000000006e3caa8 method=com.google.common.collect.RegularImmutableMap.fromEntryArray(I[Ljava/util/Map$Entry;)Lcom/google/common/collect/ImmutableMap; @ 157
Event: 3378.120 Thread 0x0000000026b9f800 Uncommon trap: reason=unstable_if action=reinterpret pc=0x0000000005011e04 method=java.util.concurrent.locks.LockSupport.unpark(Ljava/lang/Thread;)V @ 1
Event: 3378.501 Thread 0x0000000026ba1000 Uncommon trap: reason=bimorphic action=maybe_recompile pc=0x0000000004f8d3a0 method=com.sun.org.apache.xerces.internal.dom.CoreDocumentImpl.isKidOK(Lorg/w3c/dom/Node;Lorg/w3c/dom/Node;)Z @ 39
Event: 3378.577 Thread 0x000000001ba22000 Uncommon trap: reason=class_check action=maybe_recompile pc=0x00000000051107b8 method=java.util.stream.MatchOps$MatchOp.evaluateSequential(Ljava/util/stream/PipelineHelper;Ljava/util/Spliterator;)Ljava/lang/Boolean; @ 14

Classes redefined (0 events):
No events

Internal exceptions (10 events):
Event: 2894.374 Thread 0x000000001ba22000 Exception <a 'sun/nio/fs/WindowsException'> (0x00000000dcbec0d0) thrown at [D:\src\AOSP-openjdk-cygwin\jdk8u\hotspot\src\share\vm\prims\jni.cpp, line 710]
Event: 2894.496 Thread 0x000000001ba2e000 Exception <a 'sun/nio/fs/WindowsException'> (0x00000000dee23530) thrown at [D:\src\AOSP-openjdk-cygwin\jdk8u\hotspot\src\share\vm\prims\jni.cpp, line 710]
Event: 2894.724 Thread 0x000000002040a000 Exception <a 'sun/nio/fs/WindowsException'> (0x00000000dfc58790) thrown at [D:\src\AOSP-openjdk-cygwin\jdk8u\hotspot\src\share\vm\prims\jni.cpp, line 710]
Event: 3095.163 Thread 0x000000001b785800 Implicit null exception at 0x00000000054ef2cf to 0x00000000054f0319
Event: 3101.691 Thread 0x0000000020410000 Exception <a 'sun/nio/fs/WindowsException'> (0x00000000d853b060) thrown at [D:\src\AOSP-openjdk-cygwin\jdk8u\hotspot\src\share\vm\prims\jni.cpp, line 710]
Event: 3101.705 Thread 0x0000000020410000 Exception <a 'sun/nio/fs/WindowsException'> (0x00000000d86b64c8) thrown at [D:\src\AOSP-openjdk-cygwin\jdk8u\hotspot\src\share\vm\prims\jni.cpp, line 710]
Event: 3101.914 Thread 0x0000000020416800 Exception <a 'sun/nio/fs/WindowsException'> (0x00000000d98183f8) thrown at [D:\src\AOSP-openjdk-cygwin\jdk8u\hotspot\src\share\vm\prims\jni.cpp, line 710]
Event: 3102.042 Thread 0x0000000020416000 Exception <a 'sun/nio/fs/WindowsException'> (0x00000000dba441f8) thrown at [D:\src\AOSP-openjdk-cygwin\jdk8u\hotspot\src\share\vm\prims\jni.cpp, line 710]
Event: 3102.325 Thread 0x000000001e6f6000 Exception <a 'sun/nio/fs/WindowsException'> (0x00000000dc925a90) thrown at [D:\src\AOSP-openjdk-cygwin\jdk8u\hotspot\src\share\vm\prims\jni.cpp, line 710]
Event: 3382.681 Thread 0x000000001ba22000 Exception <a 'sun/nio/fs/WindowsException'> (0x00000000d8d20470) thrown at [D:\src\AOSP-openjdk-cygwin\jdk8u\hotspot\src\share\vm\prims\jni.cpp, line 710]

Events (10 events):
Event: 3418.644 Thread 0x0000000026ba1000 Thread added: 0x0000000026ba1000
Event: 3418.644 Thread 0x0000000026ba6800 Thread added: 0x0000000026ba6800
Event: 3418.648 Executing VM operation: RevokeBias
Event: 3418.649 Executing VM operation: RevokeBias done
Event: 3418.649 Executing VM operation: RevokeBias
Event: 3418.649 Executing VM operation: RevokeBias done
Event: 3418.649 Executing VM operation: BulkRevokeBias
Event: 3418.650 Executing VM operation: BulkRevokeBias done
Event: 3418.650 Executing VM operation: RevokeBias
Event: 3418.650 Executing VM operation: RevokeBias done


Dynamic libraries:
0x00007ff674140000 - 0x00007ff674171000 	D:\Программы\Новая папка\jre\bin\java.exe
0x00007ffa9ca40000 - 0x00007ffa9cc30000 	C:\WINDOWS\SYSTEM32\ntdll.dll
0x00007ffa9c940000 - 0x00007ffa9c9f2000 	C:\WINDOWS\System32\KERNEL32.DLL
0x00007ffa9a840000 - 0x00007ffa9aae3000 	C:\WINDOWS\System32\KERNELBASE.dll
0x00007ffa9c270000 - 0x00007ffa9c313000 	C:\WINDOWS\System32\ADVAPI32.dll
0x00007ffa9bc40000 - 0x00007ffa9bcde000 	C:\WINDOWS\System32\msvcrt.dll
0x00007ffa9b9d0000 - 0x00007ffa9ba67000 	C:\WINDOWS\System32\sechost.dll
0x00007ffa9b8b0000 - 0x00007ffa9b9d0000 	C:\WINDOWS\System32\RPCRT4.dll
0x00007ffa9bfc0000 - 0x00007ffa9c154000 	C:\WINDOWS\System32\USER32.dll
0x00007ffa9a810000 - 0x00007ffa9a831000 	C:\WINDOWS\System32\win32u.dll
0x00007ffa9bce0000 - 0x00007ffa9bd06000 	C:\WINDOWS\System32\GDI32.dll
0x00007ffa99b20000 - 0x00007ffa99cb4000 	C:\WINDOWS\System32\gdi32full.dll
0x00007ffa9a5e0000 - 0x00007ffa9a67e000 	C:\WINDOWS\System32\msvcp_win.dll
0x00007ffa99d10000 - 0x00007ffa99e0a000 	C:\WINDOWS\System32\ucrtbase.dll
0x00007ffa8b750000 - 0x00007ffa8b9d5000 	C:\WINDOWS\WinSxS\amd64_microsoft.windows.common-controls_6595b64144ccf1df_6.0.18362.720_none_e6beb5c51314836b\COMCTL32.dll
0x00007ffa9c600000 - 0x00007ffa9c936000 	C:\WINDOWS\System32\combase.dll
0x00007ffa9a730000 - 0x00007ffa9a7b0000 	C:\WINDOWS\System32\bcryptPrimitives.dll
0x00007ffa9c230000 - 0x00007ffa9c25e000 	C:\WINDOWS\System32\IMM32.DLL
0x0000000066590000 - 0x0000000066662000 	D:\Программы\Новая папка\jre\jre\bin\msvcr100.dll
0x0000000066750000 - 0x0000000066f96000 	D:\Программы\Новая папка\jre\jre\bin\server\jvm.dll
0x00007ffa9c380000 - 0x00007ffa9c388000 	C:\WINDOWS\System32\PSAPI.DLL
0x00007ffa983f0000 - 0x00007ffa983f9000 	C:\WINDOWS\SYSTEM32\WSOCK32.dll
0x00007ffa9ba70000 - 0x00007ffa9badf000 	C:\WINDOWS\System32\WS2_32.dll
0x00007ffa95f60000 - 0x00007ffa95f84000 	C:\WINDOWS\SYSTEM32\WINMM.dll
0x00007ffa955c0000 - 0x00007ffa955ca000 	C:\WINDOWS\SYSTEM32\VERSION.dll
0x00007ffa95f30000 - 0x00007ffa95f5d000 	C:\WINDOWS\SYSTEM32\WINMMBASE.dll
0x00007ffa99cc0000 - 0x00007ffa99d0a000 	C:\WINDOWS\System32\cfgmgr32.dll
0x00007ffa96040000 - 0x00007ffa9604f000 	D:\Программы\Новая папка\jre\jre\bin\verify.dll
0x00007ffa95fe0000 - 0x00007ffa96009000 	D:\Программы\Новая папка\jre\jre\bin\java.dll
0x00007ffa95f90000 - 0x00007ffa95fa6000 	D:\Программы\Новая папка\jre\jre\bin\zip.dll
0x00007ffa9ad50000 - 0x00007ffa9b435000 	C:\WINDOWS\System32\SHELL32.dll
0x00007ffa9bb90000 - 0x00007ffa9bc39000 	C:\WINDOWS\System32\shcore.dll
0x00007ffa99e40000 - 0x00007ffa9a5c0000 	C:\WINDOWS\System32\windows.storage.dll
0x00007ffa999a0000 - 0x00007ffa999c3000 	C:\WINDOWS\System32\profapi.dll
0x00007ffa99950000 - 0x00007ffa9999a000 	C:\WINDOWS\System32\powrprof.dll
0x00007ffa99900000 - 0x00007ffa99910000 	C:\WINDOWS\System32\UMPDC.dll
0x00007ffa9c320000 - 0x00007ffa9c372000 	C:\WINDOWS\System32\shlwapi.dll
0x00007ffa99910000 - 0x00007ffa99921000 	C:\WINDOWS\System32\kernel.appcore.dll
0x00007ffa9a5c0000 - 0x00007ffa9a5d7000 	C:\WINDOWS\System32\cryptsp.dll
0x00007ffa95350000 - 0x00007ffa9536a000 	D:\Программы\Новая папка\jre\jre\bin\net.dll
0x00007ffa99170000 - 0x00007ffa991d7000 	C:\WINDOWS\system32\mswsock.dll
0x00007ffa95330000 - 0x00007ffa95341000 	D:\Программы\Новая папка\jre\jre\bin\nio.dll
0x00007ffa8be20000 - 0x00007ffa8be46000 	C:\Users\kozyr\.gradle\native\29\windows-amd64\native-platform.dll
0x00007ffa959c0000 - 0x00007ffa959cd000 	D:\Программы\Новая папка\jre\jre\bin\management.dll
0x00007ffa98ce0000 - 0x00007ffa98d13000 	C:\WINDOWS\system32\rsaenh.dll
0x00007ffa99e10000 - 0x00007ffa99e36000 	C:\WINDOWS\System32\bcrypt.dll
0x00007ffa997f0000 - 0x00007ffa99815000 	C:\WINDOWS\SYSTEM32\USERENV.dll
0x00007ffa99340000 - 0x00007ffa9934c000 	C:\WINDOWS\SYSTEM32\CRYPTBASE.dll
0x00007ffa98e80000 - 0x00007ffa98eba000 	C:\WINDOWS\SYSTEM32\IPHLPAPI.DLL
0x00007ffa9aca0000 - 0x00007ffa9aca8000 	C:\WINDOWS\System32\NSI.dll
0x00007ffa8f7e0000 - 0x00007ffa8f7f6000 	C:\WINDOWS\SYSTEM32\dhcpcsvc6.DLL
0x00007ffa90140000 - 0x00007ffa9015c000 	C:\WINDOWS\SYSTEM32\dhcpcsvc.DLL
0x00007ffa98ec0000 - 0x00007ffa98f8a000 	C:\WINDOWS\SYSTEM32\DNSAPI.dll

VM Arguments:
jvm_args: -Xmx2048m -Dfile.encoding=windows-1251 -Duser.country=RU -Duser.language=ru -Duser.variant 
java_command: org.gradle.launcher.daemon.bootstrap.GradleDaemon 5.4.1
java_class_path (initial): C:\Users\kozyr\.gradle\wrapper\dists\gradle-5.4.1-all\3221gyojl5jsh0helicew7rwx\gradle-5.4.1\lib\gradle-launcher-5.4.1.jar
Launcher Type: SUN_STANDARD

Environment Variables:
PATH=C:\Python27\;C:\Python27\Scripts;C:\Program Files (x86)\Intel\iCLS Client\;C:\Program Files\Intel\iCLS Client\;C:\windows\system32;C:\windows;C:\windows\System32\Wbem;C:\windows\System32\WindowsPowerShell\v1.0\;C:\Program Files (x86)\Intel\Intel(R) Management Engine Components\DAL;C:\Program Files\Intel\Intel(R) Management Engine Components\DAL;C:\Program Files (x86)\Intel\Intel(R) Management Engine Components\IPT;C:\Program Files\Intel\Intel(R) Management Engine Components\IPT;C:\Program Files (x86)\NVIDIA Corporation\PhysX\Common;C:\Program Files\Intel\IntelSGXPSW\bin\x64\Release\;C:\Program Files\Intel\IntelSGXPSW\bin\win32\Release\;C:\Program Files (x86)\Skype\Phone\;C:\WINDOWS\system32;C:\WINDOWS;C:\WINDOWS\System32\Wbem;C:\WINDOWS\System32\WindowsPowerShell\v1.0\;C:\Program Files\Common Files\Autodesk Shared\;C:\Program Files (x86)\Autodesk\Backburner\;C:\Program Files (x86)\GtkSharp\2.12\bin;C:\WINDOWS\System32\OpenSSH\;C:\Program Files\nodejs\;C:\ProgramData\chocolatey\bin;C:\Users\kozyr\AppData\Local\Microsoft\WindowsApps;C:\Users\kozyr\AppData\Roaming\npm
USERNAME=kozyr
OS=Windows_NT
PROCESSOR_IDENTIFIER=Intel64 Family 6 Model 94 Stepping 3, GenuineIntel



---------------  S Y S T E M  ---------------

OS: Windows 10.0 , 64 bit Build 18362 (10.0.18362.329)

CPU:total 8 (initial active 8) (4 cores per cpu, 2 threads per core) family 6 model 94 stepping 3, cmov, cx8, fxsr, mmx, sse, sse2, sse3, ssse3, sse4.1, sse4.2, popcnt, avx, avx2, aes, clmul, erms, rtm, 3dnowpref, lzcnt, ht, tsc, tscinvbit, bmi1, bmi2, adx

Memory: 4k page, physical 8223456k(642792k free), swap 10320608k(95216k free)

vm_info: OpenJDK 64-Bit Server VM (25.202-b03) for windows-amd64 JRE (1.8.0_202-release-1483-b03), built by "builder" with MS VC++ 10.0 (VS2010)

time: Sun Mar 15 00:50:20 2020
timezone: RTZ 2 (зима)
elapsed time: 3418 seconds (0d 0h 56m 58s)

