#
# There is insufficient memory for the Java Runtime Environment to continue.
# Native memory allocation (malloc) failed to allocate 1764176 bytes for Chunk::new
# Possible reasons:
#   The system is out of physical RAM or swap space
#   The process is running with CompressedOops enabled, and the Java Heap may be blocking the growth of the native heap
# Possible solutions:
#   Reduce memory load on the system
#   Increase physical memory or swap space
#   Check if swap backing store is full
#   Decrease Java heap size (-Xmx/-Xms)
#   Decrease number of Java threads
#   Decrease Java thread stack sizes (-Xss)
#   Set larger code cache with -XX:ReservedCodeCacheSize=
#   JVM is running with Unscaled Compressed Oops mode in which the Java heap is
#     placed in the first 4GB address space. The Java Heap base address is the
#     maximum limit for the native heap growth. Please use -XX:HeapBaseMinAddress
#     to set the Java Heap base and to place the Java Heap above 4GB virtual address.
# This output file may be truncated or incomplete.
#
#  Out of Memory Error (allocation.cpp:389), pid=13140, tid=0x0000000000004454
#
# JRE version: OpenJDK Runtime Environment (8.0_202-b03) (build 1.8.0_202-release-1483-b03)
# Java VM: OpenJDK 64-Bit Server VM (25.202-b03 mixed mode windows-amd64 compressed oops)
# Failed to write core dump. Minidumps are not enabled by default on client versions of Windows
#

---------------  T H R E A D  ---------------

Current thread (0x0000000019fea000):  JavaThread "C2 CompilerThread2" daemon [_thread_in_native, id=17492, stack(0x000000001aac0000,0x000000001abc0000)]

Stack: [0x000000001aac0000,0x000000001abc0000]
[error occurred during error reporting (printing stack bounds), id 0xc0000005]

Native frames: (J=compiled Java code, j=interpreted, Vv=VM code, C=native code)


Current CompileTask:
C2:   7878 4596 %     4       groovy.lang.MetaClassImpl::inheritInterfaceNewMetaMethods @ 104 (199 bytes)


---------------  P R O C E S S  ---------------

Java Threads: ( => current thread )
  0x000000001f33f800 JavaThread "Cache worker for file content cache (C:\Users\kozyr\Diser 111111\Diser 9.7.0\.gradle\5.4.1\fileContent)" [_thread_blocked, id=15092, stack(0x0000000026170000,0x0000000026270000)]
  0x000000001f340000 JavaThread "Cache worker for file content cache (C:\Users\kozyr\.gradle\caches\5.4.1\fileContent)" [_thread_blocked, id=10740, stack(0x0000000026070000,0x0000000026170000)]
  0x000000001f33b800 JavaThread "Memory manager" [_thread_blocked, id=18392, stack(0x0000000025550000,0x0000000025650000)]
  0x000000001f33c800 JavaThread "Cache worker for Build Output Cleanup Cache (C:\Users\kozyr\Diser 111111\Diser 9.7.0\.gradle\buildOutputCleanup)" [_thread_blocked, id=2840, stack(0x0000000023f60000,0x0000000024060000)]
  0x000000001f339800 JavaThread "Build operations Thread 8" [_thread_blocked, id=10712, stack(0x0000000024c50000,0x0000000024d50000)]
  0x000000001f335800 JavaThread "Build operations Thread 7" [_thread_blocked, id=14680, stack(0x0000000024b50000,0x0000000024c50000)]
  0x000000001f335000 JavaThread "Build operations Thread 6" [_thread_blocked, id=8948, stack(0x0000000024a50000,0x0000000024b50000)]
  0x000000001f337000 JavaThread "Build operations Thread 5" [_thread_blocked, id=13000, stack(0x0000000024950000,0x0000000024a50000)]
  0x000000001f338800 JavaThread "Build operations Thread 4" [_thread_blocked, id=1496, stack(0x0000000024850000,0x0000000024950000)]
  0x000000001f332000 JavaThread "Build operations Thread 3" [_thread_blocked, id=13028, stack(0x0000000024750000,0x0000000024850000)]
  0x000000001f331000 JavaThread "Build operations Thread 2" [_thread_blocked, id=12088, stack(0x0000000024650000,0x0000000024750000)]
  0x000000001f334000 JavaThread "Build operations" [_thread_blocked, id=17360, stack(0x0000000024550000,0x0000000024650000)]
  0x000000001f336800 JavaThread "Cache worker for execution history cache (C:\Users\kozyr\.gradle\caches\5.4.1\executionHistory)" [_thread_blocked, id=12740, stack(0x00000000229a0000,0x0000000022aa0000)]
  0x000000001f333800 JavaThread "Cache worker for cache directory md-rule (C:\Users\kozyr\.gradle\caches\5.4.1\md-rule)" [_thread_blocked, id=10452, stack(0x0000000021890000,0x0000000021990000)]
  0x000000001f338000 JavaThread "Cache worker for cache directory md-supplier (C:\Users\kozyr\.gradle\caches\5.4.1\md-supplier)" [_thread_blocked, id=12984, stack(0x0000000021790000,0x0000000021890000)]
  0x000000001c060800 JavaThread "Cache worker for file hash cache (C:\Users\kozyr\Diser 111111\Diser 9.7.0\.gradle\5.4.1\fileHashes)" [_thread_blocked, id=8340, stack(0x0000000021090000,0x0000000021190000)]
  0x000000001c05f000 JavaThread "Cache worker for journal cache (C:\Users\kozyr\.gradle\caches\journal-1)" [_thread_blocked, id=9124, stack(0x000000001dc20000,0x000000001dd20000)]
  0x000000001c061000 JavaThread "File lock request listener" [_thread_in_native, id=7800, stack(0x000000001db20000,0x000000001dc20000)]
  0x000000001c05e000 JavaThread "Cache worker for file hash cache (C:\Users\kozyr\.gradle\caches\5.4.1\fileHashes)" [_thread_blocked, id=11236, stack(0x000000001da20000,0x000000001db20000)]
  0x000000001bd1b800 JavaThread "Thread-9" [_thread_blocked, id=18404, stack(0x000000001d920000,0x000000001da20000)]
  0x000000001bd1b000 JavaThread "Stdin handler" [_thread_blocked, id=11208, stack(0x000000001d820000,0x000000001d920000)]
  0x000000001af47800 JavaThread "Asynchronous log dispatcher for DefaultDaemonConnection: socket connection from /127.0.0.1:53275 to /127.0.0.1:53276" [_thread_blocked, id=10172, stack(0x000000001d620000,0x000000001d720000)]
  0x000000001bd25000 JavaThread "Daemon worker" [_thread_in_vm, id=14808, stack(0x000000001d520000,0x000000001d620000)]
  0x000000001bd27000 JavaThread "Cancel handler" [_thread_blocked, id=13820, stack(0x000000001d420000,0x000000001d520000)]
  0x000000001b161000 JavaThread "Handler for socket connection from /127.0.0.1:53275 to /127.0.0.1:53276" [_thread_in_native, id=3532, stack(0x000000001d120000,0x000000001d220000)]
  0x000000001b160800 JavaThread "Daemon" [_thread_blocked, id=6220, stack(0x000000001d020000,0x000000001d120000)]
  0x000000001b091800 JavaThread "Daemon periodic checks" [_thread_blocked, id=8828, stack(0x000000001cf20000,0x000000001d020000)]
  0x000000001b09c800 JavaThread "Incoming local TCP Connector on port 53275" [_thread_in_native, id=7960, stack(0x000000001ccd0000,0x000000001cdd0000)]
  0x000000001ba49800 JavaThread "Daemon health stats" [_thread_blocked, id=16156, stack(0x000000001c690000,0x000000001c790000)]
  0x000000001a084000 JavaThread "Service Thread" daemon [_thread_blocked, id=11400, stack(0x000000001acc0000,0x000000001adc0000)]
  0x0000000019ffb000 JavaThread "C1 CompilerThread3" daemon [_thread_blocked, id=9820, stack(0x000000001abc0000,0x000000001acc0000)]
=>0x0000000019fea000 JavaThread "C2 CompilerThread2" daemon [_thread_in_native, id=17492, stack(0x000000001aac0000,0x000000001abc0000)]
  0x0000000019fe9800 JavaThread "C2 CompilerThread1" daemon [_thread_in_native, id=7100, stack(0x000000001a9c0000,0x000000001aac0000)]
  0x0000000019fe1000 JavaThread "C2 CompilerThread0" daemon [_thread_in_native, id=14408, stack(0x000000001a8c0000,0x000000001a9c0000)]
  0x0000000019fde800 JavaThread "Attach Listener" daemon [_thread_blocked, id=11960, stack(0x000000001a7c0000,0x000000001a8c0000)]
  0x00000000181de800 JavaThread "Signal Dispatcher" daemon [_thread_blocked, id=18044, stack(0x000000001a6c0000,0x000000001a7c0000)]
  0x0000000001c58800 JavaThread "Finalizer" daemon [_thread_blocked, id=3624, stack(0x000000001a4b0000,0x000000001a5b0000)]
  0x00000000181cc000 JavaThread "Reference Handler" daemon [_thread_blocked, id=11000, stack(0x000000001a3b0000,0x000000001a4b0000)]
  0x0000000001a5e800 JavaThread "main" [_thread_blocked, id=12024, stack(0x0000000001a60000,0x0000000001b60000)]

Other Threads:
  0x00000000181c8800 VMThread [stack: 0x0000000019eb0000,0x0000000019fb0000] [id=6044]
  0x000000001a094800 WatcherThread [stack: 0x000000001adc0000,0x000000001aec0000] [id=4484]

VM state:not at safepoint (normal execution)

VM Mutex/Monitor currently owned by a thread: None

heap address: 0x0000000080000000, size: 2048 MB, Compressed Oops mode: 32-bit
Narrow klass base: 0x0000000000000000, Narrow klass shift: 3
Compressed class space size: 1073741824 Address: 0x0000000100000000

Heap:
 PSYoungGen      total 155136K, used 30166K [0x00000000d5580000, 0x00000000e0200000, 0x0000000100000000)
  eden space 140800K, 11% used [0x00000000d5580000,0x00000000d64fd6a8,0x00000000ddf00000)
  from space 14336K, 99% used [0x00000000de600000,0x00000000df3f83e0,0x00000000df400000)
  to   space 12288K, 0% used [0x00000000df600000,0x00000000df600000,0x00000000e0200000)
 ParOldGen       total 86528K, used 27843K [0x0000000080000000, 0x0000000085480000, 0x00000000d5580000)
  object space 86528K, 32% used [0x0000000080000000,0x0000000081b30c30,0x0000000085480000)
 Metaspace       used 56129K, capacity 57668K, committed 57856K, reserved 1099776K
  class space    used 7641K, capacity 8080K, committed 8192K, reserved 1048576K

Card table byte_map: [0x00000000127d0000,0x0000000012be0000] byte_map_base: 0x00000000123d0000

Marking Bits: (ParMarkBitMap*) 0x0000000075629f30
 Begin Bits: [0x00000000133e0000, 0x00000000153e0000)
 End Bits:   [0x00000000153e0000, 0x00000000173e0000)

Polling page: 0x0000000000df0000

CodeCache: size=245760Kb used=16196Kb max_used=16196Kb free=229563Kb
 bounds [0x0000000003410000, 0x0000000004400000, 0x0000000012410000]
 total_blobs=5439 nmethods=4657 adapters=694
 compilation: enabled

Compilation events (10 events):
Event: 7.852 Thread 0x0000000019ffb000 5095       3       com.sun.xml.bind.v2.model.impl.FieldPropertySeed::getRawType (17 bytes)
Event: 7.853 Thread 0x0000000019ffb000 nmethod 5095 0x0000000003d88310 code [0x0000000003d884a0, 0x0000000003d88928]
Event: 7.854 Thread 0x0000000019ffb000 5097       3       sun.reflect.annotation.AnnotationParser::parseConst (208 bytes)
Event: 7.856 Thread 0x0000000019ffb000 nmethod 5097 0x00000000043ed590 code [0x00000000043ed980, 0x00000000043ef5e8]
Event: 7.856 Thread 0x0000000019ffb000 5098       3       com.sun.xml.bind.v2.model.impl.RuntimeClassInfoImpl$RuntimePropertySeed::hasAnnotation (11 bytes)
Event: 7.857 Thread 0x0000000019ffb000 nmethod 5098 0x00000000035ca750 code [0x00000000035ca8c0, 0x00000000035caae8]
Event: 7.857 Thread 0x0000000019ffb000 5099       3       com.sun.xml.bind.v2.model.impl.FieldPropertySeed::hasAnnotation (18 bytes)
Event: 7.857 Thread 0x0000000019ffb000 nmethod 5099 0x0000000003d87d50 code [0x0000000003d87ec0, 0x0000000003d881c8]
Event: 7.857 Thread 0x0000000019ffb000 5100       3       com.sun.xml.bind.v2.model.nav.ReflectionNavigator::asDecl (9 bytes)
Event: 7.857 Thread 0x0000000019ffb000 nmethod 5100 0x00000000043f0810 code [0x00000000043f09a0, 0x00000000043f0f68]

GC Heap History (10 events):
Event: 4.199 GC heap before
{Heap before GC invocations=9 (full 1):
 PSYoungGen      total 75776K, used 73544K [0x00000000d5580000, 0x00000000dd500000, 0x0000000100000000)
  eden space 65536K, 100% used [0x00000000d5580000,0x00000000d9580000,0x00000000d9580000)
  from space 10240K, 78% used [0x00000000d9580000,0x00000000d9d52088,0x00000000d9f80000)
  to   space 10752K, 0% used [0x00000000dca80000,0x00000000dca80000,0x00000000dd500000)
 ParOldGen       total 56320K, used 8595K [0x0000000080000000, 0x0000000083700000, 0x00000000d5580000)
  object space 56320K, 15% used [0x0000000080000000,0x0000000080864da0,0x0000000083700000)
 Metaspace       used 32259K, capacity 32802K, committed 33152K, reserved 1077248K
  class space    used 4451K, capacity 4624K, committed 4736K, reserved 1048576K
Event: 4.208 GC heap after
Heap after GC invocations=9 (full 1):
 PSYoungGen      total 118784K, used 8661K [0x00000000d5580000, 0x00000000dd480000, 0x0000000100000000)
  eden space 108544K, 0% used [0x00000000d5580000,0x00000000d5580000,0x00000000dbf80000)
  from space 10240K, 84% used [0x00000000dca80000,0x00000000dd2f5690,0x00000000dd480000)
  to   space 10752K, 0% used [0x00000000dbf80000,0x00000000dbf80000,0x00000000dca00000)
 ParOldGen       total 56320K, used 8603K [0x0000000080000000, 0x0000000083700000, 0x00000000d5580000)
  object space 56320K, 15% used [0x0000000080000000,0x0000000080866da0,0x0000000083700000)
 Metaspace       used 32259K, capacity 32802K, committed 33152K, reserved 1077248K
  class space    used 4451K, capacity 4624K, committed 4736K, reserved 1048576K
}
Event: 4.738 GC heap before
{Heap before GC invocations=10 (full 1):
 PSYoungGen      total 118784K, used 65625K [0x00000000d5580000, 0x00000000dd480000, 0x0000000100000000)
  eden space 108544K, 52% used [0x00000000d5580000,0x00000000d8d20f90,0x00000000dbf80000)
  from space 10240K, 84% used [0x00000000dca80000,0x00000000dd2f5690,0x00000000dd480000)
  to   space 10752K, 0% used [0x00000000dbf80000,0x00000000dbf80000,0x00000000dca00000)
 ParOldGen       total 56320K, used 8603K [0x0000000080000000, 0x0000000083700000, 0x00000000d5580000)
  object space 56320K, 15% used [0x0000000080000000,0x0000000080866da0,0x0000000083700000)
 Metaspace       used 34603K, capacity 35330K, committed 35496K, reserved 1079296K
  class space    used 4785K, capacity 5006K, committed 5120K, reserved 1048576K
Event: 4.750 GC heap after
Heap after GC invocations=10 (full 1):
 PSYoungGen      total 119296K, used 10750K [0x00000000d5580000, 0x00000000e0200000, 0x0000000100000000)
  eden space 108544K, 0% used [0x00000000d5580000,0x00000000d5580000,0x00000000dbf80000)
  from space 10752K, 99% used [0x00000000dbf80000,0x00000000dc9ffa28,0x00000000dca00000)
  to   space 12288K, 0% used [0x00000000df600000,0x00000000df600000,0x00000000e0200000)
 ParOldGen       total 56320K, used 8854K [0x0000000080000000, 0x0000000083700000, 0x00000000d5580000)
  object space 56320K, 15% used [0x0000000080000000,0x00000000808a58c8,0x0000000083700000)
 Metaspace       used 34603K, capacity 35330K, committed 35496K, reserved 1079296K
  class space    used 4785K, capacity 5006K, committed 5120K, reserved 1048576K
}
Event: 4.750 GC heap before
{Heap before GC invocations=11 (full 2):
 PSYoungGen      total 119296K, used 10750K [0x00000000d5580000, 0x00000000e0200000, 0x0000000100000000)
  eden space 108544K, 0% used [0x00000000d5580000,0x00000000d5580000,0x00000000dbf80000)
  from space 10752K, 99% used [0x00000000dbf80000,0x00000000dc9ffa28,0x00000000dca00000)
  to   space 12288K, 0% used [0x00000000df600000,0x00000000df600000,0x00000000e0200000)
 ParOldGen       total 56320K, used 8854K [0x0000000080000000, 0x0000000083700000, 0x00000000d5580000)
  object space 56320K, 15% used [0x0000000080000000,0x00000000808a58c8,0x0000000083700000)
 Metaspace       used 34603K, capacity 35330K, committed 35496K, reserved 1079296K
  class space    used 4785K, capacity 5006K, committed 5120K, reserved 1048576K
Event: 4.802 GC heap after
Heap after GC invocations=11 (full 2):
 PSYoungGen      total 119296K, used 0K [0x00000000d5580000, 0x00000000e0200000, 0x0000000100000000)
  eden space 108544K, 0% used [0x00000000d5580000,0x00000000d5580000,0x00000000dbf80000)
  from space 10752K, 0% used [0x00000000dbf80000,0x00000000dbf80000,0x00000000dca00000)
  to   space 12288K, 0% used [0x00000000df600000,0x00000000df600000,0x00000000e0200000)
 ParOldGen       total 86528K, used 17983K [0x0000000080000000, 0x0000000085480000, 0x00000000d5580000)
  object space 86528K, 20% used [0x0000000080000000,0x000000008118ff88,0x0000000085480000)
 Metaspace       used 34567K, capacity 35210K, committed 35496K, reserved 1079296K
  class space    used 4774K, capacity 4986K, committed 5120K, reserved 1048576K
}
Event: 6.003 GC heap before
{Heap before GC invocations=12 (full 2):
 PSYoungGen      total 119296K, used 108544K [0x00000000d5580000, 0x00000000e0200000, 0x0000000100000000)
  eden space 108544K, 100% used [0x00000000d5580000,0x00000000dbf80000,0x00000000dbf80000)
  from space 10752K, 0% used [0x00000000dbf80000,0x00000000dbf80000,0x00000000dca00000)
  to   space 12288K, 0% used [0x00000000df600000,0x00000000df600000,0x00000000e0200000)
 ParOldGen       total 86528K, used 17983K [0x0000000080000000, 0x0000000085480000, 0x00000000d5580000)
  object space 86528K, 20% used [0x0000000080000000,0x000000008118ff88,0x0000000085480000)
 Metaspace       used 45358K, capacity 46324K, committed 46592K, reserved 1089536K
  class space    used 6101K, capacity 6384K, committed 6400K, reserved 1048576K
Event: 6.018 GC heap after
Heap after GC invocations=12 (full 2):
 PSYoungGen      total 153088K, used 12277K [0x00000000d5580000, 0x00000000e0200000, 0x0000000100000000)
  eden space 140800K, 0% used [0x00000000d5580000,0x00000000d5580000,0x00000000ddf00000)
  from space 12288K, 99% used [0x00000000df600000,0x00000000e01fd4b0,0x00000000e0200000)
  to   space 14336K, 0% used [0x00000000de600000,0x00000000de600000,0x00000000df400000)
 ParOldGen       total 86528K, used 20179K [0x0000000080000000, 0x0000000085480000, 0x00000000d5580000)
  object space 86528K, 23% used [0x0000000080000000,0x00000000813b4d80,0x0000000085480000)
 Metaspace       used 45358K, capacity 46324K, committed 46592K, reserved 1089536K
  class space    used 6101K, capacity 6384K, committed 6400K, reserved 1048576K
}
Event: 7.591 GC heap before
{Heap before GC invocations=13 (full 2):
 PSYoungGen      total 153088K, used 153077K [0x00000000d5580000, 0x00000000e0200000, 0x0000000100000000)
  eden space 140800K, 100% used [0x00000000d5580000,0x00000000ddf00000,0x00000000ddf00000)
  from space 12288K, 99% used [0x00000000df600000,0x00000000e01fd4b0,0x00000000e0200000)
  to   space 14336K, 0% used [0x00000000de600000,0x00000000de600000,0x00000000df400000)
 ParOldGen       total 86528K, used 20179K [0x0000000080000000, 0x0000000085480000, 0x00000000d5580000)
  object space 86528K, 23% used [0x0000000080000000,0x00000000813b4d80,0x0000000085480000)
 Metaspace       used 54925K, capacity 56502K, committed 56832K, reserved 1097728K
  class space    used 7430K, capacity 7875K, committed 7936K, reserved 1048576K
Event: 7.635 GC heap after
Heap after GC invocations=13 (full 2):
 PSYoungGen      total 155136K, used 14304K [0x00000000d5580000, 0x00000000e0200000, 0x0000000100000000)
  eden space 140800K, 0% used [0x00000000d5580000,0x00000000d5580000,0x00000000ddf00000)
  from space 14336K, 99% used [0x00000000de600000,0x00000000df3f83e0,0x00000000df400000)
  to   space 12288K, 0% used [0x00000000df600000,0x00000000df600000,0x00000000e0200000)
 ParOldGen       total 86528K, used 27843K [0x0000000080000000, 0x0000000085480000, 0x00000000d5580000)
  object space 86528K, 32% used [0x0000000080000000,0x0000000081b30c30,0x0000000085480000)
 Metaspace       used 54925K, capacity 56502K, committed 56832K, reserved 1097728K
  class space    used 7430K, capacity 7875K, committed 7936K, reserved 1048576K
}

Deoptimization events (10 events):
Event: 6.379 Thread 0x000000001bd25000 Uncommon trap: reason=class_check action=maybe_recompile pc=0x000000000400871c method=java.util.Collections$SynchronizedCollection.add(Ljava/lang/Object;)Z @ 12
Event: 6.426 Thread 0x000000001bd25000 Uncommon trap: reason=unstable_if action=reinterpret pc=0x000000000397e724 method=java.lang.String.lastIndexOf([CII[CIII)I @ 17
Event: 6.541 Thread 0x000000001bd25000 Uncommon trap: reason=unstable_if action=reinterpret pc=0x00000000035a5d08 method=kotlin.reflect.jvm.internal.impl.protobuf.CodedInputStream.readRawVarint32()I @ 10
Event: 6.886 Thread 0x000000001bd25000 Uncommon trap: reason=unstable_if action=reinterpret pc=0x000000000359203c method=org.codehaus.groovy.runtime.metaclass.MetaMethodIndex.addMethodToList(Ljava/lang/Object;Lgroovy/lang/MetaMethod;)Ljava/lang/Object; @ 256
Event: 6.887 Thread 0x000000001bd25000 Uncommon trap: reason=unstable_if action=reinterpret pc=0x00000000035ab910 method=org.codehaus.groovy.runtime.metaclass.MetaMethodIndex.addMethodToList(Ljava/lang/Object;Lgroovy/lang/MetaMethod;)Ljava/lang/Object; @ 256
Event: 6.974 Thread 0x000000001bd25000 Uncommon trap: reason=unstable_if action=reinterpret pc=0x0000000003eb3d64 method=java.io.WinNTFileSystem.normalize(Ljava/lang/String;)Ljava/lang/String; @ 74
Event: 7.434 Thread 0x000000001bd25000 Uncommon trap: reason=bimorphic action=maybe_recompile pc=0x00000000043b3ec0 method=java.util.regex.Pattern$5.isSatisfiedBy(I)Z @ 16
Event: 7.434 Thread 0x000000001bd25000 Uncommon trap: reason=bimorphic action=maybe_recompile pc=0x00000000043b3ec0 method=java.util.regex.Pattern$5.isSatisfiedBy(I)Z @ 16
Event: 7.435 Thread 0x000000001bd25000 Uncommon trap: reason=bimorphic action=maybe_recompile pc=0x00000000043b3ec0 method=java.util.regex.Pattern$5.isSatisfiedBy(I)Z @ 16
Event: 7.437 Thread 0x000000001bd25000 Uncommon trap: reason=bimorphic action=maybe_recompile pc=0x00000000043b3ec0 method=java.util.regex.Pattern$5.isSatisfiedBy(I)Z @ 16

Classes redefined (0 events):
No events

Internal exceptions (10 events):
Event: 7.004 Thread 0x000000001bd25000 Exception <a 'java/lang/ClassNotFoundException': org/gradle/invocation/DefaultGradleBeanInfo> (0x00000000dc0bd1d0) thrown at [D:\src\AOSP-openjdk-cygwin\jdk8u\hotspot\src\share\vm\classfile\systemDictionary.cpp, line 210]
Event: 7.005 Thread 0x000000001bd25000 Exception <a 'java/lang/ClassNotFoundException': org/gradle/invocation/DefaultGradleCustomizer> (0x00000000dc0d18f8) thrown at [D:\src\AOSP-openjdk-cygwin\jdk8u\hotspot\src\share\vm\classfile\systemDictionary.cpp, line 210]
Event: 7.006 Thread 0x000000001bd25000 Exception <a 'java/lang/ClassNotFoundException': org/gradle/invocation/DefaultGradle_DecoratedCustomizer> (0x00000000dc12cfa0) thrown at [D:\src\AOSP-openjdk-cygwin\jdk8u\hotspot\src\share\vm\classfile\systemDictionary.cpp, line 210]
Event: 7.135 Thread 0x000000001bd25000 Exception <a 'java/lang/NoSuchMethodError': java.lang.Object.lambda$static$0(Ljava/util/Set;Ljava/util/Set;)Z> (0x00000000dcb65b28) thrown at [D:\src\AOSP-openjdk-cygwin\jdk8u\hotspot\src\share\vm\interpreter\linkResolver.cpp, line 620]
Event: 7.136 Thread 0x000000001bd25000 Exception <a 'java/lang/NoSuchMethodError': java.lang.Object.lambda$static$1(Ljava/util/Set;Ljava/util/Set;)Z> (0x00000000dcb68a98) thrown at [D:\src\AOSP-openjdk-cygwin\jdk8u\hotspot\src\share\vm\interpreter\linkResolver.cpp, line 620]
Event: 7.136 Thread 0x000000001bd25000 Exception <a 'java/lang/NoSuchMethodError': java.lang.Object.lambda$static$2(Ljava/util/Set;Ljava/util/Set;)Z> (0x00000000dcb6b5d8) thrown at [D:\src\AOSP-openjdk-cygwin\jdk8u\hotspot\src\share\vm\interpreter\linkResolver.cpp, line 620]
Event: 7.136 Thread 0x000000001bd25000 Exception <a 'java/lang/NoSuchMethodError': java.lang.Object.lambda$static$3(Ljava/util/Set;Ljava/util/Set;)Z> (0x00000000dcb6e118) thrown at [D:\src\AOSP-openjdk-cygwin\jdk8u\hotspot\src\share\vm\interpreter\linkResolver.cpp, line 620]
Event: 7.136 Thread 0x000000001bd25000 Exception <a 'java/lang/NoSuchMethodError': java.lang.Object.lambda$static$4(Ljava/util/Set;Ljava/util/Set;)Z> (0x00000000dcb70c58) thrown at [D:\src\AOSP-openjdk-cygwin\jdk8u\hotspot\src\share\vm\interpreter\linkResolver.cpp, line 620]
Event: 7.530 Thread 0x000000001bd25000 Exception <a 'java/lang/ClassNotFoundException': com/sun/org/glassfish/hk2/osgiresourcelocator/ServiceLoader> (0x00000000ddb347e0) thrown at [D:\src\AOSP-openjdk-cygwin\jdk8u\hotspot\src\share\vm\classfile\systemDictionary.cpp, line 210]
Event: 7.653 Thread 0x000000001bd25000 Exception <a 'java/lang/NullPointerException'> (0x00000000d5691660) thrown at [D:\src\AOSP-openjdk-cygwin\jdk8u\hotspot\src\share\vm\interpreter\linkResolver.cpp, line 1287]

Events (10 events):
Event: 7.875 loading class com/sun/xml/bind/v2/runtime/property/ArrayERProperty$ItemsLoader
Event: 7.875 loading class com/sun/xml/bind/v2/runtime/property/ArrayERProperty$ItemsLoader done
Event: 7.875 loading class com/sun/xml/bind/v2/runtime/reflect/NullSafeAccessor
Event: 7.875 loading class com/sun/xml/bind/v2/runtime/reflect/NullSafeAccessor done
Event: 7.875 loading class com/sun/xml/bind/v2/runtime/unmarshaller/XsiNilLoader$Array
Event: 7.875 loading class com/sun/xml/bind/v2/runtime/unmarshaller/XsiNilLoader$Array done
Event: 7.876 loading class com/sun/xml/bind/v2/runtime/property/SingleReferenceNodeProperty$1
Event: 7.876 loading class com/sun/xml/bind/v2/runtime/property/SingleReferenceNodeProperty$1 done
Event: 7.877 loading class com/sun/xml/bind/v2/runtime/unmarshaller/WildcardLoader
Event: 7.877 loading class com/sun/xml/bind/v2/runtime/unmarshaller/WildcardLoader done


Dynamic libraries:
0x00007ff6b75c0000 - 0x00007ff6b75f1000 	D:\Программы\Новая папка\jre\bin\java.exe
0x00007ffba0020000 - 0x00007ffba0210000 	C:\WINDOWS\SYSTEM32\ntdll.dll
0x00007ffb9eaf0000 - 0x00007ffb9eba2000 	C:\WINDOWS\System32\KERNEL32.DLL
0x00007ffb9d100000 - 0x00007ffb9d3a3000 	C:\WINDOWS\System32\KERNELBASE.dll
0x00007ffb9fa80000 - 0x00007ffb9fb23000 	C:\WINDOWS\System32\ADVAPI32.dll
0x00007ffb9ed60000 - 0x00007ffb9edfe000 	C:\WINDOWS\System32\msvcrt.dll
0x00007ffb9ee00000 - 0x00007ffb9ee97000 	C:\WINDOWS\System32\sechost.dll
0x00007ffb9e9d0000 - 0x00007ffb9eaf0000 	C:\WINDOWS\System32\RPCRT4.dll
0x00007ffb9f290000 - 0x00007ffb9f424000 	C:\WINDOWS\System32\USER32.dll
0x00007ffb9e0a0000 - 0x00007ffb9e0c1000 	C:\WINDOWS\System32\win32u.dll
0x00007ffb9f000000 - 0x00007ffb9f026000 	C:\WINDOWS\System32\GDI32.dll
0x00007ffb9de00000 - 0x00007ffb9df94000 	C:\WINDOWS\System32\gdi32full.dll
0x00007ffb9db30000 - 0x00007ffb9dbce000 	C:\WINDOWS\System32\msvcp_win.dll
0x00007ffb9dfa0000 - 0x00007ffb9e09a000 	C:\WINDOWS\System32\ucrtbase.dll
0x00007ffb8c190000 - 0x00007ffb8c415000 	C:\WINDOWS\WinSxS\amd64_microsoft.windows.common-controls_6595b64144ccf1df_6.0.18362.657_none_e6c5b579130e3898\COMCTL32.dll
0x00007ffb9fc30000 - 0x00007ffb9ff66000 	C:\WINDOWS\System32\combase.dll
0x00007ffb9dbf0000 - 0x00007ffb9dc70000 	C:\WINDOWS\System32\bcryptPrimitives.dll
0x00007ffb9fbe0000 - 0x00007ffb9fc0e000 	C:\WINDOWS\System32\IMM32.DLL
0x0000000074ca0000 - 0x0000000074d72000 	D:\Программы\Новая папка\jre\jre\bin\msvcr100.dll
0x0000000074e60000 - 0x00000000756a6000 	D:\Программы\Новая папка\jre\jre\bin\server\jvm.dll
0x00007ffb9f1f0000 - 0x00007ffb9f1f8000 	C:\WINDOWS\System32\PSAPI.DLL
0x00007ffb997b0000 - 0x00007ffb997d4000 	C:\WINDOWS\SYSTEM32\WINMM.dll
0x00007ffb97d50000 - 0x00007ffb97d5a000 	C:\WINDOWS\SYSTEM32\VERSION.dll
0x00007ffb9b9e0000 - 0x00007ffb9b9e9000 	C:\WINDOWS\SYSTEM32\WSOCK32.dll
0x00007ffb9ff70000 - 0x00007ffb9ffdf000 	C:\WINDOWS\System32\WS2_32.dll
0x00007ffb99740000 - 0x00007ffb9976d000 	C:\WINDOWS\SYSTEM32\winmmbase.dll
0x00007ffb9dca0000 - 0x00007ffb9dcea000 	C:\WINDOWS\System32\cfgmgr32.dll
0x00007ffb99830000 - 0x00007ffb9983f000 	D:\Программы\Новая папка\jre\jre\bin\verify.dll
0x00007ffb99800000 - 0x00007ffb99829000 	D:\Программы\Новая папка\jre\jre\bin\java.dll
0x00007ffb984c0000 - 0x00007ffb984d6000 	D:\Программы\Новая папка\jre\jre\bin\zip.dll
0x00007ffb9e2e0000 - 0x00007ffb9e9c5000 	C:\WINDOWS\System32\SHELL32.dll
0x00007ffb9fb30000 - 0x00007ffb9fbd9000 	C:\WINDOWS\System32\shcore.dll
0x00007ffb9d3b0000 - 0x00007ffb9db2f000 	C:\WINDOWS\System32\windows.storage.dll
0x00007ffb9cf70000 - 0x00007ffb9cf8f000 	C:\WINDOWS\System32\profapi.dll
0x00007ffb9cf00000 - 0x00007ffb9cf4a000 	C:\WINDOWS\System32\powrprof.dll
0x00007ffb9cef0000 - 0x00007ffb9cf00000 	C:\WINDOWS\System32\UMPDC.dll
0x00007ffb9e280000 - 0x00007ffb9e2d2000 	C:\WINDOWS\System32\shlwapi.dll
0x00007ffb9cf50000 - 0x00007ffb9cf61000 	C:\WINDOWS\System32\kernel.appcore.dll
0x00007ffb9dbd0000 - 0x00007ffb9dbe7000 	C:\WINDOWS\System32\cryptsp.dll
0x00007ffb96590000 - 0x00007ffb965aa000 	D:\Программы\Новая папка\jre\jre\bin\net.dll
0x00007ffb9c760000 - 0x00007ffb9c7c7000 	C:\WINDOWS\system32\mswsock.dll
0x00007ffb96570000 - 0x00007ffb96581000 	D:\Программы\Новая папка\jre\jre\bin\nio.dll
0x00007ffb71240000 - 0x00007ffb71266000 	C:\Users\kozyr\.gradle\native\29\windows-amd64\native-platform.dll
0x00007ffb98350000 - 0x00007ffb9835d000 	D:\Программы\Новая папка\jre\jre\bin\management.dll
0x00007ffb9c2d0000 - 0x00007ffb9c303000 	C:\WINDOWS\system32\rsaenh.dll
0x00007ffb9dc70000 - 0x00007ffb9dc96000 	C:\WINDOWS\System32\bcrypt.dll
0x00007ffb9cde0000 - 0x00007ffb9ce05000 	C:\WINDOWS\SYSTEM32\USERENV.dll
0x00007ffb9c930000 - 0x00007ffb9c93c000 	C:\WINDOWS\SYSTEM32\CRYPTBASE.dll
0x00007ffb9c470000 - 0x00007ffb9c4aa000 	C:\WINDOWS\SYSTEM32\IPHLPAPI.DLL
0x00007ffb9f280000 - 0x00007ffb9f288000 	C:\WINDOWS\System32\NSI.dll
0x00007ffb8f920000 - 0x00007ffb8f936000 	C:\WINDOWS\SYSTEM32\dhcpcsvc6.DLL
0x00007ffb90c90000 - 0x00007ffb90cac000 	C:\WINDOWS\SYSTEM32\dhcpcsvc.DLL
0x00007ffb9c4b0000 - 0x00007ffb9c57a000 	C:\WINDOWS\SYSTEM32\DNSAPI.dll

VM Arguments:
jvm_args: -Xmx2048m -Dfile.encoding=windows-1251 -Duser.country=RU -Duser.language=ru -Duser.variant 
java_command: org.gradle.launcher.daemon.bootstrap.GradleDaemon 5.4.1
java_class_path (initial): C:\Users\kozyr\.gradle\wrapper\dists\gradle-5.4.1-all\3221gyojl5jsh0helicew7rwx\gradle-5.4.1\lib\gradle-launcher-5.4.1.jar
Launcher Type: SUN_STANDARD

Environment Variables:
PATH=C:\Python27\;C:\Python27\Scripts;C:\Program Files (x86)\Intel\iCLS Client\;C:\Program Files\Intel\iCLS Client\;C:\windows\system32;C:\windows;C:\windows\System32\Wbem;C:\windows\System32\WindowsPowerShell\v1.0\;C:\Program Files (x86)\Intel\Intel(R) Management Engine Components\DAL;C:\Program Files\Intel\Intel(R) Management Engine Components\DAL;C:\Program Files (x86)\Intel\Intel(R) Management Engine Components\IPT;C:\Program Files\Intel\Intel(R) Management Engine Components\IPT;C:\Program Files (x86)\NVIDIA Corporation\PhysX\Common;C:\Program Files\Intel\IntelSGXPSW\bin\x64\Release\;C:\Program Files\Intel\IntelSGXPSW\bin\win32\Release\;C:\Program Files (x86)\Skype\Phone\;C:\WINDOWS\system32;C:\WINDOWS;C:\WINDOWS\System32\Wbem;C:\WINDOWS\System32\WindowsPowerShell\v1.0\;C:\Program Files\Common Files\Autodesk Shared\;C:\Program Files (x86)\Autodesk\Backburner\;C:\Program Files (x86)\GtkSharp\2.12\bin;C:\WINDOWS\System32\OpenSSH\;C:\Program Files\nodejs\;C:\ProgramData\chocolatey\bin;C:\Users\kozyr\AppData\Local\Microsoft\WindowsApps;C:\Users\kozyr\AppData\Roaming\npm
USERNAME=kozyr
OS=Windows_NT
PROCESSOR_IDENTIFIER=Intel64 Family 6 Model 94 Stepping 3, GenuineIntel



---------------  S Y S T E M  ---------------

OS: Windows 10.0 , 64 bit Build 18362 (10.0.18362.329)

CPU:total 8 (initial active 8) (4 cores per cpu, 2 threads per core) family 6 model 94 stepping 3, cmov, cx8, fxsr, mmx, sse, sse2, sse3, ssse3, sse4.1, sse4.2, popcnt, avx, avx2, aes, clmul, erms, rtm, 3dnowpref, lzcnt, ht, tsc, tscinvbit, bmi1, bmi2, adx

Memory: 4k page, physical 8223456k(527624k free), swap 10320608k(6800k free)

vm_info: OpenJDK 64-Bit Server VM (25.202-b03) for windows-amd64 JRE (1.8.0_202-release-1483-b03), built by "builder" with MS VC++ 10.0 (VS2010)

time: Sat Mar 07 00:56:42 2020
timezone: RTZ 2 (зима)
elapsed time: 7 seconds (0d 0h 0m 7s)

