#
# There is insufficient memory for the Java Runtime Environment to continue.
# Native memory allocation (malloc) failed to allocate 530512 bytes for Chunk::new
# Possible reasons:
#   The system is out of physical RAM or swap space
#   The process is running with CompressedOops enabled, and the Java Heap may be blocking the growth of the native heap
# Possible solutions:
#   Reduce memory load on the system
#   Increase physical memory or swap space
#   Check if swap backing store is full
#   Decrease Java heap size (-Xmx/-Xms)
#   Decrease number of Java threads
#   Decrease Java thread stack sizes (-Xss)
#   Set larger code cache with -XX:ReservedCodeCacheSize=
#   JVM is running with Unscaled Compressed Oops mode in which the Java heap is
#     placed in the first 4GB address space. The Java Heap base address is the
#     maximum limit for the native heap growth. Please use -XX:HeapBaseMinAddress
#     to set the Java Heap base and to place the Java Heap above 4GB virtual address.
# This output file may be truncated or incomplete.
#
#  Out of Memory Error (allocation.cpp:389), pid=7076, tid=0x0000000000002b68
#
# JRE version: OpenJDK Runtime Environment (8.0_202-b03) (build 1.8.0_202-release-1483-b03)
# Java VM: OpenJDK 64-Bit Server VM (25.202-b03 mixed mode windows-amd64 compressed oops)
# Failed to write core dump. Minidumps are not enabled by default on client versions of Windows
#

---------------  T H R E A D  ---------------

Current thread (0x000000001961b800):  JavaThread "C2 CompilerThread1" daemon [_thread_in_native, id=11112, stack(0x0000000019ff0000,0x000000001a0f0000)]

Stack: [0x0000000019ff0000,0x000000001a0f0000]
[error occurred during error reporting (printing stack bounds), id 0xc0000005]

Native frames: (J=compiled Java code, j=interpreted, Vv=VM code, C=native code)


Current CompileTask:
C2: 446865 19562       4       org.gradle.api.internal.artifacts.result.DefaultResolutionResult::eachElement (92 bytes)


---------------  P R O C E S S  ---------------

Java Threads: ( => current thread )
  0x000000001aabe000 JavaThread "Cache worker for execution history cache (C:\Users\kozyr\Diser 111111\Diser 9.7.0\.gradle\5.4.1\executionHistory)" [_thread_blocked, id=16588, stack(0x00000000269d0000,0x0000000026ad0000)]
  0x000000001aabd800 JavaThread "Execution worker for ':' Thread 7" [_thread_blocked, id=17656, stack(0x00000000268d0000,0x00000000269d0000)]
  0x000000001d293800 JavaThread "Execution worker for ':' Thread 6" [_thread_in_native, id=13228, stack(0x00000000267d0000,0x00000000268d0000)]
  0x000000001d293000 JavaThread "Execution worker for ':' Thread 5" [_thread_in_native, id=1628, stack(0x00000000262d0000,0x00000000263d0000)]
  0x000000001d292000 JavaThread "Execution worker for ':' Thread 4" [_thread_in_native, id=7836, stack(0x00000000261d0000,0x00000000262d0000)]
  0x000000001d295000 JavaThread "Execution worker for ':' Thread 3" [_thread_blocked, id=11336, stack(0x00000000260d0000,0x00000000261d0000)]
  0x000000001d291800 JavaThread "Execution worker for ':' Thread 2" [_thread_in_native, id=9428, stack(0x0000000025550000,0x0000000025650000)]
  0x000000001d290800 JavaThread "Execution worker for ':'" [_thread_in_native, id=2080, stack(0x0000000025250000,0x0000000025350000)]
  0x000000001d28e800 JavaThread "Cache worker for file content cache (C:\Users\kozyr\Diser 111111\Diser 9.7.0\.gradle\5.4.1\fileContent)" [_thread_blocked, id=7956, stack(0x0000000024150000,0x0000000024250000)]
  0x000000001d294800 JavaThread "Cache worker for Build Output Cleanup Cache (C:\Users\kozyr\Diser 111111\Diser 9.7.0\.gradle\buildOutputCleanup)" [_thread_blocked, id=9620, stack(0x0000000024050000,0x0000000024150000)]
  0x000000001d287000 JavaThread "Build operations Thread 8" [_thread_blocked, id=9888, stack(0x0000000023f50000,0x0000000024050000)]
  0x000000001d28d800 JavaThread "Build operations Thread 7" [_thread_blocked, id=16444, stack(0x0000000023e50000,0x0000000023f50000)]
  0x000000001d28d000 JavaThread "Build operations Thread 6" [_thread_blocked, id=13496, stack(0x0000000023d50000,0x0000000023e50000)]
  0x000000001d28c000 JavaThread "Build operations Thread 5" [_thread_blocked, id=10004, stack(0x0000000023c50000,0x0000000023d50000)]
  0x000000001d28b800 JavaThread "Build operations Thread 4" [_thread_blocked, id=14268, stack(0x0000000023b50000,0x0000000023c50000)]
  0x000000001d286000 JavaThread "Build operations Thread 3" [_thread_blocked, id=13212, stack(0x0000000023a50000,0x0000000023b50000)]
  0x000000001d28a800 JavaThread "Build operations Thread 2" [_thread_blocked, id=3148, stack(0x0000000023490000,0x0000000023590000)]
  0x000000001d289000 JavaThread "Build operations" [_thread_blocked, id=11580, stack(0x0000000023290000,0x0000000023390000)]
  0x000000001e9e5000 JavaThread "Cache worker for cache directory md-rule (C:\Users\kozyr\.gradle\caches\5.4.1\md-rule)" [_thread_blocked, id=5480, stack(0x0000000022f90000,0x0000000023090000)]
  0x000000001e9ea000 JavaThread "Cache worker for cache directory md-supplier (C:\Users\kozyr\.gradle\caches\5.4.1\md-supplier)" [_thread_blocked, id=6844, stack(0x00000000206c0000,0x00000000207c0000)]
  0x000000001e9e9800 JavaThread "Cache worker for file hash cache (C:\Users\kozyr\Diser 111111\Diser 9.7.0\.gradle\5.4.1\fileHashes)" [_thread_blocked, id=8680, stack(0x000000001cc50000,0x000000001cd50000)]
  0x000000001e9dd800 JavaThread "Thread-156" [_thread_blocked, id=11412, stack(0x000000001cb50000,0x000000001cc50000)]
  0x000000001e9e0800 JavaThread "Stdin handler" [_thread_blocked, id=17564, stack(0x000000001ca50000,0x000000001cb50000)]
  0x000000001e9e4000 JavaThread "Asynchronous log dispatcher for DefaultDaemonConnection: socket connection from /127.0.0.1:55674 to /127.0.0.1:55765" [_thread_blocked, id=14480, stack(0x000000001c750000,0x000000001c850000)]
  0x000000001e9dc000 JavaThread "Cancel handler" [_thread_blocked, id=8312, stack(0x00000000009f0000,0x0000000000af0000)]
  0x000000001e9dc800 JavaThread "Handler for socket connection from /127.0.0.1:55674 to /127.0.0.1:55765" [_thread_in_native, id=3552, stack(0x00000000008f0000,0x00000000009f0000)]
  0x000000001e9e3800 JavaThread "Daemon worker Thread 3" [_thread_blocked, id=13880, stack(0x000000001c650000,0x000000001c750000)]
  0x000000001e9e2800 JavaThread "Daemon Thread 3" [_thread_blocked, id=13676, stack(0x00000000007f0000,0x00000000008f0000)]
  0x000000001aac1000 JavaThread "Cache worker for Java compile cache (C:\Users\kozyr\.gradle\caches\5.4.1\javaCompile)" [_thread_blocked, id=13956, stack(0x0000000027bd0000,0x0000000027cd0000)]
  0x000000001e9e8800 JavaThread "Cache worker for file content cache (C:\Users\kozyr\.gradle\caches\5.4.1\fileContent)" [_thread_blocked, id=13240, stack(0x0000000025150000,0x0000000025250000)]
  0x000000001e9e8000 JavaThread "Memory manager" [_thread_blocked, id=1708, stack(0x0000000024e50000,0x0000000024f50000)]
  0x000000001e9df000 JavaThread "Cache worker for execution history cache (C:\Users\kozyr\.gradle\caches\5.4.1\executionHistory)" [_thread_blocked, id=7984, stack(0x0000000023390000,0x0000000023490000)]
  0x000000001992e800 JavaThread "Cache worker for journal cache (C:\Users\kozyr\.gradle\caches\journal-1)" [_thread_blocked, id=10424, stack(0x000000001e220000,0x000000001e320000)]
  0x000000001992d800 JavaThread "File lock request listener" [_thread_in_native, id=11132, stack(0x000000001e120000,0x000000001e220000)]
  0x000000001992d000 JavaThread "Cache worker for file hash cache (C:\Users\kozyr\.gradle\caches\5.4.1\fileHashes)" [_thread_blocked, id=13988, stack(0x000000001e020000,0x000000001e120000)]
  0x000000001a755000 JavaThread "Daemon periodic checks" [_thread_blocked, id=17636, stack(0x000000001c550000,0x000000001c650000)]
  0x000000001ad3e000 JavaThread "Incoming local TCP Connector on port 55674" [_thread_in_native, id=1184, stack(0x000000001c300000,0x000000001c400000)]
  0x000000001b600800 JavaThread "Daemon health stats" [_thread_blocked, id=18308, stack(0x000000001bcc0000,0x000000001bdc0000)]
  0x00000000196a8000 JavaThread "Service Thread" daemon [_thread_blocked, id=1296, stack(0x000000001a2f0000,0x000000001a3f0000)]
  0x0000000019623000 JavaThread "C1 CompilerThread3" daemon [_thread_blocked, id=16232, stack(0x000000001a1f0000,0x000000001a2f0000)]
  0x000000001780b000 JavaThread "C2 CompilerThread2" daemon [_thread_blocked, id=12800, stack(0x000000001a0f0000,0x000000001a1f0000)]
=>0x000000001961b800 JavaThread "C2 CompilerThread1" daemon [_thread_in_native, id=11112, stack(0x0000000019ff0000,0x000000001a0f0000)]
  0x0000000019617000 JavaThread "C2 CompilerThread0" daemon [_thread_in_native, id=16036, stack(0x0000000019ef0000,0x0000000019ff0000)]
  0x0000000019614000 JavaThread "Attach Listener" daemon [_thread_blocked, id=4484, stack(0x0000000019df0000,0x0000000019ef0000)]
  0x0000000019613000 JavaThread "Signal Dispatcher" daemon [_thread_blocked, id=17164, stack(0x0000000019cf0000,0x0000000019df0000)]
  0x000000000130e000 JavaThread "Finalizer" daemon [_thread_blocked, id=9800, stack(0x0000000019ae0000,0x0000000019be0000)]
  0x00000000177fc800 JavaThread "Reference Handler" daemon [_thread_blocked, id=17268, stack(0x00000000199e0000,0x0000000019ae0000)]
  0x000000000120e800 JavaThread "main" [_thread_blocked, id=8412, stack(0x0000000001050000,0x0000000001150000)]

Other Threads:
  0x00000000177f8800 VMThread [stack: 0x00000000194e0000,0x00000000195e0000] [id=16644]
  0x00000000196b1000 WatcherThread [stack: 0x000000001a3f0000,0x000000001a4f0000] [id=12740]

VM state:not at safepoint (normal execution)

VM Mutex/Monitor currently owned by a thread: None

heap address: 0x0000000080000000, size: 2048 MB, Compressed Oops mode: 32-bit
Narrow klass base: 0x0000000000000000, Narrow klass shift: 3
Compressed class space size: 1073741824 Address: 0x0000000100000000

Heap:
 PSYoungGen      total 303616K, used 153574K [0x00000000d5580000, 0x00000000ecf80000, 0x0000000100000000)
  eden space 256000K, 43% used [0x00000000d5580000,0x00000000dc32d5c8,0x00000000e4f80000)
  from space 47616K, 86% used [0x00000000e8280000,0x00000000eaacc320,0x00000000eb100000)
  to   space 52224K, 0% used [0x00000000e4f80000,0x00000000e4f80000,0x00000000e8280000)
 ParOldGen       total 133120K, used 62215K [0x0000000080000000, 0x0000000088200000, 0x00000000d5580000)
  object space 133120K, 46% used [0x0000000080000000,0x0000000083cc1ed8,0x0000000088200000)
 Metaspace       used 87146K, capacity 91330K, committed 91520K, reserved 1128448K
  class space    used 11316K, capacity 12155K, committed 12160K, reserved 1048576K

Card table byte_map: [0x00000000016d0000,0x0000000001ae0000] byte_map_base: 0x00000000012d0000

Marking Bits: (ParMarkBitMap*) 0x0000000075629f30
 Begin Bits: [0x0000000012a10000, 0x0000000014a10000)
 End Bits:   [0x0000000014a10000, 0x0000000016a10000)

Polling page: 0x00000000006d0000

CodeCache: size=245760Kb used=52795Kb max_used=52807Kb free=192964Kb
 bounds [0x0000000003410000, 0x00000000067f0000, 0x0000000012410000]
 total_blobs=16186 nmethods=15332 adapters=765
 compilation: enabled

Compilation events (10 events):
Event: 446.748 Thread 0x0000000019617000 nmethod 19567 0x00000000067db1d0 code [0x00000000067db340, 0x00000000067db6d8]
Event: 446.748 Thread 0x0000000019617000 19610       4       java.util.concurrent.ConcurrentLinkedQueue::poll (85 bytes)
Event: 446.752 Thread 0x0000000019617000 nmethod 19610 0x00000000067d6850 code [0x00000000067d69a0, 0x00000000067d6b18]
Event: 446.752 Thread 0x0000000019617000 19609   !   4       sun.nio.ch.IOUtil::write (142 bytes)
Event: 446.779 Thread 0x000000001780b000 nmethod 19607 0x00000000067e5c50 code [0x00000000067e5fa0, 0x00000000067e7940]
Event: 446.779 Thread 0x000000001780b000 19611       4       org.gradle.internal.Try$1::apply (6 bytes)
Event: 446.781 Thread 0x000000001780b000 nmethod 19611 0x00000000067d6490 code [0x00000000067d65e0, 0x00000000067d66d8]
Event: 446.793 Thread 0x0000000019617000 nmethod 19609 0x00000000067e2c90 code [0x00000000067e2f20, 0x00000000067e3f28]
Event: 446.807 Thread 0x000000001780b000 19612       4       java.util.EnumSet::typeCheck (59 bytes)
Event: 446.808 Thread 0x000000001780b000 nmethod 19612 0x0000000005d25910 code [0x0000000005d25a40, 0x0000000005d25af8]

GC Heap History (10 events):
Event: 99.674 GC heap before
{Heap before GC invocations=21 (full 3):
 PSYoungGen      total 264192K, used 264046K [0x00000000d5580000, 0x00000000e9300000, 0x0000000100000000)
  eden space 232960K, 100% used [0x00000000d5580000,0x00000000e3900000,0x00000000e3900000)
  from space 31232K, 99% used [0x00000000e3900000,0x00000000e575bb88,0x00000000e5780000)
  to   space 35840K, 0% used [0x00000000e7000000,0x00000000e7000000,0x00000000e9300000)
 ParOldGen       total 133120K, used 62175K [0x0000000080000000, 0x0000000088200000, 0x00000000d5580000)
  object space 133120K, 46% used [0x0000000080000000,0x0000000083cb7ed8,0x0000000088200000)
 Metaspace       used 85038K, capacity 88954K, committed 89088K, reserved 1126400K
  class space    used 11248K, capacity 12031K, committed 12032K, reserved 1048576K
Event: 99.716 GC heap after
Heap after GC invocations=21 (full 3):
 PSYoungGen      total 285696K, used 30280K [0x00000000d5580000, 0x00000000e9f00000, 0x0000000100000000)
  eden space 249856K, 0% used [0x00000000d5580000,0x00000000d5580000,0x00000000e4980000)
  from space 35840K, 84% used [0x00000000e7000000,0x00000000e8d923f0,0x00000000e9300000)
  to   space 39424K, 0% used [0x00000000e4980000,0x00000000e4980000,0x00000000e7000000)
 ParOldGen       total 133120K, used 62183K [0x0000000080000000, 0x0000000088200000, 0x00000000d5580000)
  object space 133120K, 46% used [0x0000000080000000,0x0000000083cb9ed8,0x0000000088200000)
 Metaspace       used 85038K, capacity 88954K, committed 89088K, reserved 1126400K
  class space    used 11248K, capacity 12031K, committed 12032K, reserved 1048576K
}
Event: 105.815 GC heap before
{Heap before GC invocations=22 (full 3):
 PSYoungGen      total 285696K, used 280136K [0x00000000d5580000, 0x00000000e9f00000, 0x0000000100000000)
  eden space 249856K, 100% used [0x00000000d5580000,0x00000000e4980000,0x00000000e4980000)
  from space 35840K, 84% used [0x00000000e7000000,0x00000000e8d923f0,0x00000000e9300000)
  to   space 39424K, 0% used [0x00000000e4980000,0x00000000e4980000,0x00000000e7000000)
 ParOldGen       total 133120K, used 62183K [0x0000000080000000, 0x0000000088200000, 0x00000000d5580000)
  object space 133120K, 46% used [0x0000000080000000,0x0000000083cb9ed8,0x0000000088200000)
 Metaspace       used 85624K, capacity 89528K, committed 89728K, reserved 1126400K
  class space    used 11252K, capacity 12036K, committed 12160K, reserved 1048576K
Event: 105.859 GC heap after
Heap after GC invocations=22 (full 3):
 PSYoungGen      total 289280K, used 36038K [0x00000000d5580000, 0x00000000eb880000, 0x0000000100000000)
  eden space 249856K, 0% used [0x00000000d5580000,0x00000000d5580000,0x00000000e4980000)
  from space 39424K, 91% used [0x00000000e4980000,0x00000000e6cb19e8,0x00000000e7000000)
  to   space 44032K, 0% used [0x00000000e8d80000,0x00000000e8d80000,0x00000000eb880000)
 ParOldGen       total 133120K, used 62191K [0x0000000080000000, 0x0000000088200000, 0x00000000d5580000)
  object space 133120K, 46% used [0x0000000080000000,0x0000000083cbbed8,0x0000000088200000)
 Metaspace       used 85624K, capacity 89528K, committed 89728K, reserved 1126400K
  class space    used 11252K, capacity 12036K, committed 12160K, reserved 1048576K
}
Event: 349.993 GC heap before
{Heap before GC invocations=23 (full 3):
 PSYoungGen      total 289280K, used 285894K [0x00000000d5580000, 0x00000000eb880000, 0x0000000100000000)
  eden space 249856K, 100% used [0x00000000d5580000,0x00000000e4980000,0x00000000e4980000)
  from space 39424K, 91% used [0x00000000e4980000,0x00000000e6cb19e8,0x00000000e7000000)
  to   space 44032K, 0% used [0x00000000e8d80000,0x00000000e8d80000,0x00000000eb880000)
 ParOldGen       total 133120K, used 62191K [0x0000000080000000, 0x0000000088200000, 0x00000000d5580000)
  object space 133120K, 46% used [0x0000000080000000,0x0000000083cbbed8,0x0000000088200000)
 Metaspace       used 86127K, capacity 90026K, committed 90240K, reserved 1128448K
  class space    used 11270K, capacity 12063K, committed 12160K, reserved 1048576K
Event: 350.039 GC heap after
Heap after GC invocations=23 (full 3):
 PSYoungGen      total 313344K, used 30472K [0x00000000d5580000, 0x00000000eb780000, 0x0000000100000000)
  eden space 270336K, 0% used [0x00000000d5580000,0x00000000d5580000,0x00000000e5d80000)
  from space 43008K, 70% used [0x00000000e8d80000,0x00000000eab422d8,0x00000000eb780000)
  to   space 46080K, 0% used [0x00000000e5d80000,0x00000000e5d80000,0x00000000e8a80000)
 ParOldGen       total 133120K, used 62199K [0x0000000080000000, 0x0000000088200000, 0x00000000d5580000)
  object space 133120K, 46% used [0x0000000080000000,0x0000000083cbded8,0x0000000088200000)
 Metaspace       used 86127K, capacity 90026K, committed 90240K, reserved 1128448K
  class space    used 11270K, capacity 12063K, committed 12160K, reserved 1048576K
}
Event: 405.828 GC heap before
{Heap before GC invocations=24 (full 3):
 PSYoungGen      total 313344K, used 300808K [0x00000000d5580000, 0x00000000eb780000, 0x0000000100000000)
  eden space 270336K, 100% used [0x00000000d5580000,0x00000000e5d80000,0x00000000e5d80000)
  from space 43008K, 70% used [0x00000000e8d80000,0x00000000eab422d8,0x00000000eb780000)
  to   space 46080K, 0% used [0x00000000e5d80000,0x00000000e5d80000,0x00000000e8a80000)
 ParOldGen       total 133120K, used 62199K [0x0000000080000000, 0x0000000088200000, 0x00000000d5580000)
  object space 133120K, 46% used [0x0000000080000000,0x0000000083cbded8,0x0000000088200000)
 Metaspace       used 86768K, capacity 90898K, committed 91008K, reserved 1128448K
  class space    used 11303K, capacity 12137K, committed 12160K, reserved 1048576K
Event: 405.862 GC heap after
Heap after GC invocations=24 (full 3):
 PSYoungGen      total 292352K, used 31719K [0x00000000d5580000, 0x00000000eb100000, 0x0000000100000000)
  eden space 260608K, 0% used [0x00000000d5580000,0x00000000d5580000,0x00000000e5400000)
  from space 31744K, 99% used [0x00000000e5d80000,0x00000000e7c79e70,0x00000000e7c80000)
  to   space 47616K, 0% used [0x00000000e8280000,0x00000000e8280000,0x00000000eb100000)
 ParOldGen       total 133120K, used 62207K [0x0000000080000000, 0x0000000088200000, 0x00000000d5580000)
  object space 133120K, 46% used [0x0000000080000000,0x0000000083cbfed8,0x0000000088200000)
 Metaspace       used 86768K, capacity 90898K, committed 91008K, reserved 1128448K
  class space    used 11303K, capacity 12137K, committed 12160K, reserved 1048576K
}
Event: 408.328 GC heap before
{Heap before GC invocations=25 (full 3):
 PSYoungGen      total 292352K, used 292327K [0x00000000d5580000, 0x00000000eb100000, 0x0000000100000000)
  eden space 260608K, 100% used [0x00000000d5580000,0x00000000e5400000,0x00000000e5400000)
  from space 31744K, 99% used [0x00000000e5d80000,0x00000000e7c79e70,0x00000000e7c80000)
  to   space 47616K, 0% used [0x00000000e8280000,0x00000000e8280000,0x00000000eb100000)
 ParOldGen       total 133120K, used 62207K [0x0000000080000000, 0x0000000088200000, 0x00000000d5580000)
  object space 133120K, 46% used [0x0000000080000000,0x0000000083cbfed8,0x0000000088200000)
 Metaspace       used 86917K, capacity 91016K, committed 91264K, reserved 1128448K
  class space    used 11309K, capacity 12144K, committed 12160K, reserved 1048576K
Event: 408.364 GC heap after
Heap after GC invocations=25 (full 3):
 PSYoungGen      total 303616K, used 41264K [0x00000000d5580000, 0x00000000ecf80000, 0x0000000100000000)
  eden space 256000K, 0% used [0x00000000d5580000,0x00000000d5580000,0x00000000e4f80000)
  from space 47616K, 86% used [0x00000000e8280000,0x00000000eaacc320,0x00000000eb100000)
  to   space 52224K, 0% used [0x00000000e4f80000,0x00000000e4f80000,0x00000000e8280000)
 ParOldGen       total 133120K, used 62215K [0x0000000080000000, 0x0000000088200000, 0x00000000d5580000)
  object space 133120K, 46% used [0x0000000080000000,0x0000000083cc1ed8,0x0000000088200000)
 Metaspace       used 86917K, capacity 91016K, committed 91264K, reserved 1128448K
  class space    used 11309K, capacity 12144K, committed 12160K, reserved 1048576K
}

Deoptimization events (10 events):
Event: 407.946 Thread 0x000000001aac0800 Uncommon trap: reason=class_check action=maybe_recompile pc=0x0000000004c37d34 method=com.google.common.collect.ImmutableMap.copyOf(Ljava/lang/Iterable;)Lcom/google/common/collect/ImmutableMap; @ 53
Event: 407.998 Thread 0x000000001aac8000 Uncommon trap: reason=bimorphic action=maybe_recompile pc=0x0000000004d37e28 method=java.util.Collections$UnmodifiableCollection.contains(Ljava/lang/Object;)Z @ 5
Event: 407.999 Thread 0x000000001aac8000 Uncommon trap: reason=unstable_if action=reinterpret pc=0x00000000063fdf18 method=com.android.tools.r8.graph.DexString.<init>(Ljava/lang/String;)V @ 39
Event: 408.497 Thread 0x000000001aac2800 Uncommon trap: reason=class_check action=maybe_recompile pc=0x000000000393ce78 method=java.util.zip.InflaterInputStream.read([BII)I @ 100
Event: 408.713 Thread 0x000000001e9e3800 Uncommon trap: reason=unstable_if action=reinterpret pc=0x00000000060d01b4 method=java.text.SimpleDateFormat.zeroPaddingNumber(IIILjava/lang/StringBuffer;)V @ 41
Event: 446.308 Thread 0x000000001e9dc800 Uncommon trap: reason=class_check action=maybe_recompile pc=0x0000000006449260 method=java.lang.reflect.Array.newInstance(Ljava/lang/Class;I)Ljava/lang/Object; @ 2
Event: 446.335 Thread 0x000000001e9e3800 Uncommon trap: reason=class_check action=maybe_recompile pc=0x0000000004fd4694 method=org.gradle.internal.work.DefaultWorkerLeaseService$DefaultWorkerLease.acquireLock()Z @ 4
Event: 446.458 Thread 0x000000001e9e3800 Uncommon trap: reason=null_check action=make_not_entrant pc=0x0000000004fb831c method=java.lang.ThreadLocal$ThreadLocalMap.getEntryAfterMiss(Ljava/lang/ThreadLocal;ILjava/lang/ThreadLocal$ThreadLocalMap$Entry;)Ljava/lang/ThreadLocal$ThreadLocalMap$Entry; 
Event: 446.458 Thread 0x000000001e9e3800 Uncommon trap: reason=null_check action=make_not_entrant pc=0x00000000048c05a0 method=java.lang.ThreadLocal$ThreadLocalMap.getEntryAfterMiss(Ljava/lang/ThreadLocal;ILjava/lang/ThreadLocal$ThreadLocalMap$Entry;)Ljava/lang/ThreadLocal$ThreadLocalMap$Entry; 
Event: 446.459 Thread 0x000000001e9e3800 Uncommon trap: reason=null_check action=make_not_entrant pc=0x0000000004465e24 method=java.lang.ThreadLocal$ThreadLocalMap.getEntryAfterMiss(Ljava/lang/ThreadLocal;ILjava/lang/ThreadLocal$ThreadLocalMap$Entry;)Ljava/lang/ThreadLocal$ThreadLocalMap$Entry; 

Classes redefined (0 events):
No events

Internal exceptions (10 events):
Event: 405.884 Thread 0x000000001e9e3800 Implicit null exception at 0x0000000003bbb374 to 0x0000000003bbba49
Event: 406.134 Thread 0x000000001e9e3800 Implicit null exception at 0x00000000051077da to 0x0000000005109595
Event: 407.981 Thread 0x000000001aac8000 Exception <a 'sun/nio/fs/WindowsException'> (0x00000000e2940cc8) thrown at [D:\src\AOSP-openjdk-cygwin\jdk8u\hotspot\src\share\vm\prims\jni.cpp, line 710]
Event: 408.009 Thread 0x000000001aac8000 Exception <a 'sun/nio/fs/WindowsException'> (0x00000000e2b0a008) thrown at [D:\src\AOSP-openjdk-cygwin\jdk8u\hotspot\src\share\vm\prims\jni.cpp, line 710]
Event: 408.268 Thread 0x000000001aac7000 Exception <a 'sun/nio/fs/WindowsException'> (0x00000000e3ef9640) thrown at [D:\src\AOSP-openjdk-cygwin\jdk8u\hotspot\src\share\vm\prims\jni.cpp, line 710]
Event: 408.441 Thread 0x000000001e9dc800 Exception <a 'sun/nio/fs/WindowsException'> (0x00000000d60bd968) thrown at [D:\src\AOSP-openjdk-cygwin\jdk8u\hotspot\src\share\vm\prims\jni.cpp, line 710]
Event: 408.669 Thread 0x000000001e9e3800 Exception <a 'sun/nio/fs/WindowsException'> (0x00000000d6f6e3a8) thrown at [D:\src\AOSP-openjdk-cygwin\jdk8u\hotspot\src\share\vm\prims\jni.cpp, line 710]
Event: 446.458 Thread 0x000000001e9e3800 Implicit null exception at 0x0000000004fb7db4 to 0x0000000004fb82f9
Event: 446.458 Thread 0x000000001e9e3800 Implicit null exception at 0x00000000048c0083 to 0x00000000048c057d
Event: 446.459 Thread 0x000000001e9e3800 Implicit null exception at 0x00000000044659a4 to 0x0000000004465e01

Events (10 events):
Event: 446.686 Thread 0x000000001d292000 Thread added: 0x000000001d292000
Event: 446.686 Thread 0x000000001d293000 Thread added: 0x000000001d293000
Event: 446.686 Thread 0x000000001d293800 Thread added: 0x000000001d293800
Event: 446.686 Thread 0x000000001aabd800 Thread added: 0x000000001aabd800
Event: 446.688 Executing VM operation: RevokeBias
Event: 446.688 Executing VM operation: RevokeBias done
Event: 446.688 Executing VM operation: RevokeBias
Event: 446.689 Executing VM operation: RevokeBias done
Event: 446.692 Executing VM operation: RevokeBias
Event: 446.693 Executing VM operation: RevokeBias done


Dynamic libraries:
0x00007ff6b75c0000 - 0x00007ff6b75f1000 	D:\Программы\Новая папка\jre\bin\java.exe
0x00007ffba0020000 - 0x00007ffba0210000 	C:\WINDOWS\SYSTEM32\ntdll.dll
0x00007ffb9eaf0000 - 0x00007ffb9eba2000 	C:\WINDOWS\System32\KERNEL32.DLL
0x00007ffb9d100000 - 0x00007ffb9d3a3000 	C:\WINDOWS\System32\KERNELBASE.dll
0x00007ffb9fa80000 - 0x00007ffb9fb23000 	C:\WINDOWS\System32\ADVAPI32.dll
0x00007ffb9ed60000 - 0x00007ffb9edfe000 	C:\WINDOWS\System32\msvcrt.dll
0x00007ffb9ee00000 - 0x00007ffb9ee97000 	C:\WINDOWS\System32\sechost.dll
0x00007ffb9e9d0000 - 0x00007ffb9eaf0000 	C:\WINDOWS\System32\RPCRT4.dll
0x00007ffb9f290000 - 0x00007ffb9f424000 	C:\WINDOWS\System32\USER32.dll
0x00007ffb9e0a0000 - 0x00007ffb9e0c1000 	C:\WINDOWS\System32\win32u.dll
0x00007ffb9f000000 - 0x00007ffb9f026000 	C:\WINDOWS\System32\GDI32.dll
0x00007ffb9de00000 - 0x00007ffb9df94000 	C:\WINDOWS\System32\gdi32full.dll
0x00007ffb9db30000 - 0x00007ffb9dbce000 	C:\WINDOWS\System32\msvcp_win.dll
0x00007ffb9dfa0000 - 0x00007ffb9e09a000 	C:\WINDOWS\System32\ucrtbase.dll
0x00007ffb8c190000 - 0x00007ffb8c415000 	C:\WINDOWS\WinSxS\amd64_microsoft.windows.common-controls_6595b64144ccf1df_6.0.18362.657_none_e6c5b579130e3898\COMCTL32.dll
0x00007ffb9fc30000 - 0x00007ffb9ff66000 	C:\WINDOWS\System32\combase.dll
0x00007ffb9dbf0000 - 0x00007ffb9dc70000 	C:\WINDOWS\System32\bcryptPrimitives.dll
0x00007ffb9fbe0000 - 0x00007ffb9fc0e000 	C:\WINDOWS\System32\IMM32.DLL
0x0000000074ca0000 - 0x0000000074d72000 	D:\Программы\Новая папка\jre\jre\bin\msvcr100.dll
0x0000000074e60000 - 0x00000000756a6000 	D:\Программы\Новая папка\jre\jre\bin\server\jvm.dll
0x00007ffb9f1f0000 - 0x00007ffb9f1f8000 	C:\WINDOWS\System32\PSAPI.DLL
0x00007ffb997b0000 - 0x00007ffb997d4000 	C:\WINDOWS\SYSTEM32\WINMM.dll
0x00007ffb97d50000 - 0x00007ffb97d5a000 	C:\WINDOWS\SYSTEM32\VERSION.dll
0x00007ffb9b9e0000 - 0x00007ffb9b9e9000 	C:\WINDOWS\SYSTEM32\WSOCK32.dll
0x00007ffb9ff70000 - 0x00007ffb9ffdf000 	C:\WINDOWS\System32\WS2_32.dll
0x00007ffb99740000 - 0x00007ffb9976d000 	C:\WINDOWS\SYSTEM32\winmmbase.dll
0x00007ffb9dca0000 - 0x00007ffb9dcea000 	C:\WINDOWS\System32\cfgmgr32.dll
0x00007ffb99830000 - 0x00007ffb9983f000 	D:\Программы\Новая папка\jre\jre\bin\verify.dll
0x00007ffb99800000 - 0x00007ffb99829000 	D:\Программы\Новая папка\jre\jre\bin\java.dll
0x00007ffb984c0000 - 0x00007ffb984d6000 	D:\Программы\Новая папка\jre\jre\bin\zip.dll
0x00007ffb9e2e0000 - 0x00007ffb9e9c5000 	C:\WINDOWS\System32\SHELL32.dll
0x00007ffb9fb30000 - 0x00007ffb9fbd9000 	C:\WINDOWS\System32\shcore.dll
0x00007ffb9d3b0000 - 0x00007ffb9db2f000 	C:\WINDOWS\System32\windows.storage.dll
0x00007ffb9cf70000 - 0x00007ffb9cf8f000 	C:\WINDOWS\System32\profapi.dll
0x00007ffb9cf00000 - 0x00007ffb9cf4a000 	C:\WINDOWS\System32\powrprof.dll
0x00007ffb9cef0000 - 0x00007ffb9cf00000 	C:\WINDOWS\System32\UMPDC.dll
0x00007ffb9e280000 - 0x00007ffb9e2d2000 	C:\WINDOWS\System32\shlwapi.dll
0x00007ffb9cf50000 - 0x00007ffb9cf61000 	C:\WINDOWS\System32\kernel.appcore.dll
0x00007ffb9dbd0000 - 0x00007ffb9dbe7000 	C:\WINDOWS\System32\cryptsp.dll
0x00007ffb96590000 - 0x00007ffb965aa000 	D:\Программы\Новая папка\jre\jre\bin\net.dll
0x00007ffb9c760000 - 0x00007ffb9c7c7000 	C:\WINDOWS\system32\mswsock.dll
0x00007ffb96570000 - 0x00007ffb96581000 	D:\Программы\Новая папка\jre\jre\bin\nio.dll
0x00007ffb71240000 - 0x00007ffb71266000 	C:\Users\kozyr\.gradle\native\29\windows-amd64\native-platform.dll
0x00007ffb98350000 - 0x00007ffb9835d000 	D:\Программы\Новая папка\jre\jre\bin\management.dll
0x00007ffb9c2d0000 - 0x00007ffb9c303000 	C:\WINDOWS\system32\rsaenh.dll
0x00007ffb9dc70000 - 0x00007ffb9dc96000 	C:\WINDOWS\System32\bcrypt.dll
0x00007ffb9cde0000 - 0x00007ffb9ce05000 	C:\WINDOWS\SYSTEM32\USERENV.dll
0x00007ffb9c930000 - 0x00007ffb9c93c000 	C:\WINDOWS\SYSTEM32\CRYPTBASE.dll
0x00007ffb9c470000 - 0x00007ffb9c4aa000 	C:\WINDOWS\SYSTEM32\IPHLPAPI.DLL
0x00007ffb9f280000 - 0x00007ffb9f288000 	C:\WINDOWS\System32\NSI.dll
0x00007ffb8f920000 - 0x00007ffb8f936000 	C:\WINDOWS\SYSTEM32\dhcpcsvc6.DLL
0x00007ffb90c90000 - 0x00007ffb90cac000 	C:\WINDOWS\SYSTEM32\dhcpcsvc.DLL
0x00007ffb9c4b0000 - 0x00007ffb9c57a000 	C:\WINDOWS\SYSTEM32\DNSAPI.dll

VM Arguments:
jvm_args: -Xmx2048m -Dfile.encoding=windows-1251 -Duser.country=RU -Duser.language=ru -Duser.variant 
java_command: org.gradle.launcher.daemon.bootstrap.GradleDaemon 5.4.1
java_class_path (initial): C:\Users\kozyr\.gradle\wrapper\dists\gradle-5.4.1-all\3221gyojl5jsh0helicew7rwx\gradle-5.4.1\lib\gradle-launcher-5.4.1.jar
Launcher Type: SUN_STANDARD

Environment Variables:
PATH=C:\Python27\;C:\Python27\Scripts;C:\Program Files (x86)\Intel\iCLS Client\;C:\Program Files\Intel\iCLS Client\;C:\windows\system32;C:\windows;C:\windows\System32\Wbem;C:\windows\System32\WindowsPowerShell\v1.0\;C:\Program Files (x86)\Intel\Intel(R) Management Engine Components\DAL;C:\Program Files\Intel\Intel(R) Management Engine Components\DAL;C:\Program Files (x86)\Intel\Intel(R) Management Engine Components\IPT;C:\Program Files\Intel\Intel(R) Management Engine Components\IPT;C:\Program Files (x86)\NVIDIA Corporation\PhysX\Common;C:\Program Files\Intel\IntelSGXPSW\bin\x64\Release\;C:\Program Files\Intel\IntelSGXPSW\bin\win32\Release\;C:\Program Files (x86)\Skype\Phone\;C:\WINDOWS\system32;C:\WINDOWS;C:\WINDOWS\System32\Wbem;C:\WINDOWS\System32\WindowsPowerShell\v1.0\;C:\Program Files\Common Files\Autodesk Shared\;C:\Program Files (x86)\Autodesk\Backburner\;C:\Program Files (x86)\GtkSharp\2.12\bin;C:\WINDOWS\System32\OpenSSH\;C:\Program Files\nodejs\;C:\ProgramData\chocolatey\bin;C:\Users\kozyr\AppData\Local\Microsoft\WindowsApps;C:\Users\kozyr\AppData\Roaming\npm
USERNAME=kozyr
OS=Windows_NT
PROCESSOR_IDENTIFIER=Intel64 Family 6 Model 94 Stepping 3, GenuineIntel



---------------  S Y S T E M  ---------------

OS: Windows 10.0 , 64 bit Build 18362 (10.0.18362.329)

CPU:total 8 (initial active 8) (4 cores per cpu, 2 threads per core) family 6 model 94 stepping 3, cmov, cx8, fxsr, mmx, sse, sse2, sse3, ssse3, sse4.1, sse4.2, popcnt, avx, avx2, aes, clmul, erms, rtm, 3dnowpref, lzcnt, ht, tsc, tscinvbit, bmi1, bmi2, adx

Memory: 4k page, physical 8223456k(594264k free), swap 10320608k(5128k free)

vm_info: OpenJDK 64-Bit Server VM (25.202-b03) for windows-amd64 JRE (1.8.0_202-release-1483-b03), built by "builder" with MS VC++ 10.0 (VS2010)

time: Sat Mar 07 02:25:20 2020
timezone: RTZ 2 (зима)
elapsed time: 446 seconds (0d 0h 7m 26s)

