JvmtiExport can_access_local_variables 0
JvmtiExport can_hotswap_or_post_breakpoint 0
JvmtiExport can_post_on_exceptions 0
# 587 ciObject found
ciMethod java/lang/Object <init> ()V 4097 1 135033 0 0
ciMethod java/lang/Object hashCode ()I 2049 1 256 0 -1
ciMethod java/lang/Object equals (Ljava/lang/Object;)Z 2201 1 3673 0 -1
ciMethod java/lang/Object clone ()Ljava/lang/Object; 3073 1 384 0 -1
ciMethod java/lang/String <init> ([CII)V 3801 1 5641 0 704
ciMethod java/lang/String <init> ([BIILjava/lang/String;)V 3185 1 1021 0 -1
ciMethod java/lang/String <init> ([CZ)V 2049 1 10856 0 0
ciMethod java/lang/String length ()I 3129 1 87674 0 0
ciMethod java/lang/String charAt (I)C 4097 1 859155 0 -1
ciMethod java/lang/String codePointAt (I)I 1161 1 4624 0 -1
ciMethod java/lang/String getChars ([CI)V 3129 1 5560 0 0
ciMethod java/lang/String equals (Ljava/lang/Object;)Z 2153 10273 7944 0 -1
ciMethod java/lang/String equalsIgnoreCase (Ljava/lang/String;)Z 2049 1 5436 0 1760
ciMethod java/lang/String regionMatches (ZILjava/lang/String;II)Z 1593 625 3651 0 0
ciMethod java/lang/String startsWith (Ljava/lang/String;I)Z 2049 1961 5520 0 256
ciMethod java/lang/String startsWith (Ljava/lang/String;)Z 2113 1 12706 0 -1
ciMethod java/lang/String endsWith (Ljava/lang/String;)Z 3137 1 12452 0 0
ciMethod java/lang/String hashCode ()I 2857 32769 1035 0 288
ciMethod java/lang/String indexOf (I)I 2081 1 124956 0 -1
ciMethod java/lang/String indexOf (II)I 1313 57489 834 0 -1
ciMethod java/lang/String indexOfSupplementary (II)I 0 0 1 0 -1
ciMethod java/lang/String lastIndexOf (I)I 2089 1 13251 0 0
ciMethod java/lang/String lastIndexOf (II)I 1137 74777 1035 0 288
ciMethod java/lang/String lastIndexOfSupplementary (II)I 0 0 1 0 -1
ciMethod java/lang/String substring (II)Ljava/lang/String; 3889 1 5665 0 960
ciMethod java/lang/String concat (Ljava/lang/String;)Ljava/lang/String; 3105 1 5560 0 896
ciMethod java/lang/String replace (CC)Ljava/lang/String; 985 49337 1198 0 1152
ciMethod java/lang/String toUpperCase (Ljava/util/Locale;)Ljava/lang/String; 1241 31313 861 0 1952
ciMethod java/lang/ClassLoader preDefineClass (Ljava/lang/String;Ljava/security/ProtectionDomain;)Ljava/security/ProtectionDomain; 4097 1 1956 0 -1
ciMethod java/lang/ClassLoader defineClassSourceLocation (Ljava/security/ProtectionDomain;)Ljava/lang/String; 4097 1 1957 0 -1
ciMethod java/lang/ClassLoader postDefineClass (Ljava/lang/Class;Ljava/security/ProtectionDomain;)V 4097 1 1957 0 -1
ciMethod java/lang/ClassLoader defineClass (Ljava/lang/String;[BIILjava/security/ProtectionDomain;)Ljava/lang/Class; 3217 1 1865 0 -1
ciMethod java/lang/ClassLoader defineClass1 (Ljava/lang/String;[BIILjava/security/ProtectionDomain;Ljava/lang/String;)Ljava/lang/Class; 5129 1 641 0 -1
ciMethod java/lang/ClassLoader checkName (Ljava/lang/String;)Z 2065 1 5402 0 -1
ciMethod java/lang/ClassLoader checkCerts (Ljava/lang/String;Ljava/security/CodeSource;)V 4097 1 1957 0 -1
ciMethod java/lang/ClassLoader definePackage (Ljava/lang/String;Ljava/lang/String;Ljava/lang/String;Ljava/lang/String;Ljava/lang/String;Ljava/lang/String;Ljava/lang/String;Ljava/net/URL;)Ljava/lang/Package; 1225 1 308 0 0
ciMethod java/lang/ClassLoader getPackage (Ljava/lang/String;)Ljava/lang/Package; 2049 1 3475 0 0
ciMethod java/lang/System nanoTime ()J 2049 1 256 0 -1
ciMethod java/lang/System arraycopy (Ljava/lang/Object;ILjava/lang/Object;II)V 5121 1 640 0 -1
ciMethod java/lang/Throwable <init> (Ljava/lang/String;)V 2241 1 280 0 -1
ciMethod java/lang/Throwable addSuppressed (Ljava/lang/Throwable;)V 0 0 1 0 -1
ciMethod java/lang/Exception <init> (Ljava/lang/String;)V 2105 1 263 0 -1
ciMethod java/lang/RuntimeException <init> (Ljava/lang/String;)V 153 1 20 0 -1
ciMethod java/security/ProtectionDomain <init> (Ljava/security/CodeSource;Ljava/security/PermissionCollection;Ljava/lang/ClassLoader;[Ljava/security/Principal;)V 417 1 106 0 -1
ciMethod java/security/ProtectionDomain getCodeSource ()Ljava/security/CodeSource; 1033 1 129 0 -1
ciMethod java/security/SecureClassLoader defineClass (Ljava/lang/String;[BIILjava/security/CodeSource;)Ljava/lang/Class; 3217 1 1793 0 0
ciMethod java/security/SecureClassLoader defineClass (Ljava/lang/String;Ljava/nio/ByteBuffer;Ljava/security/CodeSource;)Ljava/lang/Class; 0 0 1 0 -1
ciMethod java/security/SecureClassLoader getPermissions (Ljava/security/CodeSource;)Ljava/security/PermissionCollection; 561 1 68 0 -1
ciMethod java/security/SecureClassLoader getProtectionDomain (Ljava/security/CodeSource;)Ljava/security/ProtectionDomain; 3217 1 1865 0 -1
ciMethod java/lang/NoClassDefFoundError <init> (Ljava/lang/String;)V 9 1 1 0 -1
ciMethod java/lang/ref/Reference get ()Ljava/lang/Object; 2065 1 258 0 -1
ciMethod java/lang/ref/Reference <init> (Ljava/lang/Object;)V 3073 1 2936 0 0
ciMethod java/lang/ref/Reference <init> (Ljava/lang/Object;Ljava/lang/ref/ReferenceQueue;)V 3097 1 11195 0 96
ciMethod java/lang/ref/SoftReference <init> (Ljava/lang/Object;)V 2049 1 1160 0 0
ciMethod java/lang/ref/SoftReference get ()Ljava/lang/Object; 3073 1 4926 0 0
ciMethod java/lang/Thread currentThread ()Ljava/lang/Thread; 2049 1 256 0 -1
ciMethod java/lang/Thread interrupt ()V 0 0 1 0 -1
ciMethod java/lang/Thread interrupted ()Z 4097 1 1963 0 -1
ciMethod java/util/Map get (Ljava/lang/Object;)Ljava/lang/Object; 0 0 1 0 -1
ciMethod java/util/Map put (Ljava/lang/Object;Ljava/lang/Object;)Ljava/lang/Object; 0 0 1 0 -1
ciMethod java/util/Hashtable <init> (IF)V 2049 1 402 0 0
ciMethod java/util/Hashtable <init> (I)V 673 1 84 0 0
ciMethod java/util/Hashtable <init> ()V 2545 1 318 0 0
ciMethod java/util/Dictionary <init> ()V 2049 1 402 0 0
ciMethod java/lang/StringBuilder <init> ()V 689 1 7788 0 -1
ciMethod java/lang/StringBuilder append (Ljava/lang/Object;)Ljava/lang/StringBuilder; 817 1 421 0 -1
ciMethod java/lang/StringBuilder append (Ljava/lang/String;)Ljava/lang/StringBuilder; 1281 1 13169 0 -1
ciMethod java/lang/StringBuilder append (I)Ljava/lang/StringBuilder; 1 1 407 0 -1
ciMethod java/lang/StringBuilder append (F)Ljava/lang/StringBuilder; 0 0 1 0 -1
ciMethod java/lang/StringBuilder toString ()Ljava/lang/String; 729 1 9892 0 -1
ciMethod sun/misc/Unsafe ensureClassInitialized (Ljava/lang/Class;)V 1153 1 142 0 -1
ciMethod java/io/ByteArrayInputStream <init> ([B)V 49 1 84 0 0
ciMethod java/io/InputStream <init> ()V 2049 1 5016 0 0
ciMethod java/io/InputStream read ([BII)I 9 1521 1 0 -1
ciMethod java/io/InputStream close ()V 0 0 1 0 -1
ciMethod java/net/URLClassLoader getAndVerifyPackage (Ljava/lang/String;Ljava/util/jar/Manifest;Ljava/net/URL;)Ljava/lang/Package; 4097 1 1819 0 0
ciMethod java/net/URLClassLoader definePackageInternal (Ljava/lang/String;Ljava/util/jar/Manifest;Ljava/net/URL;)V 3209 1 1793 0 0
ciMethod java/net/URLClassLoader defineClass (Ljava/lang/String;Lsun/misc/Resource;)Ljava/lang/Class; 1161 1 1793 0 0
ciMethod java/net/URLClassLoader definePackage (Ljava/lang/String;Ljava/util/jar/Manifest;Ljava/net/URL;)Ljava/lang/Package; 1225 1 307 0 0
ciMethod java/net/URLClassLoader isSealed (Ljava/lang/String;Ljava/util/jar/Manifest;)Z 2049 1 1511 0 0
ciMethod java/net/URLClassLoader access$000 (Ljava/net/URLClassLoader;)Lsun/misc/URLClassPath; 1137 1 142 0 0
ciMethod java/net/URLClassLoader access$100 (Ljava/net/URLClassLoader;Ljava/lang/String;Lsun/misc/Resource;)Ljava/lang/Class; 1161 1 1784 0 0
ciMethod java/net/URL getRef ()Ljava/lang/String; 1049 1 131 0 -1
ciMethod java/net/URL equals (Ljava/lang/Object;)Z 3073 1 1891 0 -1
ciMethod java/util/jar/Manifest <init> (Ljava/io/InputStream;)V 169 1 65 0 0
ciMethod java/util/jar/Manifest <init> (Ljava/util/jar/JarVerifier;Ljava/io/InputStream;)V 217 1 147 0 0
ciMethod java/util/jar/Manifest getMainAttributes ()Ljava/util/jar/Attributes; 1025 1 128 0 0
ciMethod java/util/jar/Manifest getEntries ()Ljava/util/Map; 1025 1 128 0 0
ciMethod java/util/jar/Manifest getAttributes (Ljava/lang/String;)Ljava/util/jar/Attributes; 4089 1 1827 0 0
ciMethod java/util/jar/Manifest getTrustedAttributes (Ljava/lang/String;)Ljava/util/jar/Attributes; 2969 1 1841 0 0
ciMethod java/util/jar/Manifest read (Ljava/io/InputStream;)V 1193 97 147 0 -1
ciMethod java/util/jar/Manifest parseName ([BI)Ljava/lang/String; 97 1 12 0 -1
ciMethod java/security/CodeSource <init> (Ljava/net/URL;[Ljava/security/CodeSigner;)V 3209 1 1793 0 0
ciMethod java/lang/Character charCount (I)I 1569 1 7880 0 -1
ciMethod java/lang/Character toChars (I[CI)I 0 0 1 0 -1
ciMethod java/lang/Character toChars (I)[C 0 0 1 0 -1
ciMethod java/lang/Character toLowerCase (C)C 3081 1 13461 0 0
ciMethod java/lang/Character toLowerCase (I)I 4097 1 114922 0 352
ciMethod java/lang/Character toUpperCase (C)C 2049 1 12527 0 320
ciMethod java/lang/Character toUpperCase (I)I 2049 1 12529 0 0
ciMethod java/lang/Character toUpperCaseEx (I)I 2097 1 30314 0 -1
ciMethod java/lang/Character toUpperCaseCharArray (I)[C 0 0 1 0 -1
ciMethod java/lang/Float isNaN (F)Z 2089 1 2162 0 0
ciMethod java/lang/Float floatToRawIntBits (F)I 9 1 1 0 -1
ciMethod java/lang/NullPointerException <init> (Ljava/lang/String;)V 0 0 1 0 -1
ciMethod java/util/Comparator compare (Ljava/lang/Object;Ljava/lang/Object;)I 0 0 1 0 -1
ciMethod java/security/AccessController doPrivileged (Ljava/security/PrivilegedAction;)Ljava/lang/Object; 2049 1 256 0 -1
ciMethod java/util/AbstractList <init> ()V 2065 1 5599 0 0
ciMethod java/util/AbstractCollection <init> ()V 417 1 8632 0 0
ciMethod java/util/ArrayList <init> ()V 937 1 2419 0 0
ciMethod java/util/ArrayList get (I)Ljava/lang/Object; 2033 1 6468 0 -1
ciMethod java/util/AbstractMap <init> ()V 473 1 2969 0 0
ciMethod sun/misc/SharedSecrets javaUtilJarAccess ()Lsun/misc/JavaUtilJarAccess; 2049 1 3817 0 0
ciMethod java/util/HashMap hash (Ljava/lang/Object;)I 2129 1 19977 0 160
ciMethod java/util/HashMap tableSizeFor (I)I 2049 1 1250 0 -1
ciMethod java/util/HashMap <init> (IF)V 2049 1 1244 0 0
ciMethod java/util/HashMap <init> (I)V 2057 1 627 0 0
ciMethod java/util/HashMap <init> ()V 177 1 1065 0 0
ciMethod java/util/HashMap get (Ljava/lang/Object;)Ljava/lang/Object; 2049 1 11590 0 576
ciMethod java/util/HashMap getNode (ILjava/lang/Object;)Ljava/util/HashMap$Node; 2177 25 5420 0 544
ciMethod java/util/HashMap put (Ljava/lang/Object;Ljava/lang/Object;)Ljava/lang/Object; 905 1 6272 0 224
ciMethod java/util/HashMap putVal (ILjava/lang/Object;Ljava/lang/Object;ZZ)Ljava/lang/Object; 937 33 5519 0 1120
ciMethod java/util/HashMap resize ()[Ljava/util/HashMap$Node; 369 249 1694 0 -1
ciMethod java/util/HashMap treeifyBin ([Ljava/util/HashMap$Node;I)V 0 0 1 0 -1
ciMethod java/util/HashMap newNode (ILjava/lang/Object;Ljava/lang/Object;Ljava/util/HashMap$Node;)Ljava/util/HashMap$Node; 3145 1 5535 0 224
ciMethod java/util/HashMap afterNodeAccess (Ljava/util/HashMap$Node;)V 2057 1 1238 0 0
ciMethod java/util/HashMap afterNodeInsertion (Z)V 3145 1 1417 0 0
ciMethod java/util/HashMap$Node <init> (ILjava/lang/Object;Ljava/lang/Object;Ljava/util/HashMap$Node;)V 3497 1 12088 0 0
ciMethod sun/misc/VM allowArraySyntax ()Z 2065 1 5402 0 -1
ciMethod java/lang/Math max (II)I 537 1 49638 0 -1
ciMethod java/lang/Math min (II)I 3777 1 41822 0 -1
ciMethod java/lang/Math min (FF)F 2057 1 430 0 0
ciMethod java/util/Arrays copyOf ([BI)[B 2065 1 10119 0 -1
ciMethod java/util/Arrays copyOf ([CI)[C 961 1 14946 0 0
ciMethod java/util/Arrays copyOfRange ([CII)[C 3745 1 5639 0 512
ciMethod java/util/Objects requireNonNull (Ljava/lang/Object;Ljava/lang/String;)Ljava/lang/Object; 2113 1 581 0 -1
ciMethod java/io/OutputStream <init> ()V 2049 1 262 0 0
ciMethod java/io/PrintStream println (Ljava/lang/String;)V 0 0 1 0 -1
ciMethodData java/lang/Object <init> ()V 2 135035 orig 264 8 206 64 117 0 0 0 0 128 4 12 23 0 0 0 0 32 1 0 0 0 0 0 0 0 0 0 0 0 0 0 0 0 0 0 0 0 0 0 0 0 0 0 0 0 0 0 0 0 0 0 0 0 0 0 0 0 0 0 0 0 0 0 0 0 0 0 0 0 0 0 0 0 0 0 0 0 0 0 0 77 68 79 32 101 120 116 114 97 32 100 97 116 97 32 108 111 99 107 0 0 0 0 0 0 0 0 0 0 0 0 0 0 0 0 0 0 0 0 0 0 0 0 0 0 0 0 0 0 0 0 0 0 0 0 0 0 0 0 0 0 0 0 0 0 0 0 0 0 0 0 0 0 0 0 0 0 0 0 0 0 0 0 0 0 0 0 0 0 0 0 0 0 0 0 0 0 0 0 0 0 0 0 0 1 0 0 0 0 0 0 0 1 0 0 0 0 0 0 0 1 0 0 0 0 0 0 0 0 0 0 0 0 0 0 0 0 2 0 0 217 107 16 0 1 0 0 0 0 0 0 0 0 0 0 0 2 0 0 0 0 0 3 0 1 0 0 0 0 0 0 0 255 255 255 255 0 0 0 0 0 0 0 0 data 0 oops 0
ciMethod java/lang/IllegalArgumentException <init> (Ljava/lang/String;)V 0 0 1 0 -1
ciMethod sun/security/util/Debug println (Ljava/lang/String;)V 0 0 1 0 -1
ciMethod sun/misc/MetaIndex mayContain (Ljava/lang/String;)Z 2465 3809 3468 0 -1
ciMethod java/util/Locale getLanguage ()Ljava/lang/String; 585 1 1405 0 -1
ciMethodData java/lang/String charAt (I)C 2 863037 orig 264 8 206 64 117 0 0 0 0 176 61 12 23 0 0 0 0 120 1 0 0 32 0 0 0 0 0 0 0 0 0 0 0 0 0 0 0 0 0 0 0 0 0 0 0 0 0 0 0 0 0 0 0 0 0 0 0 0 0 0 0 0 0 0 0 0 0 0 0 0 0 0 0 0 0 0 0 0 0 0 0 77 68 79 32 101 120 116 114 97 32 100 97 116 97 32 108 111 99 107 0 0 0 0 0 0 0 0 0 0 0 0 0 0 0 0 0 0 0 0 0 0 0 0 0 0 0 0 0 0 0 0 0 0 0 0 0 0 0 0 0 0 0 0 0 0 0 0 0 0 0 0 0 0 0 0 0 0 0 0 0 0 0 0 0 0 0 0 0 0 0 0 0 0 0 0 0 0 0 0 0 0 0 0 0 0 0 0 0 0 0 0 0 0 0 0 0 0 0 0 0 0 0 0 0 0 0 0 0 0 0 0 0 0 0 0 0 0 2 0 0 233 73 105 0 1 0 0 0 0 0 0 0 0 0 0 0 2 0 0 0 0 0 8 0 2 0 0 0 80 0 0 0 255 255 255 255 7 0 1 0 0 0 0 0 data 10 0x10007 0x0 0x40 0xd293d 0xa0007 0xd293d 0x30 0x0 0x120002 0x0 oops 0
ciMethod java/lang/CharacterData toLowerCase (I)I 0 0 1 0 -1
ciMethod java/lang/CharacterData toUpperCase (I)I 0 0 1 0 -1
ciMethod java/lang/CharacterData of (I)Ljava/lang/CharacterData; 4097 1 7517 0 160
ciMethod java/lang/CharacterDataLatin1 getProperties (I)I 4097 1 28479 0 -1
ciMethod java/lang/CharacterDataLatin1 toLowerCase (I)I 4097 1 5652 0 160
ciMethod java/lang/CharacterDataLatin1 toUpperCase (I)I 3089 1 5689 0 160
ciMethod java/lang/CharacterData00 getProperties (I)I 4097 1 817 0 -1
ciMethod java/lang/CharacterData00 toLowerCase (I)I 4097 1 817 0 -1
ciMethod java/util/HashMap$TreeNode getTreeNode (ILjava/lang/Object;)Ljava/util/HashMap$TreeNode; 0 0 1 0 -1
ciMethod java/util/HashMap$TreeNode putTreeVal (Ljava/util/HashMap;[Ljava/util/HashMap$Node;ILjava/lang/Object;Ljava/lang/Object;)Ljava/util/HashMap$TreeNode; 0 0 1 0 -1
ciMethod java/util/HashMap$TreeNode split (Ljava/util/HashMap;[Ljava/util/HashMap$Node;II)V 0 0 1 0 -1
ciMethodData java/lang/Character toLowerCase (I)I 2 114922 orig 264 8 206 64 117 0 0 0 0 120 198 21 23 0 0 0 0 136 1 0 0 0 0 0 0 0 0 0 0 0 0 0 0 0 0 0 0 0 0 0 0 0 0 0 0 0 0 0 0 0 0 0 0 0 0 0 0 0 0 0 0 0 0 0 0 0 0 0 0 0 0 0 0 0 0 0 0 0 0 0 0 77 68 79 32 101 120 116 114 97 32 100 97 116 97 32 108 111 99 107 0 0 0 0 0 0 0 0 0 0 0 0 0 0 0 0 0 0 0 0 0 0 0 0 0 0 0 0 0 0 0 0 0 0 0 0 0 0 0 0 0 0 0 0 0 0 0 0 0 0 0 0 0 0 0 0 0 0 0 0 0 0 0 0 0 0 0 0 0 0 0 0 0 0 0 0 0 0 0 0 0 0 0 0 0 0 0 0 0 0 0 0 0 0 0 0 0 0 0 0 0 0 0 0 0 0 0 0 0 0 0 0 0 0 0 0 0 0 2 0 0 81 247 13 0 1 0 0 0 0 0 0 0 0 0 0 0 2 0 0 0 0 0 3 0 2 0 0 0 64 0 0 0 255 255 255 255 2 0 1 0 0 0 0 0 data 8 0x10002 0x1beea 0x50005 0x0 0x1a811a10 0xec 0x1a80ff30 0x1bdfe oops 2 4 java/lang/CharacterData00 6 java/lang/CharacterDataLatin1
ciMethodData java/lang/CharacterData of (I)Ljava/lang/CharacterData; 2 7517 orig 264 8 206 64 117 0 0 0 0 88 144 39 23 0 0 0 0 112 2 0 0 0 0 0 0 0 0 0 0 0 0 0 0 0 0 0 0 0 0 0 0 0 0 0 0 0 0 0 0 0 0 0 0 0 0 0 0 0 0 0 0 0 0 0 0 0 0 0 0 0 0 0 0 0 0 0 0 0 0 0 0 77 68 79 32 101 120 116 114 97 32 100 97 116 97 32 108 111 99 107 0 0 0 0 0 0 0 0 0 0 0 0 0 0 0 0 0 0 0 0 0 0 0 0 0 0 0 0 0 0 0 0 0 0 0 0 0 0 0 0 0 0 0 0 0 0 0 0 0 0 0 0 0 0 0 0 0 0 0 0 0 0 0 0 0 0 0 0 0 0 0 0 0 0 0 0 0 0 0 0 0 0 0 0 0 0 0 0 0 0 0 0 0 0 0 0 0 0 0 0 0 0 0 0 0 0 0 0 0 0 0 0 0 0 0 0 0 0 2 0 0 233 218 0 0 1 0 0 0 0 0 0 0 0 0 0 0 2 0 0 0 0 0 13 0 2 0 0 0 80 1 0 0 255 255 255 255 7 0 4 0 0 0 0 0 data 42 0x40007 0xec 0x20 0x1a71 0xf0008 0x24 0x0 0x130 0x2e 0x130 0x0 0x130 0x0 0x130 0x0 0x130 0x0 0x130 0x0 0x130 0x0 0x130 0x0 0x130 0x0 0x130 0x0 0x130 0x0 0x130 0x0 0x130 0x0 0x130 0x0 0x130 0x0 0x130 0x0 0x130 0x0 0x130 oops 0
ciMethod java/net/URLStreamHandler equals (Ljava/net/URL;Ljava/net/URL;)Z 3073 1 1891 0 -1
ciMethod java/net/URLStreamHandler sameFile (Ljava/net/URL;Ljava/net/URL;)Z 3097 1 1891 0 -1
ciMethodData java/lang/String hashCode ()I 2 21268 orig 264 8 206 64 117 0 0 0 0 0 80 12 23 0 0 0 0 152 1 0 0 32 0 0 0 0 0 0 0 0 0 0 0 0 0 0 0 0 0 0 0 0 0 0 0 0 0 0 0 0 0 0 0 0 0 0 0 0 0 0 0 0 0 0 0 0 0 0 0 0 0 0 0 0 0 0 0 0 0 0 0 77 68 79 32 101 120 116 114 97 32 100 97 116 97 32 108 111 99 107 0 0 0 0 0 0 0 0 0 0 0 0 0 0 0 0 0 0 0 0 0 0 0 0 0 0 0 0 0 0 0 0 0 0 0 0 0 0 0 0 0 0 0 0 0 0 0 0 0 0 0 0 0 0 0 0 0 0 0 0 0 0 0 0 0 0 0 0 0 0 0 0 0 0 0 0 0 0 0 0 0 0 0 0 0 0 0 0 0 0 0 0 0 0 0 0 0 0 0 0 0 0 0 0 0 0 0 0 0 0 0 0 0 0 0 0 0 0 16 0 0 49 21 0 0 161 24 2 0 0 0 0 0 0 0 0 0 2 0 0 0 1 0 11 0 2 0 0 0 120 0 0 0 255 255 255 255 7 0 6 0 0 0 0 0 data 15 0x60007 0xf6 0x78 0x1b0 0xe0007 0x4 0x58 0x1ac 0x1e0007 0x1ac 0x38 0x42f9 0x2d0003 0x42f9 0xffffffffffffffe0 oops 0
ciMethod java/util/HashSet <init> ()V 17 1 329 0 -1
ciMethod sun/misc/URLClassPath getResource (Ljava/lang/String;Z)Lsun/misc/Resource; 1905 16721 1614 0 640
ciMethod sun/misc/URLClassPath getLookupCacheForClassLoader (Ljava/lang/ClassLoader;Ljava/lang/String;)[I 0 0 1 0 -1
ciMethod sun/misc/URLClassPath getLookupCache (Ljava/lang/String;)[I 1953 1 1664 0 0
ciMethod sun/misc/URLClassPath ensureLoaderOpened (I)Z 0 0 1 0 -1
ciMethod sun/misc/URLClassPath getNextLoader ([II)Lsun/misc/URLClassPath$Loader; 2537 1 6893 0 5920
ciMethod sun/misc/URLClassPath getLoader (I)Lsun/misc/URLClassPath$Loader; 2169 121 6791 0 -1
ciMethod java/net/URLClassLoader$1 run ()Ljava/lang/Class; 3145 1 5513 0 0
ciMethod java/net/URLClassLoader$1 run ()Ljava/lang/Object; 3145 1 5513 0 -1
ciMethod sun/misc/URLClassPath$JarLoader ensureOpen ()V 721 1 5719 3 -1
ciMethod sun/misc/URLClassPath$JarLoader checkResource (Ljava/lang/String;ZLjava/util/jar/JarEntry;)Lsun/misc/Resource; 217 1 499 0 -1
ciMethod sun/misc/URLClassPath$JarLoader getResource (Ljava/lang/String;Z)Lsun/misc/Resource; 3121 1 8720 0 6528
ciMethod sun/misc/URLClassPath$JarLoader getResource (Ljava/lang/String;ZLjava/util/Set;)Lsun/misc/Resource; 1 1 1429 0 -1
ciMethod sun/misc/URLClassPath$JarLoader access$600 (Lsun/misc/URLClassPath$JarLoader;)Ljava/net/URL; 1025 1 128 0 0
ciMethod sun/misc/URLClassPath$JarLoader access$700 (Lsun/misc/URLClassPath$JarLoader;)Ljava/util/jar/JarFile; 1041 1 130 0 0
ciMethod sun/misc/URLClassPath$Loader getBaseURL ()Ljava/net/URL; 1025 1 128 0 -1
ciMethod sun/misc/URLClassPath$Loader getResource (Ljava/lang/String;Z)Lsun/misc/Resource; 0 0 1 0 -1
ciMethod java/util/zip/ZipFile getEntry (Ljava/lang/String;)Ljava/util/zip/ZipEntry; 729 1 5538 0 3520
ciMethod java/util/zip/ZipFile getEntry (J[BZ)J 4097 1 512 0 -1
ciMethod java/util/zip/ZipFile freeEntry (JJ)V 2049 1 256 0 -1
ciMethod java/util/zip/ZipFile getInputStream (Ljava/util/zip/ZipEntry;)Ljava/io/InputStream; 2049 1 2333 0 0
ciMethod java/util/zip/ZipFile getInflater ()Ljava/util/zip/Inflater; 2041 1 2348 0 -1
ciMethod 